<?xml version="1.0" encoding="UTF-8"?>
<!-- Generated by org.testng.reporters.JUnitXMLReporter -->
<testsuite hostname="HAEI-GDC-025" failures="0" tests="3" name="Create Account" time="58.955" errors="0" timestamp="27 Jun 2023 08:51:42 GMT">
  <testcase classname="testcases.TC001_CreateAccount" name="verifyCreateAccount" time="1.761"/>
  <testcase classname="testcases.TC001_CreateAccount" name="clickTermsOfServiceLink" time="9.139"/>
  <testcase classname="testcases.TC001_CreateAccount" name="clickPrivacyPolicyLink" time="30.441"/>
</testsuite> <!-- Create Account -->
