<?xml version="1.0" encoding="UTF-8"?>
<!-- Generated by org.testng.reporters.JUnitXMLReporter -->
<testsuite hostname="HAEI-GDC-025" failures="1" tests="11" name="Locations" time="1014.031" errors="0" timestamp="16 Jun 2023 09:18:59 GMT">
  <testcase classname="testcases.TC009_Locations" name="LocationsSearchIsPresent" time="40.293"/>
  <testcase classname="testcases.TC009_Locations" name="LocationsVehicleCurrentLocation" time="39.145"/>
  <testcase classname="testcases.TC009_Locations" name="LocationsSavePOI" time="58.723"/>
  <testcase classname="testcases.TC009_Locations" name="LocationsDeletePOI" time="63.857"/>
  <testcase classname="testcases.TC009_Locations" name="LocationsSavePOISendToVehiclenDelete" time="95.02"/>
  <testcase classname="testcases.TC009_Locations" name="LocationsAddTags" time="174.277"/>
  <testcase classname="testcases.TC009_Locations" name="deleteTheTags" time="59.4"/>
  <testcase classname="testcases.TC009_Locations" name="LocationsMergeTrips" time="178.711">
    <failure type="java.lang.RuntimeException" message="FAILED">
      <![CDATA[java.lang.RuntimeException: FAILED
	at utils.Reporter.reportStep(Reporter.java:36)
	at utils.Reporter.reportStep(Reporter.java:46)
	at wrappers.GenericWrappers.waitUntilElementVisisble(GenericWrappers.java:198)
	at pages.P9_Locations.mergeTrips(P9_Locations.java:136)
	at testcases.TC009_Locations.LocationsMergeTrips(TC009_Locations.java:130)
... Removed 24 stack frames]]>
    </failure>
  </testcase> <!-- LocationsMergeTrips -->
  <testcase classname="testcases.TC009_Locations" name="LocationsAddTagsForMergedTrips" time="63.63"/>
  <testcase classname="testcases.TC009_Locations" name="deleteTheTagsForMergedTrip" time="56.615"/>
  <testcase classname="testcases.TC009_Locations" name="LocationsUnmergeTrips" time="130.956"/>
</testsuite> <!-- Locations -->
