<?xml version="1.0" encoding="UTF-8"?>
<!-- Generated by org.testng.reporters.JUnitXMLReporter -->
<testsuite ignored="0" hostname="IND-CHN-LT10158" failures="1" tests="2" name="Login" time="28.553" errors="0" timestamp="2023-07-10T19:08:28 IST">
  <testcase classname="wrappers.KMABase" name="@AfterMethod afterMethod" time="1.219">
    <failure type="java.lang.StackOverflowError">
      <![CDATA[java.lang.StackOverflowError
at java.base/java.lang.StringBuilder.append(StringBuilder.java:209)
at java.base/java.lang.StringBuilder.append(StringBuilder.java:91)
at java.base/java.util.Formatter$FormatSpecifier.appendJustified(Formatter.java:3093)
at java.base/java.util.Formatter$FormatSpecifier.print(Formatter.java:3083)
at java.base/java.util.Formatter$FormatSpecifier.printString(Formatter.java:3056)
at java.base/java.util.Formatter$FormatSpecifier.print(Formatter.java:2933)
at java.base/java.util.Formatter.format(Formatter.java:2689)
at java.base/java.util.Formatter.format(Formatter.java:2625)
at java.base/java.lang.String.format(String.java:4143)
at org.openqa.selenium.remote.RemoteWebDriver.execute(RemoteWebDriver.java:583)
at org.openqa.selenium.remote.RemoteWebDriver.execute(RemoteWebDriver.java:643)
at org.openqa.selenium.remote.RemoteWebDriver.getScreenshotAs(RemoteWebDriver.java:328)
at wrappers.GenericWrappers.takeSnap(GenericWrappers.java:858)
at utils.Reporter.reportStep(Reporter.java:23)
at utils.Reporter.reportStep(Reporter.java:46)
at wrappers.GenericWrappers.takeSnap(GenericWrappers.java:860)
at utils.Reporter.reportStep(Reporter.java:23)
at utils.Reporter.reportStep(Reporter.java:46)
at wrappers.GenericWrappers.takeSnap(GenericWrappers.java:860)
at utils.Reporter.reportStep(Reporter.java:23)
at utils.Reporter.reportStep(Reporter.java:46)
at wrappers.GenericWrappers.takeSnap(GenericWrappers.java:860)
at utils.Reporter.reportStep(Reporter.java:23)
at utils.Reporter.reportStep(Reporter.java:46)
at wrappers.GenericWrappers.takeSnap(GenericWrappers.java:860)
at utils.Reporter.reportStep(Reporter.java:23)
at utils.Reporter.reportStep(Reporter.java:46)
at wrappers.GenericWrappers.takeSnap(GenericWrappers.java:860)
at utils.Reporter.reportStep(Reporter.java:23)
at utils.Reporter.reportStep(Reporter.java:46)
at wrappers.GenericWrappers.takeSnap(GenericWrappers.java:860)
at utils.Reporter.reportStep(Reporter.java:23)
at utils.Reporter.reportStep(Reporter.java:46)
at wrappers.GenericWrappers.takeSnap(GenericWrappers.java:860)
at utils.Reporter.reportStep(Reporter.java:23)
at utils.Reporter.reportStep(Reporter.java:46)
at wrappers.GenericWrappers.takeSnap(GenericWrappers.java:860)
at utils.Reporter.reportStep(Reporter.java:23)
at utils.Reporter.reportStep(Reporter.java:46)
at wrappers.GenericWrappers.takeSnap(GenericWrappers.java:860)
at utils.Reporter.reportStep(Reporter.java:23)
at utils.Reporter.reportStep(Reporter.java:46)
at wrappers.GenericWrappers.takeSnap(GenericWrappers.java:860)
at utils.Reporter.reportStep(Reporter.java:23)
at utils.Reporter.reportStep(Reporter.java:46)
at wrappers.GenericWrappers.takeSnap(GenericWrappers.java:860)
at utils.Reporter.reportStep(Reporter.java:23)
at utils.Reporter.reportStep(Reporter.java:46)
at wrappers.GenericWrappers.takeSnap(GenericWrappers.java:860)
at utils.Reporter.reportStep(Reporter.java:23)
at utils.Reporter.reportStep(Reporter.java:46)
at wrappers.GenericWrappers.takeSnap(GenericWrappers.java:860)
at utils.Reporter.reportStep(Reporter.java:23)
at utils.Reporter.reportStep(Reporter.java:46)
at wrappers.GenericWrappers.takeSnap(GenericWrappers.java:860)
at utils.Reporter.reportStep(Reporter.java:23)
at utils.Reporter.reportStep(Reporter.java:46)
at wrappers.GenericWrappers.takeSnap(GenericWrappers.java:860)
at utils.Reporter.reportStep(Reporter.java:23)
at utils.Reporter.reportStep(Reporter.java:46)
at wrappers.GenericWrappers.takeSnap(GenericWrappers.java:860)
at utils.Reporter.reportStep(Reporter.java:23)
at utils.Reporter.reportStep(Reporter.java:46)
at wrappers.GenericWrappers.takeSnap(GenericWrappers.java:860)
at utils.Reporter.reportStep(Reporter.java:23)
at utils.Reporter.reportStep(Reporter.java:46)
at wrappers.GenericWrappers.takeSnap(GenericWrappers.java:860)
at utils.Reporter.reportStep(Reporter.java:23)
at utils.Reporter.reportStep(Reporter.java:46)
at wrappers.GenericWrappers.takeSnap(GenericWrappers.java:860)
at utils.Reporter.reportStep(Reporter.java:23)
at utils.Reporter.reportStep(Reporter.java:46)
at wrappers.GenericWrappers.takeSnap(GenericWrappers.java:860)
at utils.Reporter.reportStep(Reporter.java:23)
at utils.Reporter.reportStep(Reporter.java:46)
at wrappers.GenericWrappers.takeSnap(GenericWrappers.java:860)
at utils.Reporter.reportStep(Reporter.java:23)
at utils.Reporter.reportStep(Reporter.java:46)
at wrappers.GenericWrappers.takeSnap(GenericWrappers.java:860)
at utils.Reporter.reportStep(Reporter.java:23)
at utils.Reporter.reportStep(Reporter.java:46)
at wrappers.GenericWrappers.takeSnap(GenericWrappers.java:860)
at utils.Reporter.reportStep(Reporter.java:23)
at utils.Reporter.reportStep(Reporter.java:46)
at wrappers.GenericWrappers.takeSnap(GenericWrappers.java:860)
at utils.Reporter.reportStep(Reporter.java:23)
at utils.Reporter.reportStep(Reporter.java:46)
at wrappers.GenericWrappers.takeSnap(GenericWrappers.java:860)
at utils.Reporter.reportStep(Reporter.java:23)
at utils.Reporter.reportStep(Reporter.java:46)
at wrappers.GenericWrappers.takeSnap(GenericWrappers.java:860)
at utils.Reporter.reportStep(Reporter.java:23)
at utils.Reporter.reportStep(Reporter.java:46)
at wrappers.GenericWrappers.takeSnap(GenericWrappers.java:860)
at utils.Reporter.reportStep(Reporter.java:23)
at utils.Reporter.reportStep(Reporter.java:46)
at wrappers.GenericWrappers.takeSnap(GenericWrappers.java:860)
at utils.Reporter.reportStep(Reporter.java:23)
at utils.Reporter.reportStep(Reporter.java:46)
at wrappers.GenericWrappers.takeSnap(GenericWrappers.java:860)
at utils.Reporter.reportStep(Reporter.java:23)
at utils.Reporter.reportStep(Reporter.java:46)
at wrappers.GenericWrappers.takeSnap(GenericWrappers.java:860)
at utils.Reporter.reportStep(Reporter.java:23)
at utils.Reporter.reportStep(Reporter.java:46)
at wrappers.GenericWrappers.takeSnap(GenericWrappers.java:860)
at utils.Reporter.reportStep(Reporter.java:23)
at utils.Reporter.reportStep(Reporter.java:46)
at wrappers.GenericWrappers.takeSnap(GenericWrappers.java:860)
at utils.Reporter.reportStep(Reporter.java:23)
at utils.Reporter.reportStep(Reporter.java:46)
at wrappers.GenericWrappers.takeSnap(GenericWrappers.java:860)
at utils.Reporter.reportStep(Reporter.java:23)
at utils.Reporter.reportStep(Reporter.java:46)
at wrappers.GenericWrappers.takeSnap(GenericWrappers.java:860)
at utils.Reporter.reportStep(Reporter.java:23)
at utils.Reporter.reportStep(Reporter.java:46)
at wrappers.GenericWrappers.takeSnap(GenericWrappers.java:860)
at utils.Reporter.reportStep(Reporter.java:23)
at utils.Reporter.reportStep(Reporter.java:46)
at wrappers.GenericWrappers.takeSnap(GenericWrappers.java:860)
at utils.Reporter.reportStep(Reporter.java:23)
at utils.Reporter.reportStep(Reporter.java:46)
at wrappers.GenericWrappers.takeSnap(GenericWrappers.java:860)
at utils.Reporter.reportStep(Reporter.java:23)
at utils.Reporter.reportStep(Reporter.java:46)
at wrappers.GenericWrappers.takeSnap(GenericWrappers.java:860)
at utils.Reporter.reportStep(Reporter.java:23)
at utils.Reporter.reportStep(Reporter.java:46)
at wrappers.GenericWrappers.takeSnap(GenericWrappers.java:860)
at utils.Reporter.reportStep(Reporter.java:23)
at utils.Reporter.reportStep(Reporter.java:46)
at wrappers.GenericWrappers.takeSnap(GenericWrappers.java:860)
at utils.Reporter.reportStep(Reporter.java:23)
at utils.Reporter.reportStep(Reporter.java:46)
at wrappers.GenericWrappers.takeSnap(GenericWrappers.java:860)
at utils.Reporter.reportStep(Reporter.java:23)
at utils.Reporter.reportStep(Reporter.java:46)
at wrappers.GenericWrappers.takeSnap(GenericWrappers.java:860)
at utils.Reporter.reportStep(Reporter.java:23)
at utils.Reporter.reportStep(Reporter.java:46)
at wrappers.GenericWrappers.takeSnap(GenericWrappers.java:860)
at utils.Reporter.reportStep(Reporter.java:23)
at utils.Reporter.reportStep(Reporter.java:46)
at wrappers.GenericWrappers.takeSnap(GenericWrappers.java:860)
at utils.Reporter.reportStep(Reporter.java:23)
at utils.Reporter.reportStep(Reporter.java:46)
at wrappers.GenericWrappers.takeSnap(GenericWrappers.java:860)
at utils.Reporter.reportStep(Reporter.java:23)
at utils.Reporter.reportStep(Reporter.java:46)
at wrappers.GenericWrappers.takeSnap(GenericWrappers.java:860)
at utils.Reporter.reportStep(Reporter.java:23)
at utils.Reporter.reportStep(Reporter.java:46)
at wrappers.GenericWrappers.takeSnap(GenericWrappers.java:860)
at utils.Reporter.reportStep(Reporter.java:23)
at utils.Reporter.reportStep(Reporter.java:46)
at wrappers.GenericWrappers.takeSnap(GenericWrappers.java:860)
at utils.Reporter.reportStep(Reporter.java:23)
at utils.Reporter.reportStep(Reporter.java:46)
at wrappers.GenericWrappers.takeSnap(GenericWrappers.java:860)
at utils.Reporter.reportStep(Reporter.java:23)
at utils.Reporter.reportStep(Reporter.java:46)
at wrappers.GenericWrappers.takeSnap(GenericWrappers.java:860)
at utils.Reporter.reportStep(Reporter.java:23)
at utils.Reporter.reportStep(Reporter.java:46)
at wrappers.GenericWrappers.takeSnap(GenericWrappers.java:860)
at utils.Reporter.reportStep(Reporter.java:23)
at utils.Reporter.reportStep(Reporter.java:46)
at wrappers.GenericWrappers.takeSnap(GenericWrappers.java:860)
at utils.Reporter.reportStep(Reporter.java:23)
at utils.Reporter.reportStep(Reporter.java:46)
at wrappers.GenericWrappers.takeSnap(GenericWrappers.java:860)
at utils.Reporter.reportStep(Reporter.java:23)
at utils.Reporter.reportStep(Reporter.java:46)
at wrappers.GenericWrappers.takeSnap(GenericWrappers.java:860)
at utils.Reporter.reportStep(Reporter.java:23)
at utils.Reporter.reportStep(Reporter.java:46)
at wrappers.GenericWrappers.takeSnap(GenericWrappers.java:860)
at utils.Reporter.reportStep(Reporter.java:23)
at utils.Reporter.reportStep(Reporter.java:46)
at wrappers.GenericWrappers.takeSnap(GenericWrappers.java:860)
at utils.Reporter.reportStep(Reporter.java:23)
at utils.Reporter.reportStep(Reporter.java:46)
at wrappers.GenericWrappers.takeSnap(GenericWrappers.java:860)
at utils.Reporter.reportStep(Reporter.java:23)
at utils.Reporter.reportStep(Reporter.java:46)
at wrappers.GenericWrappers.takeSnap(GenericWrappers.java:860)
at utils.Reporter.reportStep(Reporter.java:23)
at utils.Reporter.reportStep(Reporter.java:46)
at wrappers.GenericWrappers.takeSnap(GenericWrappers.java:860)
at utils.Reporter.reportStep(Reporter.java:23)
at utils.Reporter.reportStep(Reporter.java:46)
at wrappers.GenericWrappers.takeSnap(GenericWrappers.java:860)
at utils.Reporter.reportStep(Reporter.java:23)
at utils.Reporter.reportStep(Reporter.java:46)
at wrappers.GenericWrappers.takeSnap(GenericWrappers.java:860)
at utils.Reporter.reportStep(Reporter.java:23)
at utils.Reporter.reportStep(Reporter.java:46)
at wrappers.GenericWrappers.takeSnap(GenericWrappers.java:860)
at utils.Reporter.reportStep(Reporter.java:23)
at utils.Reporter.reportStep(Reporter.java:46)
at wrappers.GenericWrappers.takeSnap(GenericWrappers.java:860)
at utils.Reporter.reportStep(Reporter.java:23)
at utils.Reporter.reportStep(Reporter.java:46)
at wrappers.GenericWrappers.takeSnap(GenericWrappers.java:860)
at utils.Reporter.reportStep(Reporter.java:23)
at utils.Reporter.reportStep(Reporter.java:46)
at wrappers.GenericWrappers.takeSnap(GenericWrappers.java:860)
at utils.Reporter.reportStep(Reporter.java:23)
at utils.Reporter.reportStep(Reporter.java:46)
at wrappers.GenericWrappers.takeSnap(GenericWrappers.java:860)
at utils.Reporter.reportStep(Reporter.java:23)
at utils.Reporter.reportStep(Reporter.java:46)
at wrappers.GenericWrappers.takeSnap(GenericWrappers.java:860)
at utils.Reporter.reportStep(Reporter.java:23)
at utils.Reporter.reportStep(Reporter.java:46)
at wrappers.GenericWrappers.takeSnap(GenericWrappers.java:860)
at utils.Reporter.reportStep(Reporter.java:23)
at utils.Reporter.reportStep(Reporter.java:46)
at wrappers.GenericWrappers.takeSnap(GenericWrappers.java:860)
at utils.Reporter.reportStep(Reporter.java:23)
at utils.Reporter.reportStep(Reporter.java:46)
at wrappers.GenericWrappers.takeSnap(GenericWrappers.java:860)
at utils.Reporter.reportStep(Reporter.java:23)
at utils.Reporter.reportStep(Reporter.java:46)
at wrappers.GenericWrappers.takeSnap(GenericWrappers.java:860)
at utils.Reporter.reportStep(Reporter.java:23)
at utils.Reporter.reportStep(Reporter.java:46)
at wrappers.GenericWrappers.takeSnap(GenericWrappers.java:860)
at utils.Reporter.reportStep(Reporter.java:23)
at utils.Reporter.reportStep(Reporter.java:46)
at wrappers.GenericWrappers.takeSnap(GenericWrappers.java:860)
at utils.Reporter.reportStep(Reporter.java:23)
at utils.Reporter.reportStep(Reporter.java:46)
at wrappers.GenericWrappers.takeSnap(GenericWrappers.java:860)
at utils.Reporter.reportStep(Reporter.java:23)
at utils.Reporter.reportStep(Reporter.java:46)
at wrappers.GenericWrappers.takeSnap(GenericWrappers.java:860)
at utils.Reporter.reportStep(Reporter.java:23)
at utils.Reporter.reportStep(Reporter.java:46)
at wrappers.GenericWrappers.takeSnap(GenericWrappers.java:860)
at utils.Reporter.reportStep(Reporter.java:23)
at utils.Reporter.reportStep(Reporter.java:46)
at wrappers.GenericWrappers.takeSnap(GenericWrappers.java:860)
at utils.Reporter.reportStep(Reporter.java:23)
at utils.Reporter.reportStep(Reporter.java:46)
at wrappers.GenericWrappers.takeSnap(GenericWrappers.java:860)
at utils.Reporter.reportStep(Reporter.java:23)
at utils.Reporter.reportStep(Reporter.java:46)
at wrappers.GenericWrappers.takeSnap(GenericWrappers.java:860)
at utils.Reporter.reportStep(Reporter.java:23)
at utils.Reporter.reportStep(Reporter.java:46)
at wrappers.GenericWrappers.takeSnap(GenericWrappers.java:860)
at utils.Reporter.reportStep(Reporter.java:23)
at utils.Reporter.reportStep(Reporter.java:46)
at wrappers.GenericWrappers.takeSnap(GenericWrappers.java:860)
at utils.Reporter.reportStep(Reporter.java:23)
at utils.Reporter.reportStep(Reporter.java:46)
at wrappers.GenericWrappers.takeSnap(GenericWrappers.java:860)
at utils.Reporter.reportStep(Reporter.java:23)
at utils.Reporter.reportStep(Reporter.java:46)
at wrappers.GenericWrappers.takeSnap(GenericWrappers.java:860)
at utils.Reporter.reportStep(Reporter.java:23)
at utils.Reporter.reportStep(Reporter.java:46)
at wrappers.GenericWrappers.takeSnap(GenericWrappers.java:860)
at utils.Reporter.reportStep(Reporter.java:23)
at utils.Reporter.reportStep(Reporter.java:46)
at wrappers.GenericWrappers.takeSnap(GenericWrappers.java:860)
at utils.Reporter.reportStep(Reporter.java:23)
at utils.Reporter.reportStep(Reporter.java:46)
at wrappers.GenericWrappers.takeSnap(GenericWrappers.java:860)
at utils.Reporter.reportStep(Reporter.java:23)
at utils.Reporter.reportStep(Reporter.java:46)
at wrappers.GenericWrappers.takeSnap(GenericWrappers.java:860)
at utils.Reporter.reportStep(Reporter.java:23)
at utils.Reporter.reportStep(Reporter.java:46)
at wrappers.GenericWrappers.takeSnap(GenericWrappers.java:860)
at utils.Reporter.reportStep(Reporter.java:23)
at utils.Reporter.reportStep(Reporter.java:46)
at wrappers.GenericWrappers.takeSnap(GenericWrappers.java:860)
at utils.Reporter.reportStep(Reporter.java:23)
at utils.Reporter.reportStep(Reporter.java:46)
at wrappers.GenericWrappers.takeSnap(GenericWrappers.java:860)
at utils.Reporter.reportStep(Reporter.java:23)
at utils.Reporter.reportStep(Reporter.java:46)
at wrappers.GenericWrappers.takeSnap(GenericWrappers.java:860)
at utils.Reporter.reportStep(Reporter.java:23)
at utils.Reporter.reportStep(Reporter.java:46)
at wrappers.GenericWrappers.takeSnap(GenericWrappers.java:860)
at utils.Reporter.reportStep(Reporter.java:23)
at utils.Reporter.reportStep(Reporter.java:46)
at wrappers.GenericWrappers.takeSnap(GenericWrappers.java:860)
at utils.Reporter.reportStep(Reporter.java:23)
at utils.Reporter.reportStep(Reporter.java:46)
at wrappers.GenericWrappers.takeSnap(GenericWrappers.java:860)
at utils.Reporter.reportStep(Reporter.java:23)
at utils.Reporter.reportStep(Reporter.java:46)
at wrappers.GenericWrappers.takeSnap(GenericWrappers.java:860)
at utils.Reporter.reportStep(Reporter.java:23)
at utils.Reporter.reportStep(Reporter.java:46)
at wrappers.GenericWrappers.takeSnap(GenericWrappers.java:860)
at utils.Reporter.reportStep(Reporter.java:23)
at utils.Reporter.reportStep(Reporter.java:46)
at wrappers.GenericWrappers.takeSnap(GenericWrappers.java:860)
at utils.Reporter.reportStep(Reporter.java:23)
at utils.Reporter.reportStep(Reporter.java:46)
at wrappers.GenericWrappers.takeSnap(GenericWrappers.java:860)
at utils.Reporter.reportStep(Reporter.java:23)
at utils.Reporter.reportStep(Reporter.java:46)
at wrappers.GenericWrappers.takeSnap(GenericWrappers.java:860)
at utils.Reporter.reportStep(Reporter.java:23)
at utils.Reporter.reportStep(Reporter.java:46)
at wrappers.GenericWrappers.takeSnap(GenericWrappers.java:860)
at utils.Reporter.reportStep(Reporter.java:23)
at utils.Reporter.reportStep(Reporter.java:46)
at wrappers.GenericWrappers.takeSnap(GenericWrappers.java:860)
at utils.Reporter.reportStep(Reporter.java:23)
at utils.Reporter.reportStep(Reporter.java:46)
at wrappers.GenericWrappers.takeSnap(GenericWrappers.java:860)
at utils.Reporter.reportStep(Reporter.java:23)
at utils.Reporter.reportStep(Reporter.java:46)
at wrappers.GenericWrappers.takeSnap(GenericWrappers.java:860)
at utils.Reporter.reportStep(Reporter.java:23)
at utils.Reporter.reportStep(Reporter.java:46)
at wrappers.GenericWrappers.takeSnap(GenericWrappers.java:860)
at utils.Reporter.reportStep(Reporter.java:23)
at utils.Reporter.reportStep(Reporter.java:46)
at wrappers.GenericWrappers.takeSnap(GenericWrappers.java:860)
at utils.Reporter.reportStep(Reporter.java:23)
at utils.Reporter.reportStep(Reporter.java:46)
at wrappers.GenericWrappers.takeSnap(GenericWrappers.java:860)
at utils.Reporter.reportStep(Reporter.java:23)
at utils.Reporter.reportStep(Reporter.java:46)
at wrappers.GenericWrappers.takeSnap(GenericWrappers.java:860)
at utils.Reporter.reportStep(Reporter.java:23)
at utils.Reporter.reportStep(Reporter.java:46)
at wrappers.GenericWrappers.takeSnap(GenericWrappers.java:860)
at utils.Reporter.reportStep(Reporter.java:23)
at utils.Reporter.reportStep(Reporter.java:46)
at wrappers.GenericWrappers.takeSnap(GenericWrappers.java:860)
at utils.Reporter.reportStep(Reporter.java:23)
at utils.Reporter.reportStep(Reporter.java:46)
at wrappers.GenericWrappers.takeSnap(GenericWrappers.java:860)
at utils.Reporter.reportStep(Reporter.java:23)
at utils.Reporter.reportStep(Reporter.java:46)
at wrappers.GenericWrappers.takeSnap(GenericWrappers.java:860)
at utils.Reporter.reportStep(Reporter.java:23)
at utils.Reporter.reportStep(Reporter.java:46)
at wrappers.GenericWrappers.takeSnap(GenericWrappers.java:860)
at utils.Reporter.reportStep(Reporter.java:23)
at utils.Reporter.reportStep(Reporter.java:46)
at wrappers.GenericWrappers.takeSnap(GenericWrappers.java:860)
at utils.Reporter.reportStep(Reporter.java:23)
at utils.Reporter.reportStep(Reporter.java:46)
at wrappers.GenericWrappers.takeSnap(GenericWrappers.java:860)
at utils.Reporter.reportStep(Reporter.java:23)
at utils.Reporter.reportStep(Reporter.java:46)
at wrappers.GenericWrappers.takeSnap(GenericWrappers.java:860)
at utils.Reporter.reportStep(Reporter.java:23)
at utils.Reporter.reportStep(Reporter.java:46)
at wrappers.GenericWrappers.takeSnap(GenericWrappers.java:860)
at utils.Reporter.reportStep(Reporter.java:23)
at utils.Reporter.reportStep(Reporter.java:46)
at wrappers.GenericWrappers.takeSnap(GenericWrappers.java:860)
at utils.Reporter.reportStep(Reporter.java:23)
at utils.Reporter.reportStep(Reporter.java:46)
at wrappers.GenericWrappers.takeSnap(GenericWrappers.java:860)
at utils.Reporter.reportStep(Reporter.java:23)
at utils.Reporter.reportStep(Reporter.java:46)
at wrappers.GenericWrappers.takeSnap(GenericWrappers.java:860)
at utils.Reporter.reportStep(Reporter.java:23)
at utils.Reporter.reportStep(Reporter.java:46)
at wrappers.GenericWrappers.takeSnap(GenericWrappers.java:860)
at utils.Reporter.reportStep(Reporter.java:23)
at utils.Reporter.reportStep(Reporter.java:46)
at wrappers.GenericWrappers.takeSnap(GenericWrappers.java:860)
at utils.Reporter.reportStep(Reporter.java:23)
at utils.Reporter.reportStep(Reporter.java:46)
at wrappers.GenericWrappers.takeSnap(GenericWrappers.java:860)
at utils.Reporter.reportStep(Reporter.java:23)
at utils.Reporter.reportStep(Reporter.java:46)
at wrappers.GenericWrappers.takeSnap(GenericWrappers.java:860)
at utils.Reporter.reportStep(Reporter.java:23)
at utils.Reporter.reportStep(Reporter.java:46)
at wrappers.GenericWrappers.takeSnap(GenericWrappers.java:860)
at utils.Reporter.reportStep(Reporter.java:23)
at utils.Reporter.reportStep(Reporter.java:46)
at wrappers.GenericWrappers.takeSnap(GenericWrappers.java:860)
at utils.Reporter.reportStep(Reporter.java:23)
at utils.Reporter.reportStep(Reporter.java:46)
at wrappers.GenericWrappers.takeSnap(GenericWrappers.java:860)
at utils.Reporter.reportStep(Reporter.java:23)
at utils.Reporter.reportStep(Reporter.java:46)
at wrappers.GenericWrappers.takeSnap(GenericWrappers.java:860)
at utils.Reporter.reportStep(Reporter.java:23)
at utils.Reporter.reportStep(Reporter.java:46)
at wrappers.GenericWrappers.takeSnap(GenericWrappers.java:860)
at utils.Reporter.reportStep(Reporter.java:23)
at utils.Reporter.reportStep(Reporter.java:46)
at wrappers.GenericWrappers.takeSnap(GenericWrappers.java:860)
at utils.Reporter.reportStep(Reporter.java:23)
at utils.Reporter.reportStep(Reporter.java:46)
at wrappers.GenericWrappers.takeSnap(GenericWrappers.java:860)
at utils.Reporter.reportStep(Reporter.java:23)
at utils.Reporter.reportStep(Reporter.java:46)
at wrappers.GenericWrappers.takeSnap(GenericWrappers.java:860)
at utils.Reporter.reportStep(Reporter.java:23)
at utils.Reporter.reportStep(Reporter.java:46)
at wrappers.GenericWrappers.takeSnap(GenericWrappers.java:860)
at utils.Reporter.reportStep(Reporter.java:23)
at utils.Reporter.reportStep(Reporter.java:46)
at wrappers.GenericWrappers.takeSnap(GenericWrappers.java:860)
at utils.Reporter.reportStep(Reporter.java:23)
at utils.Reporter.reportStep(Reporter.java:46)
at wrappers.GenericWrappers.takeSnap(GenericWrappers.java:860)
at utils.Reporter.reportStep(Reporter.java:23)
at utils.Reporter.reportStep(Reporter.java:46)
at wrappers.GenericWrappers.takeSnap(GenericWrappers.java:860)
at utils.Reporter.reportStep(Reporter.java:23)
at utils.Reporter.reportStep(Reporter.java:46)
at wrappers.GenericWrappers.takeSnap(GenericWrappers.java:860)
at utils.Reporter.reportStep(Reporter.java:23)
at utils.Reporter.reportStep(Reporter.java:46)
at wrappers.GenericWrappers.takeSnap(GenericWrappers.java:860)
at utils.Reporter.reportStep(Reporter.java:23)
at utils.Reporter.reportStep(Reporter.java:46)
at wrappers.GenericWrappers.takeSnap(GenericWrappers.java:860)
at utils.Reporter.reportStep(Reporter.java:23)
at utils.Reporter.reportStep(Reporter.java:46)
at wrappers.GenericWrappers.takeSnap(GenericWrappers.java:860)
at utils.Reporter.reportStep(Reporter.java:23)
at utils.Reporter.reportStep(Reporter.java:46)
at wrappers.GenericWrappers.takeSnap(GenericWrappers.java:860)
at utils.Reporter.reportStep(Reporter.java:23)
at utils.Reporter.reportStep(Reporter.java:46)
at wrappers.GenericWrappers.takeSnap(GenericWrappers.java:860)
at utils.Reporter.reportStep(Reporter.java:23)
at utils.Reporter.reportStep(Reporter.java:46)
at wrappers.GenericWrappers.takeSnap(GenericWrappers.java:860)
at utils.Reporter.reportStep(Reporter.java:23)
at utils.Reporter.reportStep(Reporter.java:46)
at wrappers.GenericWrappers.takeSnap(GenericWrappers.java:860)
at utils.Reporter.reportStep(Reporter.java:23)
at utils.Reporter.reportStep(Reporter.java:46)
at wrappers.GenericWrappers.takeSnap(GenericWrappers.java:860)
at utils.Reporter.reportStep(Reporter.java:23)
at utils.Reporter.reportStep(Reporter.java:46)
at wrappers.GenericWrappers.takeSnap(GenericWrappers.java:860)
at utils.Reporter.reportStep(Reporter.java:23)
at utils.Reporter.reportStep(Reporter.java:46)
at wrappers.GenericWrappers.takeSnap(GenericWrappers.java:860)
at utils.Reporter.reportStep(Reporter.java:23)
at utils.Reporter.reportStep(Reporter.java:46)
at wrappers.GenericWrappers.takeSnap(GenericWrappers.java:860)
at utils.Reporter.reportStep(Reporter.java:23)
at utils.Reporter.reportStep(Reporter.java:46)
at wrappers.GenericWrappers.takeSnap(GenericWrappers.java:860)
at utils.Reporter.reportStep(Reporter.java:23)
at utils.Reporter.reportStep(Reporter.java:46)
at wrappers.GenericWrappers.takeSnap(GenericWrappers.java:860)
at utils.Reporter.reportStep(Reporter.java:23)
at utils.Reporter.reportStep(Reporter.java:46)
at wrappers.GenericWrappers.takeSnap(GenericWrappers.java:860)
at utils.Reporter.reportStep(Reporter.java:23)
at utils.Reporter.reportStep(Reporter.java:46)
at wrappers.GenericWrappers.takeSnap(GenericWrappers.java:860)
at utils.Reporter.reportStep(Reporter.java:23)
at utils.Reporter.reportStep(Reporter.java:46)
at wrappers.GenericWrappers.takeSnap(GenericWrappers.java:860)
at utils.Reporter.reportStep(Reporter.java:23)
at utils.Reporter.reportStep(Reporter.java:46)
at wrappers.GenericWrappers.takeSnap(GenericWrappers.java:860)
at utils.Reporter.reportStep(Reporter.java:23)
at utils.Reporter.reportStep(Reporter.java:46)
at wrappers.GenericWrappers.takeSnap(GenericWrappers.java:860)
at utils.Reporter.reportStep(Reporter.java:23)
at utils.Reporter.reportStep(Reporter.java:46)
at wrappers.GenericWrappers.takeSnap(GenericWrappers.java:860)
at utils.Reporter.reportStep(Reporter.java:23)
at utils.Reporter.reportStep(Reporter.java:46)
at wrappers.GenericWrappers.takeSnap(GenericWrappers.java:860)
at utils.Reporter.reportStep(Reporter.java:23)
at utils.Reporter.reportStep(Reporter.java:46)
at wrappers.GenericWrappers.takeSnap(GenericWrappers.java:860)
at utils.Reporter.reportStep(Reporter.java:23)
at utils.Reporter.reportStep(Reporter.java:46)
at wrappers.GenericWrappers.takeSnap(GenericWrappers.java:860)
at utils.Reporter.reportStep(Reporter.java:23)
at utils.Reporter.reportStep(Reporter.java:46)
at wrappers.GenericWrappers.takeSnap(GenericWrappers.java:860)
at utils.Reporter.reportStep(Reporter.java:23)
at utils.Reporter.reportStep(Reporter.java:46)
at wrappers.GenericWrappers.takeSnap(GenericWrappers.java:860)
at utils.Reporter.reportStep(Reporter.java:23)
at utils.Reporter.reportStep(Reporter.java:46)
at wrappers.GenericWrappers.takeSnap(GenericWrappers.java:860)
at utils.Reporter.reportStep(Reporter.java:23)
at utils.Reporter.reportStep(Reporter.java:46)
at wrappers.GenericWrappers.takeSnap(GenericWrappers.java:860)
at utils.Reporter.reportStep(Reporter.java:23)
at utils.Reporter.reportStep(Reporter.java:46)
at wrappers.GenericWrappers.takeSnap(GenericWrappers.java:860)
at utils.Reporter.reportStep(Reporter.java:23)
at utils.Reporter.reportStep(Reporter.java:46)
at wrappers.GenericWrappers.takeSnap(GenericWrappers.java:860)
at utils.Reporter.reportStep(Reporter.java:23)
at utils.Reporter.reportStep(Reporter.java:46)
at wrappers.GenericWrappers.takeSnap(GenericWrappers.java:860)
at utils.Reporter.reportStep(Reporter.java:23)
at utils.Reporter.reportStep(Reporter.java:46)
at wrappers.GenericWrappers.takeSnap(GenericWrappers.java:860)
at utils.Reporter.reportStep(Reporter.java:23)
at utils.Reporter.reportStep(Reporter.java:46)
at wrappers.GenericWrappers.takeSnap(GenericWrappers.java:860)
at utils.Reporter.reportStep(Reporter.java:23)
at utils.Reporter.reportStep(Reporter.java:46)
at wrappers.GenericWrappers.takeSnap(GenericWrappers.java:860)
at utils.Reporter.reportStep(Reporter.java:23)
at utils.Reporter.reportStep(Reporter.java:46)
at wrappers.GenericWrappers.takeSnap(GenericWrappers.java:860)
at utils.Reporter.reportStep(Reporter.java:23)
at utils.Reporter.reportStep(Reporter.java:46)
at wrappers.GenericWrappers.takeSnap(GenericWrappers.java:860)
at utils.Reporter.reportStep(Reporter.java:23)
at utils.Reporter.reportStep(Reporter.java:46)
at wrappers.GenericWrappers.takeSnap(GenericWrappers.java:860)
at utils.Reporter.reportStep(Reporter.java:23)
at utils.Reporter.reportStep(Reporter.java:46)
at wrappers.GenericWrappers.takeSnap(GenericWrappers.java:860)
at utils.Reporter.reportStep(Reporter.java:23)
at utils.Reporter.reportStep(Reporter.java:46)
at wrappers.GenericWrappers.takeSnap(GenericWrappers.java:860)
at utils.Reporter.reportStep(Reporter.java:23)
at utils.Reporter.reportStep(Reporter.java:46)
at wrappers.GenericWrappers.takeSnap(GenericWrappers.java:860)
at utils.Reporter.reportStep(Reporter.java:23)
at utils.Reporter.reportStep(Reporter.java:46)
at wrappers.GenericWrappers.takeSnap(GenericWrappers.java:860)
at utils.Reporter.reportStep(Reporter.java:23)
at utils.Reporter.reportStep(Reporter.java:46)
at wrappers.GenericWrappers.takeSnap(GenericWrappers.java:860)
at utils.Reporter.reportStep(Reporter.java:23)
at utils.Reporter.reportStep(Reporter.java:46)
at wrappers.GenericWrappers.takeSnap(GenericWrappers.java:860)
at utils.Reporter.reportStep(Reporter.java:23)
at utils.Reporter.reportStep(Reporter.java:46)
at wrappers.GenericWrappers.takeSnap(GenericWrappers.java:860)
at utils.Reporter.reportStep(Reporter.java:23)
at utils.Reporter.reportStep(Reporter.java:46)
at wrappers.GenericWrappers.takeSnap(GenericWrappers.java:860)
at utils.Reporter.reportStep(Reporter.java:23)
at utils.Reporter.reportStep(Reporter.java:46)
at wrappers.GenericWrappers.takeSnap(GenericWrappers.java:860)
at utils.Reporter.reportStep(Reporter.java:23)
at utils.Reporter.reportStep(Reporter.java:46)
at wrappers.GenericWrappers.takeSnap(GenericWrappers.java:860)
at utils.Reporter.reportStep(Reporter.java:23)
at utils.Reporter.reportStep(Reporter.java:46)
at wrappers.GenericWrappers.takeSnap(GenericWrappers.java:860)
at utils.Reporter.reportStep(Reporter.java:23)
at utils.Reporter.reportStep(Reporter.java:46)
at wrappers.GenericWrappers.takeSnap(GenericWrappers.java:860)
at utils.Reporter.reportStep(Reporter.java:23)
at utils.Reporter.reportStep(Reporter.java:46)
at wrappers.GenericWrappers.takeSnap(GenericWrappers.java:860)
at utils.Reporter.reportStep(Reporter.java:23)
at utils.Reporter.reportStep(Reporter.java:46)
at wrappers.GenericWrappers.takeSnap(GenericWrappers.java:860)
at utils.Reporter.reportStep(Reporter.java:23)
at utils.Reporter.reportStep(Reporter.java:46)
at wrappers.GenericWrappers.takeSnap(GenericWrappers.java:860)
at utils.Reporter.reportStep(Reporter.java:23)
at utils.Reporter.reportStep(Reporter.java:46)
at wrappers.GenericWrappers.takeSnap(GenericWrappers.java:860)
at utils.Reporter.reportStep(Reporter.java:23)
at utils.Reporter.reportStep(Reporter.java:46)
at wrappers.GenericWrappers.takeSnap(GenericWrappers.java:860)
at utils.Reporter.reportStep(Reporter.java:23)
at utils.Reporter.reportStep(Reporter.java:46)
at wrappers.GenericWrappers.takeSnap(GenericWrappers.java:860)
at utils.Reporter.reportStep(Reporter.java:23)
at utils.Reporter.reportStep(Reporter.java:46)
at wrappers.GenericWrappers.takeSnap(GenericWrappers.java:860)
at utils.Reporter.reportStep(Reporter.java:23)
at utils.Reporter.reportStep(Reporter.java:46)
at wrappers.GenericWrappers.takeSnap(GenericWrappers.java:860)
at utils.Reporter.reportStep(Reporter.java:23)
at utils.Reporter.reportStep(Reporter.java:46)
at wrappers.GenericWrappers.takeSnap(GenericWrappers.java:860)
at utils.Reporter.reportStep(Reporter.java:23)
at utils.Reporter.reportStep(Reporter.java:46)
at wrappers.GenericWrappers.takeSnap(GenericWrappers.java:860)
at utils.Reporter.reportStep(Reporter.java:23)
at utils.Reporter.reportStep(Reporter.java:46)
at wrappers.GenericWrappers.takeSnap(GenericWrappers.java:860)
at utils.Reporter.reportStep(Reporter.java:23)
at utils.Reporter.reportStep(Reporter.java:46)
at wrappers.GenericWrappers.takeSnap(GenericWrappers.java:860)
at utils.Reporter.reportStep(Reporter.java:23)
at utils.Reporter.reportStep(Reporter.java:46)
at wrappers.GenericWrappers.takeSnap(GenericWrappers.java:860)
at utils.Reporter.reportStep(Reporter.java:23)
at utils.Reporter.reportStep(Reporter.java:46)
at wrappers.GenericWrappers.takeSnap(GenericWrappers.java:860)
at utils.Reporter.reportStep(Reporter.java:23)
at utils.Reporter.reportStep(Reporter.java:46)
at wrappers.GenericWrappers.takeSnap(GenericWrappers.java:860)
at utils.Reporter.reportStep(Reporter.java:23)
at utils.Reporter.reportStep(Reporter.java:46)
at wrappers.GenericWrappers.takeSnap(GenericWrappers.java:860)
at utils.Reporter.reportStep(Reporter.java:23)
at utils.Reporter.reportStep(Reporter.java:46)
at wrappers.GenericWrappers.takeSnap(GenericWrappers.java:860)
at utils.Reporter.reportStep(Reporter.java:23)
at utils.Reporter.reportStep(Reporter.java:46)
at wrappers.GenericWrappers.takeSnap(GenericWrappers.java:860)
at utils.Reporter.reportStep(Reporter.java:23)
at utils.Reporter.reportStep(Reporter.java:46)
at wrappers.GenericWrappers.takeSnap(GenericWrappers.java:860)
at utils.Reporter.reportStep(Reporter.java:23)
at utils.Reporter.reportStep(Reporter.java:46)
at wrappers.GenericWrappers.takeSnap(GenericWrappers.java:860)
at utils.Reporter.reportStep(Reporter.java:23)
at utils.Reporter.reportStep(Reporter.java:46)
at wrappers.GenericWrappers.takeSnap(GenericWrappers.java:860)
at utils.Reporter.reportStep(Reporter.java:23)
at utils.Reporter.reportStep(Reporter.java:46)
at wrappers.GenericWrappers.takeSnap(GenericWrappers.java:860)
at utils.Reporter.reportStep(Reporter.java:23)
at utils.Reporter.reportStep(Reporter.java:46)
at wrappers.GenericWrappers.takeSnap(GenericWrappers.java:860)
at utils.Reporter.reportStep(Reporter.java:23)
at utils.Reporter.reportStep(Reporter.java:46)
at wrappers.GenericWrappers.takeSnap(GenericWrappers.java:860)
at utils.Reporter.reportStep(Reporter.java:23)
at utils.Reporter.reportStep(Reporter.java:46)
at wrappers.GenericWrappers.takeSnap(GenericWrappers.java:860)
at utils.Reporter.reportStep(Reporter.java:23)
at utils.Reporter.reportStep(Reporter.java:46)
at wrappers.GenericWrappers.takeSnap(GenericWrappers.java:860)
at utils.Reporter.reportStep(Reporter.java:23)
at utils.Reporter.reportStep(Reporter.java:46)
at wrappers.GenericWrappers.takeSnap(GenericWrappers.java:860)
at utils.Reporter.reportStep(Reporter.java:23)
at utils.Reporter.reportStep(Reporter.java:46)
at wrappers.GenericWrappers.takeSnap(GenericWrappers.java:860)
at utils.Reporter.reportStep(Reporter.java:23)
at utils.Reporter.reportStep(Reporter.java:46)
at wrappers.GenericWrappers.takeSnap(GenericWrappers.java:860)
at utils.Reporter.reportStep(Reporter.java:23)
at utils.Reporter.reportStep(Reporter.java:46)
at wrappers.GenericWrappers.takeSnap(GenericWrappers.java:860)
at utils.Reporter.reportStep(Reporter.java:23)
at utils.Reporter.reportStep(Reporter.java:46)
at wrappers.GenericWrappers.takeSnap(GenericWrappers.java:860)
at utils.Reporter.reportStep(Reporter.java:23)
at utils.Reporter.reportStep(Reporter.java:46)
at wrappers.GenericWrappers.takeSnap(GenericWrappers.java:860)
at utils.Reporter.reportStep(Reporter.java:23)
at utils.Reporter.reportStep(Reporter.java:46)
at wrappers.GenericWrappers.takeSnap(GenericWrappers.java:860)
at utils.Reporter.reportStep(Reporter.java:23)
at utils.Reporter.reportStep(Reporter.java:46)
at wrappers.GenericWrappers.takeSnap(GenericWrappers.java:860)
at utils.Reporter.reportStep(Reporter.java:23)
at utils.Reporter.reportStep(Reporter.java:46)
at wrappers.GenericWrappers.takeSnap(GenericWrappers.java:860)
at utils.Reporter.reportStep(Reporter.java:23)
at utils.Reporter.reportStep(Reporter.java:46)
at wrappers.GenericWrappers.takeSnap(GenericWrappers.java:860)
at utils.Reporter.reportStep(Reporter.java:23)
at utils.Reporter.reportStep(Reporter.java:46)
at wrappers.GenericWrappers.takeSnap(GenericWrappers.java:860)
at utils.Reporter.reportStep(Reporter.java:23)
at utils.Reporter.reportStep(Reporter.java:46)
at wrappers.GenericWrappers.takeSnap(GenericWrappers.java:860)
at utils.Reporter.reportStep(Reporter.java:23)
at utils.Reporter.reportStep(Reporter.java:46)
at wrappers.GenericWrappers.takeSnap(GenericWrappers.java:860)
at utils.Reporter.reportStep(Reporter.java:23)
at utils.Reporter.reportStep(Reporter.java:46)
at wrappers.GenericWrappers.takeSnap(GenericWrappers.java:860)
at utils.Reporter.reportStep(Reporter.java:23)
at utils.Reporter.reportStep(Reporter.java:46)
at wrappers.GenericWrappers.takeSnap(GenericWrappers.java:860)
at utils.Reporter.reportStep(Reporter.java:23)
at utils.Reporter.reportStep(Reporter.java:46)
at wrappers.GenericWrappers.takeSnap(GenericWrappers.java:860)
at utils.Reporter.reportStep(Reporter.java:23)
at utils.Reporter.reportStep(Reporter.java:46)
at wrappers.GenericWrappers.takeSnap(GenericWrappers.java:860)
at utils.Reporter.reportStep(Reporter.java:23)
at utils.Reporter.reportStep(Reporter.java:46)
at wrappers.GenericWrappers.takeSnap(GenericWrappers.java:860)
at utils.Reporter.reportStep(Reporter.java:23)
at utils.Reporter.reportStep(Reporter.java:46)
at wrappers.GenericWrappers.takeSnap(GenericWrappers.java:860)
at utils.Reporter.reportStep(Reporter.java:23)
at utils.Reporter.reportStep(Reporter.java:46)
at wrappers.GenericWrappers.takeSnap(GenericWrappers.java:860)
at utils.Reporter.reportStep(Reporter.java:23)
at utils.Reporter.reportStep(Reporter.java:46)
at wrappers.GenericWrappers.takeSnap(GenericWrappers.java:860)
at utils.Reporter.reportStep(Reporter.java:23)
at utils.Reporter.reportStep(Reporter.java:46)
at wrappers.GenericWrappers.takeSnap(GenericWrappers.java:860)
at utils.Reporter.reportStep(Reporter.java:23)
at utils.Reporter.reportStep(Reporter.java:46)
at wrappers.GenericWrappers.takeSnap(GenericWrappers.java:860)
at utils.Reporter.reportStep(Reporter.java:23)
at utils.Reporter.reportStep(Reporter.java:46)
at wrappers.GenericWrappers.takeSnap(GenericWrappers.java:860)
at utils.Reporter.reportStep(Reporter.java:23)
at utils.Reporter.reportStep(Reporter.java:46)
at wrappers.GenericWrappers.takeSnap(GenericWrappers.java:860)
at utils.Reporter.reportStep(Reporter.java:23)
at utils.Reporter.reportStep(Reporter.java:46)
at wrappers.GenericWrappers.takeSnap(GenericWrappers.java:860)
at utils.Reporter.reportStep(Reporter.java:23)
at utils.Reporter.reportStep(Reporter.java:46)
at wrappers.GenericWrappers.takeSnap(GenericWrappers.java:860)
at utils.Reporter.reportStep(Reporter.java:23)
at utils.Reporter.reportStep(Reporter.java:46)
at wrappers.GenericWrappers.takeSnap(GenericWrappers.java:860)
at utils.Reporter.reportStep(Reporter.java:23)
at utils.Reporter.reportStep(Reporter.java:46)
at wrappers.GenericWrappers.takeSnap(GenericWrappers.java:860)
at utils.Reporter.reportStep(Reporter.java:23)
at utils.Reporter.reportStep(Reporter.java:46)
at wrappers.GenericWrappers.takeSnap(GenericWrappers.java:860)
at utils.Reporter.reportStep(Reporter.java:23)
at utils.Reporter.reportStep(Reporter.java:46)
at wrappers.GenericWrappers.takeSnap(GenericWrappers.java:860)
at utils.Reporter.reportStep(Reporter.java:23)
at utils.Reporter.reportStep(Reporter.java:46)
at wrappers.GenericWrappers.takeSnap(GenericWrappers.java:860)
at utils.Reporter.reportStep(Reporter.java:23)
at utils.Reporter.reportStep(Reporter.java:46)
at wrappers.GenericWrappers.takeSnap(GenericWrappers.java:860)
at utils.Reporter.reportStep(Reporter.java:23)
at utils.Reporter.reportStep(Reporter.java:46)
at wrappers.GenericWrappers.takeSnap(GenericWrappers.java:860)
at utils.Reporter.reportStep(Reporter.java:23)
at utils.Reporter.reportStep(Reporter.java:46)
at wrappers.GenericWrappers.takeSnap(GenericWrappers.java:860)
at utils.Reporter.reportStep(Reporter.java:23)
at utils.Reporter.reportStep(Reporter.java:46)
at wrappers.GenericWrappers.takeSnap(GenericWrappers.java:860)
at utils.Reporter.reportStep(Reporter.java:23)
at utils.Reporter.reportStep(Reporter.java:46)
at wrappers.GenericWrappers.takeSnap(GenericWrappers.java:860)
at utils.Reporter.reportStep(Reporter.java:23)
at utils.Reporter.reportStep(Reporter.java:46)
at wrappers.GenericWrappers.takeSnap(GenericWrappers.java:860)
at utils.Reporter.reportStep(Reporter.java:23)
at utils.Reporter.reportStep(Reporter.java:46)
at wrappers.GenericWrappers.takeSnap(GenericWrappers.java:860)
at utils.Reporter.reportStep(Reporter.java:23)
at utils.Reporter.reportStep(Reporter.java:46)
at wrappers.GenericWrappers.takeSnap(GenericWrappers.java:860)
at utils.Reporter.reportStep(Reporter.java:23)
at utils.Reporter.reportStep(Reporter.java:46)
at wrappers.GenericWrappers.takeSnap(GenericWrappers.java:860)
at utils.Reporter.reportStep(Reporter.java:23)
at utils.Reporter.reportStep(Reporter.java:46)
at wrappers.GenericWrappers.takeSnap(GenericWrappers.java:860)
at utils.Reporter.reportStep(Reporter.java:23)
at utils.Reporter.reportStep(Reporter.java:46)
at wrappers.GenericWrappers.takeSnap(GenericWrappers.java:860)
at utils.Reporter.reportStep(Reporter.java:23)
at utils.Reporter.reportStep(Reporter.java:46)
at wrappers.GenericWrappers.takeSnap(GenericWrappers.java:860)
at utils.Reporter.reportStep(Reporter.java:23)
at utils.Reporter.reportStep(Reporter.java:46)
at wrappers.GenericWrappers.takeSnap(GenericWrappers.java:860)
at utils.Reporter.reportStep(Reporter.java:23)
at utils.Reporter.reportStep(Reporter.java:46)
at wrappers.GenericWrappers.takeSnap(GenericWrappers.java:860)
at utils.Reporter.reportStep(Reporter.java:23)
at utils.Reporter.reportStep(Reporter.java:46)
at wrappers.GenericWrappers.takeSnap(GenericWrappers.java:860)
at utils.Reporter.reportStep(Reporter.java:23)
at utils.Reporter.reportStep(Reporter.java:46)
at wrappers.GenericWrappers.takeSnap(GenericWrappers.java:860)
at utils.Reporter.reportStep(Reporter.java:23)
at utils.Reporter.reportStep(Reporter.java:46)
at wrappers.GenericWrappers.takeSnap(GenericWrappers.java:860)
at utils.Reporter.reportStep(Reporter.java:23)
at utils.Reporter.reportStep(Reporter.java:46)
at wrappers.GenericWrappers.takeSnap(GenericWrappers.java:860)
at utils.Reporter.reportStep(Reporter.java:23)
at utils.Reporter.reportStep(Reporter.java:46)
at wrappers.GenericWrappers.takeSnap(GenericWrappers.java:860)
at utils.Reporter.reportStep(Reporter.java:23)
at utils.Reporter.reportStep(Reporter.java:46)
at wrappers.GenericWrappers.takeSnap(GenericWrappers.java:860)
at utils.Reporter.reportStep(Reporter.java:23)
at utils.Reporter.reportStep(Reporter.java:46)
at wrappers.GenericWrappers.takeSnap(GenericWrappers.java:860)
at utils.Reporter.reportStep(Reporter.java:23)
at utils.Reporter.reportStep(Reporter.java:46)
at wrappers.GenericWrappers.takeSnap(GenericWrappers.java:860)
at utils.Reporter.reportStep(Reporter.java:23)
at utils.Reporter.reportStep(Reporter.java:46)
at wrappers.GenericWrappers.takeSnap(GenericWrappers.java:860)
at utils.Reporter.reportStep(Reporter.java:23)
at utils.Reporter.reportStep(Reporter.java:46)
at wrappers.GenericWrappers.takeSnap(GenericWrappers.java:860)
at utils.Reporter.reportStep(Reporter.java:23)
at utils.Reporter.reportStep(Reporter.java:46)
at wrappers.GenericWrappers.takeSnap(GenericWrappers.java:860)
at utils.Reporter.reportStep(Reporter.java:23)
at utils.Reporter.reportStep(Reporter.java:46)
at wrappers.GenericWrappers.takeSnap(GenericWrappers.java:860)
at utils.Reporter.reportStep(Reporter.java:23)
at utils.Reporter.reportStep(Reporter.java:46)
at wrappers.GenericWrappers.takeSnap(GenericWrappers.java:860)
at utils.Reporter.reportStep(Reporter.java:23)
at utils.Reporter.reportStep(Reporter.java:46)
at wrappers.GenericWrappers.takeSnap(GenericWrappers.java:860)
at utils.Reporter.reportStep(Reporter.java:23)
at utils.Reporter.reportStep(Reporter.java:46)
at wrappers.GenericWrappers.takeSnap(GenericWrappers.java:860)
at utils.Reporter.reportStep(Reporter.java:23)
at utils.Reporter.reportStep(Reporter.java:46)
at wrappers.GenericWrappers.takeSnap(GenericWrappers.java:860)
at utils.Reporter.reportStep(Reporter.java:23)
at utils.Reporter.reportStep(Reporter.java:46)
at wrappers.GenericWrappers.takeSnap(GenericWrappers.java:860)
at utils.Reporter.reportStep(Reporter.java:23)
at utils.Reporter.reportStep(Reporter.java:46)
at wrappers.GenericWrappers.takeSnap(GenericWrappers.java:860)
at utils.Reporter.reportStep(Reporter.java:23)
at utils.Reporter.reportStep(Reporter.java:46)
at wrappers.GenericWrappers.takeSnap(GenericWrappers.java:860)
at utils.Reporter.reportStep(Reporter.java:23)
at utils.Reporter.reportStep(Reporter.java:46)
at wrappers.GenericWrappers.takeSnap(GenericWrappers.java:860)
at utils.Reporter.reportStep(Reporter.java:23)
at utils.Reporter.reportStep(Reporter.java:46)
at wrappers.GenericWrappers.takeSnap(GenericWrappers.java:860)
at utils.Reporter.reportStep(Reporter.java:23)
at utils.Reporter.reportStep(Reporter.java:46)
at wrappers.GenericWrappers.takeSnap(GenericWrappers.java:860)
at utils.Reporter.reportStep(Reporter.java:23)
at utils.Reporter.reportStep(Reporter.java:46)
at wrappers.GenericWrappers.takeSnap(GenericWrappers.java:860)
at utils.Reporter.reportStep(Reporter.java:23)
at utils.Reporter.reportStep(Reporter.java:46)
at wrappers.GenericWrappers.takeSnap(GenericWrappers.java:860)
at utils.Reporter.reportStep(Reporter.java:23)
at utils.Reporter.reportStep(Reporter.java:46)
at wrappers.GenericWrappers.takeSnap(GenericWrappers.java:860)
at utils.Reporter.reportStep(Reporter.java:23)
at utils.Reporter.reportStep(Reporter.java:46)
at wrappers.GenericWrappers.takeSnap(GenericWrappers.java:860)
at utils.Reporter.reportStep(Reporter.java:23)
at utils.Reporter.reportStep(Reporter.java:46)
at wrappers.GenericWrappers.takeSnap(GenericWrappers.java:860)
at utils.Reporter.reportStep(Reporter.java:23)
at utils.Reporter.reportStep(Reporter.java:46)
at wrappers.GenericWrappers.takeSnap(GenericWrappers.java:860)
at utils.Reporter.reportStep(Reporter.java:23)
at utils.Reporter.reportStep(Reporter.java:46)
at wrappers.GenericWrappers.takeSnap(GenericWrappers.java:860)
at utils.Reporter.reportStep(Reporter.java:23)
at utils.Reporter.reportStep(Reporter.java:46)
at wrappers.GenericWrappers.takeSnap(GenericWrappers.java:860)
at utils.Reporter.reportStep(Reporter.java:23)
at utils.Reporter.reportStep(Reporter.java:46)
at wrappers.GenericWrappers.takeSnap(GenericWrappers.java:860)
at utils.Reporter.reportStep(Reporter.java:23)
at utils.Reporter.reportStep(Reporter.java:46)
at wrappers.GenericWrappers.takeSnap(GenericWrappers.java:860)
at utils.Reporter.reportStep(Reporter.java:23)
at utils.Reporter.reportStep(Reporter.java:46)
at wrappers.GenericWrappers.takeSnap(GenericWrappers.java:860)
at utils.Reporter.reportStep(Reporter.java:23)
at utils.Reporter.reportStep(Reporter.java:46)
at wrappers.GenericWrappers.takeSnap(GenericWrappers.java:860)
at utils.Reporter.reportStep(Reporter.java:23)
at utils.Reporter.reportStep(Reporter.java:46)
at wrappers.GenericWrappers.takeSnap(GenericWrappers.java:860)
at utils.Reporter.reportStep(Reporter.java:23)
at utils.Reporter.reportStep(Reporter.java:46)
at wrappers.GenericWrappers.takeSnap(GenericWrappers.java:860)
at utils.Reporter.reportStep(Reporter.java:23)
at utils.Reporter.reportStep(Reporter.java:46)
at wrappers.GenericWrappers.takeSnap(GenericWrappers.java:860)
at utils.Reporter.reportStep(Reporter.java:23)
at utils.Reporter.reportStep(Reporter.java:46)
at wrappers.GenericWrappers.takeSnap(GenericWrappers.java:860)
at utils.Reporter.reportStep(Reporter.java:23)
at utils.Reporter.reportStep(Reporter.java:46)
at wrappers.GenericWrappers.takeSnap(GenericWrappers.java:860)
at utils.Reporter.reportStep(Reporter.java:23)
at utils.Reporter.reportStep(Reporter.java:46)
at wrappers.GenericWrappers.takeSnap(GenericWrappers.java:860)
at utils.Reporter.reportStep(Reporter.java:23)
at utils.Reporter.reportStep(Reporter.java:46)
at wrappers.GenericWrappers.takeSnap(GenericWrappers.java:860)
at utils.Reporter.reportStep(Reporter.java:23)
at utils.Reporter.reportStep(Reporter.java:46)
at wrappers.GenericWrappers.takeSnap(GenericWrappers.java:860)
at utils.Reporter.reportStep(Reporter.java:23)
at utils.Reporter.reportStep(Reporter.java:46)
at wrappers.GenericWrappers.takeSnap(GenericWrappers.java:860)
at utils.Reporter.reportStep(Reporter.java:23)
at utils.Reporter.reportStep(Reporter.java:46)
at wrappers.GenericWrappers.takeSnap(GenericWrappers.java:860)
at utils.Reporter.reportStep(Reporter.java:23)
at utils.Reporter.reportStep(Reporter.java:46)
at wrappers.GenericWrappers.takeSnap(GenericWrappers.java:860)
at utils.Reporter.reportStep(Reporter.java:23)
at utils.Reporter.reportStep(Reporter.java:46)
at wrappers.GenericWrappers.takeSnap(GenericWrappers.java:860)
at utils.Reporter.reportStep(Reporter.java:23)
at utils.Reporter.reportStep(Reporter.java:46)
at wrappers.GenericWrappers.takeSnap(GenericWrappers.java:860)
at utils.Reporter.reportStep(Reporter.java:23)
at utils.Reporter.reportStep(Reporter.java:46)
at wrappers.GenericWrappers.takeSnap(GenericWrappers.java:860)
at utils.Reporter.reportStep(Reporter.java:23)
at utils.Reporter.reportStep(Reporter.java:46)
at wrappers.GenericWrappers.takeSnap(GenericWrappers.java:860)
at utils.Reporter.reportStep(Reporter.java:23)
at utils.Reporter.reportStep(Reporter.java:46)
at wrappers.GenericWrappers.takeSnap(GenericWrappers.java:860)
at utils.Reporter.reportStep(Reporter.java:23)
at utils.Reporter.reportStep(Reporter.java:46)
at wrappers.GenericWrappers.takeSnap(GenericWrappers.java:860)
at utils.Reporter.reportStep(Reporter.java:23)
at utils.Reporter.reportStep(Reporter.java:46)
at wrappers.GenericWrappers.takeSnap(GenericWrappers.java:860)
at utils.Reporter.reportStep(Reporter.java:23)
at utils.Reporter.reportStep(Reporter.java:46)
at wrappers.GenericWrappers.takeSnap(GenericWrappers.java:860)
at utils.Reporter.reportStep(Reporter.java:23)
at utils.Reporter.reportStep(Reporter.java:46)
at wrappers.GenericWrappers.takeSnap(GenericWrappers.java:860)
at utils.Reporter.reportStep(Reporter.java:23)
at utils.Reporter.reportStep(Reporter.java:46)
at wrappers.GenericWrappers.takeSnap(GenericWrappers.java:860)
at utils.Reporter.reportStep(Reporter.java:23)
at utils.Reporter.reportStep(Reporter.java:46)
at wrappers.GenericWrappers.takeSnap(GenericWrappers.java:860)
at utils.Reporter.reportStep(Reporter.java:23)
at utils.Reporter.reportStep(Reporter.java:46)
at wrappers.GenericWrappers.takeSnap(GenericWrappers.java:860)
at utils.Reporter.reportStep(Reporter.java:23)
at utils.Reporter.reportStep(Reporter.java:46)
at wrappers.GenericWrappers.takeSnap(GenericWrappers.java:860)
at utils.Reporter.reportStep(Reporter.java:23)
at utils.Reporter.reportStep(Reporter.java:46)
at wrappers.GenericWrappers.takeSnap(GenericWrappers.java:860)
at utils.Reporter.reportStep(Reporter.java:23)
at utils.Reporter.reportStep(Reporter.java:46)
at wrappers.GenericWrappers.takeSnap(GenericWrappers.java:860)
at utils.Reporter.reportStep(Reporter.java:23)
at utils.Reporter.reportStep(Reporter.java:46)
at wrappers.GenericWrappers.takeSnap(GenericWrappers.java:860)
at utils.Reporter.reportStep(Reporter.java:23)
at utils.Reporter.reportStep(Reporter.java:46)
at wrappers.GenericWrappers.takeSnap(GenericWrappers.java:860)
at utils.Reporter.reportStep(Reporter.java:23)
at utils.Reporter.reportStep(Reporter.java:46)
at wrappers.GenericWrappers.takeSnap(GenericWrappers.java:860)
at utils.Reporter.reportStep(Reporter.java:23)
at utils.Reporter.reportStep(Reporter.java:46)
at wrappers.GenericWrappers.takeSnap(GenericWrappers.java:860)
at utils.Reporter.reportStep(Reporter.java:23)
at utils.Reporter.reportStep(Reporter.java:46)
at wrappers.GenericWrappers.takeSnap(GenericWrappers.java:860)
at utils.Reporter.reportStep(Reporter.java:23)
at utils.Reporter.reportStep(Reporter.java:46)
at wrappers.GenericWrappers.takeSnap(GenericWrappers.java:860)
at utils.Reporter.reportStep(Reporter.java:23)
at utils.Reporter.reportStep(Reporter.java:46)
at wrappers.GenericWrappers.takeSnap(GenericWrappers.java:860)
at utils.Reporter.reportStep(Reporter.java:23)
at utils.Reporter.reportStep(Reporter.java:46)
at wrappers.GenericWrappers.takeSnap(GenericWrappers.java:860)
at utils.Reporter.reportStep(Reporter.java:23)
at utils.Reporter.reportStep(Reporter.java:46)
at wrappers.GenericWrappers.takeSnap(GenericWrappers.java:860)
at utils.Reporter.reportStep(Reporter.java:23)
at utils.Reporter.reportStep(Reporter.java:46)
at wrappers.GenericWrappers.takeSnap(GenericWrappers.java:860)
at utils.Reporter.reportStep(Reporter.java:23)
at utils.Reporter.reportStep(Reporter.java:46)
at wrappers.GenericWrappers.takeSnap(GenericWrappers.java:860)
at utils.Reporter.reportStep(Reporter.java:23)
at utils.Reporter.reportStep(Reporter.java:46)
at wrappers.GenericWrappers.takeSnap(GenericWrappers.java:860)
at utils.Reporter.reportStep(Reporter.java:23)
at utils.Reporter.reportStep(Reporter.java:46)
at wrappers.GenericWrappers.takeSnap(GenericWrappers.java:860)
at utils.Reporter.reportStep(Reporter.java:23)
at utils.Reporter.reportStep(Reporter.java:46)
at wrappers.GenericWrappers.takeSnap(GenericWrappers.java:860)
at utils.Reporter.reportStep(Reporter.java:23)
at utils.Reporter.reportStep(Reporter.java:46)
at wrappers.GenericWrappers.takeSnap(GenericWrappers.java:860)
at utils.Reporter.reportStep(Reporter.java:23)
at utils.Reporter.reportStep(Reporter.java:46)
at wrappers.GenericWrappers.takeSnap(GenericWrappers.java:860)
at utils.Reporter.reportStep(Reporter.java:23)
at utils.Reporter.reportStep(Reporter.java:46)
at wrappers.GenericWrappers.takeSnap(GenericWrappers.java:860)
at utils.Reporter.reportStep(Reporter.java:23)
at utils.Reporter.reportStep(Reporter.java:46)
at wrappers.GenericWrappers.takeSnap(GenericWrappers.java:860)
at utils.Reporter.reportStep(Reporter.java:23)
at utils.Reporter.reportStep(Reporter.java:46)
at wrappers.GenericWrappers.takeSnap(GenericWrappers.java:860)
at utils.Reporter.reportStep(Reporter.java:23)
at utils.Reporter.reportStep(Reporter.java:46)
at wrappers.GenericWrappers.takeSnap(GenericWrappers.java:860)
at utils.Reporter.reportStep(Reporter.java:23)
at utils.Reporter.reportStep(Reporter.java:46)
at wrappers.GenericWrappers.takeSnap(GenericWrappers.java:860)
at utils.Reporter.reportStep(Reporter.java:23)
at utils.Reporter.reportStep(Reporter.java:46)
at wrappers.GenericWrappers.takeSnap(GenericWrappers.java:860)
]]>
    </failure>
  </testcase> <!-- @AfterMethod afterMethod -->
  <testcase classname="testcases.TC002_Login" name="verifySignInIsDisplayed" time="4.041"/>
  <testcase classname="testcases.TC002_Login" name="verifyLoginIn" time="1.976">
    <failure type="org.testng.internal.reflect.MethodMatcherException" message="
[public void testcases.TC002_Login.verifyLoginIn(java.lang.String,java.lang.String) throws java.lang.InterruptedException] has no parameters defined but was found to be using a data provider (either explicitly specified or inherited from class level annotation).
Data provider mismatch
Method: verifyLoginIn([java.lang.String arg0, java.lang.String arg1])
Arguments: [(java.lang.String) sson@mailinator.com,(java.lang.String) Password1,(java.lang.String) Fountain Valley,(java.lang.String) 92708]">
      <![CDATA[org.testng.internal.reflect.MethodMatcherException: 
[public void testcases.TC002_Login.verifyLoginIn(java.lang.String,java.lang.String) throws java.lang.InterruptedException] has no parameters defined but was found to be using a data provider (either explicitly specified or inherited from class level annotation).
Data provider mismatch
Method: verifyLoginIn([java.lang.String arg0, java.lang.String arg1])
Arguments: [(java.lang.String) sson@mailinator.com,(java.lang.String) Password1,(java.lang.String) Fountain Valley,(java.lang.String) 92708]
at java.base/java.util.ArrayList.forEach(ArrayList.java:1511)
... Removed 22 stack frames]]>
    </failure>
  </testcase> <!-- verifyLoginIn -->
</testsuite> <!-- Login -->
