<?xml version="1.0" encoding="UTF-8"?>
<!-- Generated by org.testng.reporters.JUnitXMLReporter -->
<testsuite ignored="0" hostname="IND-CHN-LT10158" failures="0" tests="1" name="MyVehicles" time="48.183" errors="0" timestamp="2023-07-10T18:53:20 IST">
  <testcase classname="wrappers.KMABase" name="@AfterMethod afterMethod" time="1.977">
    <failure type="java.lang.StackOverflowError">
      <![CDATA[java.lang.StackOverflowError
at java.base/java.util.Formatter$FormatSpecifier.print(Formatter.java:3083)
at java.base/java.util.Formatter$FormatSpecifier.printString(Formatter.java:3056)
at java.base/java.util.Formatter$FormatSpecifier.print(Formatter.java:2933)
at java.base/java.util.Formatter.format(Formatter.java:2689)
at java.base/java.util.Formatter.format(Formatter.java:2625)
at java.base/java.lang.String.format(String.java:4143)
at org.openqa.selenium.remote.RemoteWebDriver.execute(RemoteWebDriver.java:583)
at org.openqa.selenium.remote.RemoteWebDriver.execute(RemoteWebDriver.java:643)
at org.openqa.selenium.remote.RemoteWebDriver.getScreenshotAs(RemoteWebDriver.java:328)
at wrappers.GenericWrappers.takeSnap(GenericWrappers.java:858)
at utils.Reporter.reportStep(Reporter.java:23)
at utils.Reporter.reportStep(Reporter.java:46)
at wrappers.GenericWrappers.takeSnap(GenericWrappers.java:860)
at utils.Reporter.reportStep(Reporter.java:23)
at utils.Reporter.reportStep(Reporter.java:46)
at wrappers.GenericWrappers.takeSnap(GenericWrappers.java:860)
at utils.Reporter.reportStep(Reporter.java:23)
at utils.Reporter.reportStep(Reporter.java:46)
at wrappers.GenericWrappers.takeSnap(GenericWrappers.java:860)
at utils.Reporter.reportStep(Reporter.java:23)
at utils.Reporter.reportStep(Reporter.java:46)
at wrappers.GenericWrappers.takeSnap(GenericWrappers.java:860)
at utils.Reporter.reportStep(Reporter.java:23)
at utils.Reporter.reportStep(Reporter.java:46)
at wrappers.GenericWrappers.takeSnap(GenericWrappers.java:860)
at utils.Reporter.reportStep(Reporter.java:23)
at utils.Reporter.reportStep(Reporter.java:46)
at wrappers.GenericWrappers.takeSnap(GenericWrappers.java:860)
at utils.Reporter.reportStep(Reporter.java:23)
at utils.Reporter.reportStep(Reporter.java:46)
at wrappers.GenericWrappers.takeSnap(GenericWrappers.java:860)
at utils.Reporter.reportStep(Reporter.java:23)
at utils.Reporter.reportStep(Reporter.java:46)
at wrappers.GenericWrappers.takeSnap(GenericWrappers.java:860)
at utils.Reporter.reportStep(Reporter.java:23)
at utils.Reporter.reportStep(Reporter.java:46)
at wrappers.GenericWrappers.takeSnap(GenericWrappers.java:860)
at utils.Reporter.reportStep(Reporter.java:23)
at utils.Reporter.reportStep(Reporter.java:46)
at wrappers.GenericWrappers.takeSnap(GenericWrappers.java:860)
at utils.Reporter.reportStep(Reporter.java:23)
at utils.Reporter.reportStep(Reporter.java:46)
at wrappers.GenericWrappers.takeSnap(GenericWrappers.java:860)
at utils.Reporter.reportStep(Reporter.java:23)
at utils.Reporter.reportStep(Reporter.java:46)
at wrappers.GenericWrappers.takeSnap(GenericWrappers.java:860)
at utils.Reporter.reportStep(Reporter.java:23)
at utils.Reporter.reportStep(Reporter.java:46)
at wrappers.GenericWrappers.takeSnap(GenericWrappers.java:860)
at utils.Reporter.reportStep(Reporter.java:23)
at utils.Reporter.reportStep(Reporter.java:46)
at wrappers.GenericWrappers.takeSnap(GenericWrappers.java:860)
at utils.Reporter.reportStep(Reporter.java:23)
at utils.Reporter.reportStep(Reporter.java:46)
at wrappers.GenericWrappers.takeSnap(GenericWrappers.java:860)
at utils.Reporter.reportStep(Reporter.java:23)
at utils.Reporter.reportStep(Reporter.java:46)
at wrappers.GenericWrappers.takeSnap(GenericWrappers.java:860)
at utils.Reporter.reportStep(Reporter.java:23)
at utils.Reporter.reportStep(Reporter.java:46)
at wrappers.GenericWrappers.takeSnap(GenericWrappers.java:860)
at utils.Reporter.reportStep(Reporter.java:23)
at utils.Reporter.reportStep(Reporter.java:46)
at wrappers.GenericWrappers.takeSnap(GenericWrappers.java:860)
at utils.Reporter.reportStep(Reporter.java:23)
at utils.Reporter.reportStep(Reporter.java:46)
at wrappers.GenericWrappers.takeSnap(GenericWrappers.java:860)
at utils.Reporter.reportStep(Reporter.java:23)
at utils.Reporter.reportStep(Reporter.java:46)
at wrappers.GenericWrappers.takeSnap(GenericWrappers.java:860)
at utils.Reporter.reportStep(Reporter.java:23)
at utils.Reporter.reportStep(Reporter.java:46)
at wrappers.GenericWrappers.takeSnap(GenericWrappers.java:860)
at utils.Reporter.reportStep(Reporter.java:23)
at utils.Reporter.reportStep(Reporter.java:46)
at wrappers.GenericWrappers.takeSnap(GenericWrappers.java:860)
at utils.Reporter.reportStep(Reporter.java:23)
at utils.Reporter.reportStep(Reporter.java:46)
at wrappers.GenericWrappers.takeSnap(GenericWrappers.java:860)
at utils.Reporter.reportStep(Reporter.java:23)
at utils.Reporter.reportStep(Reporter.java:46)
at wrappers.GenericWrappers.takeSnap(GenericWrappers.java:860)
at utils.Reporter.reportStep(Reporter.java:23)
at utils.Reporter.reportStep(Reporter.java:46)
at wrappers.GenericWrappers.takeSnap(GenericWrappers.java:860)
at utils.Reporter.reportStep(Reporter.java:23)
at utils.Reporter.reportStep(Reporter.java:46)
at wrappers.GenericWrappers.takeSnap(GenericWrappers.java:860)
at utils.Reporter.reportStep(Reporter.java:23)
at utils.Reporter.reportStep(Reporter.java:46)
at wrappers.GenericWrappers.takeSnap(GenericWrappers.java:860)
at utils.Reporter.reportStep(Reporter.java:23)
at utils.Reporter.reportStep(Reporter.java:46)
at wrappers.GenericWrappers.takeSnap(GenericWrappers.java:860)
at utils.Reporter.reportStep(Reporter.java:23)
at utils.Reporter.reportStep(Reporter.java:46)
at wrappers.GenericWrappers.takeSnap(GenericWrappers.java:860)
at utils.Reporter.reportStep(Reporter.java:23)
at utils.Reporter.reportStep(Reporter.java:46)
at wrappers.GenericWrappers.takeSnap(GenericWrappers.java:860)
at utils.Reporter.reportStep(Reporter.java:23)
at utils.Reporter.reportStep(Reporter.java:46)
at wrappers.GenericWrappers.takeSnap(GenericWrappers.java:860)
at utils.Reporter.reportStep(Reporter.java:23)
at utils.Reporter.reportStep(Reporter.java:46)
at wrappers.GenericWrappers.takeSnap(GenericWrappers.java:860)
at utils.Reporter.reportStep(Reporter.java:23)
at utils.Reporter.reportStep(Reporter.java:46)
at wrappers.GenericWrappers.takeSnap(GenericWrappers.java:860)
at utils.Reporter.reportStep(Reporter.java:23)
at utils.Reporter.reportStep(Reporter.java:46)
at wrappers.GenericWrappers.takeSnap(GenericWrappers.java:860)
at utils.Reporter.reportStep(Reporter.java:23)
at utils.Reporter.reportStep(Reporter.java:46)
at wrappers.GenericWrappers.takeSnap(GenericWrappers.java:860)
at utils.Reporter.reportStep(Reporter.java:23)
at utils.Reporter.reportStep(Reporter.java:46)
at wrappers.GenericWrappers.takeSnap(GenericWrappers.java:860)
at utils.Reporter.reportStep(Reporter.java:23)
at utils.Reporter.reportStep(Reporter.java:46)
at wrappers.GenericWrappers.takeSnap(GenericWrappers.java:860)
at utils.Reporter.reportStep(Reporter.java:23)
at utils.Reporter.reportStep(Reporter.java:46)
at wrappers.GenericWrappers.takeSnap(GenericWrappers.java:860)
at utils.Reporter.reportStep(Reporter.java:23)
at utils.Reporter.reportStep(Reporter.java:46)
at wrappers.GenericWrappers.takeSnap(GenericWrappers.java:860)
at utils.Reporter.reportStep(Reporter.java:23)
at utils.Reporter.reportStep(Reporter.java:46)
at wrappers.GenericWrappers.takeSnap(GenericWrappers.java:860)
at utils.Reporter.reportStep(Reporter.java:23)
at utils.Reporter.reportStep(Reporter.java:46)
at wrappers.GenericWrappers.takeSnap(GenericWrappers.java:860)
at utils.Reporter.reportStep(Reporter.java:23)
at utils.Reporter.reportStep(Reporter.java:46)
at wrappers.GenericWrappers.takeSnap(GenericWrappers.java:860)
at utils.Reporter.reportStep(Reporter.java:23)
at utils.Reporter.reportStep(Reporter.java:46)
at wrappers.GenericWrappers.takeSnap(GenericWrappers.java:860)
at utils.Reporter.reportStep(Reporter.java:23)
at utils.Reporter.reportStep(Reporter.java:46)
at wrappers.GenericWrappers.takeSnap(GenericWrappers.java:860)
at utils.Reporter.reportStep(Reporter.java:23)
at utils.Reporter.reportStep(Reporter.java:46)
at wrappers.GenericWrappers.takeSnap(GenericWrappers.java:860)
at utils.Reporter.reportStep(Reporter.java:23)
at utils.Reporter.reportStep(Reporter.java:46)
at wrappers.GenericWrappers.takeSnap(GenericWrappers.java:860)
at utils.Reporter.reportStep(Reporter.java:23)
at utils.Reporter.reportStep(Reporter.java:46)
at wrappers.GenericWrappers.takeSnap(GenericWrappers.java:860)
at utils.Reporter.reportStep(Reporter.java:23)
at utils.Reporter.reportStep(Reporter.java:46)
at wrappers.GenericWrappers.takeSnap(GenericWrappers.java:860)
at utils.Reporter.reportStep(Reporter.java:23)
at utils.Reporter.reportStep(Reporter.java:46)
at wrappers.GenericWrappers.takeSnap(GenericWrappers.java:860)
at utils.Reporter.reportStep(Reporter.java:23)
at utils.Reporter.reportStep(Reporter.java:46)
at wrappers.GenericWrappers.takeSnap(GenericWrappers.java:860)
at utils.Reporter.reportStep(Reporter.java:23)
at utils.Reporter.reportStep(Reporter.java:46)
at wrappers.GenericWrappers.takeSnap(GenericWrappers.java:860)
at utils.Reporter.reportStep(Reporter.java:23)
at utils.Reporter.reportStep(Reporter.java:46)
at wrappers.GenericWrappers.takeSnap(GenericWrappers.java:860)
at utils.Reporter.reportStep(Reporter.java:23)
at utils.Reporter.reportStep(Reporter.java:46)
at wrappers.GenericWrappers.takeSnap(GenericWrappers.java:860)
at utils.Reporter.reportStep(Reporter.java:23)
at utils.Reporter.reportStep(Reporter.java:46)
at wrappers.GenericWrappers.takeSnap(GenericWrappers.java:860)
at utils.Reporter.reportStep(Reporter.java:23)
at utils.Reporter.reportStep(Reporter.java:46)
at wrappers.GenericWrappers.takeSnap(GenericWrappers.java:860)
at utils.Reporter.reportStep(Reporter.java:23)
at utils.Reporter.reportStep(Reporter.java:46)
at wrappers.GenericWrappers.takeSnap(GenericWrappers.java:860)
at utils.Reporter.reportStep(Reporter.java:23)
at utils.Reporter.reportStep(Reporter.java:46)
at wrappers.GenericWrappers.takeSnap(GenericWrappers.java:860)
at utils.Reporter.reportStep(Reporter.java:23)
at utils.Reporter.reportStep(Reporter.java:46)
at wrappers.GenericWrappers.takeSnap(GenericWrappers.java:860)
at utils.Reporter.reportStep(Reporter.java:23)
at utils.Reporter.reportStep(Reporter.java:46)
at wrappers.GenericWrappers.takeSnap(GenericWrappers.java:860)
at utils.Reporter.reportStep(Reporter.java:23)
at utils.Reporter.reportStep(Reporter.java:46)
at wrappers.GenericWrappers.takeSnap(GenericWrappers.java:860)
at utils.Reporter.reportStep(Reporter.java:23)
at utils.Reporter.reportStep(Reporter.java:46)
at wrappers.GenericWrappers.takeSnap(GenericWrappers.java:860)
at utils.Reporter.reportStep(Reporter.java:23)
at utils.Reporter.reportStep(Reporter.java:46)
at wrappers.GenericWrappers.takeSnap(GenericWrappers.java:860)
at utils.Reporter.reportStep(Reporter.java:23)
at utils.Reporter.reportStep(Reporter.java:46)
at wrappers.GenericWrappers.takeSnap(GenericWrappers.java:860)
at utils.Reporter.reportStep(Reporter.java:23)
at utils.Reporter.reportStep(Reporter.java:46)
at wrappers.GenericWrappers.takeSnap(GenericWrappers.java:860)
at utils.Reporter.reportStep(Reporter.java:23)
at utils.Reporter.reportStep(Reporter.java:46)
at wrappers.GenericWrappers.takeSnap(GenericWrappers.java:860)
at utils.Reporter.reportStep(Reporter.java:23)
at utils.Reporter.reportStep(Reporter.java:46)
at wrappers.GenericWrappers.takeSnap(GenericWrappers.java:860)
at utils.Reporter.reportStep(Reporter.java:23)
at utils.Reporter.reportStep(Reporter.java:46)
at wrappers.GenericWrappers.takeSnap(GenericWrappers.java:860)
at utils.Reporter.reportStep(Reporter.java:23)
at utils.Reporter.reportStep(Reporter.java:46)
at wrappers.GenericWrappers.takeSnap(GenericWrappers.java:860)
at utils.Reporter.reportStep(Reporter.java:23)
at utils.Reporter.reportStep(Reporter.java:46)
at wrappers.GenericWrappers.takeSnap(GenericWrappers.java:860)
at utils.Reporter.reportStep(Reporter.java:23)
at utils.Reporter.reportStep(Reporter.java:46)
at wrappers.GenericWrappers.takeSnap(GenericWrappers.java:860)
at utils.Reporter.reportStep(Reporter.java:23)
at utils.Reporter.reportStep(Reporter.java:46)
at wrappers.GenericWrappers.takeSnap(GenericWrappers.java:860)
at utils.Reporter.reportStep(Reporter.java:23)
at utils.Reporter.reportStep(Reporter.java:46)
at wrappers.GenericWrappers.takeSnap(GenericWrappers.java:860)
at utils.Reporter.reportStep(Reporter.java:23)
at utils.Reporter.reportStep(Reporter.java:46)
at wrappers.GenericWrappers.takeSnap(GenericWrappers.java:860)
at utils.Reporter.reportStep(Reporter.java:23)
at utils.Reporter.reportStep(Reporter.java:46)
at wrappers.GenericWrappers.takeSnap(GenericWrappers.java:860)
at utils.Reporter.reportStep(Reporter.java:23)
at utils.Reporter.reportStep(Reporter.java:46)
at wrappers.GenericWrappers.takeSnap(GenericWrappers.java:860)
at utils.Reporter.reportStep(Reporter.java:23)
at utils.Reporter.reportStep(Reporter.java:46)
at wrappers.GenericWrappers.takeSnap(GenericWrappers.java:860)
at utils.Reporter.reportStep(Reporter.java:23)
at utils.Reporter.reportStep(Reporter.java:46)
at wrappers.GenericWrappers.takeSnap(GenericWrappers.java:860)
at utils.Reporter.reportStep(Reporter.java:23)
at utils.Reporter.reportStep(Reporter.java:46)
at wrappers.GenericWrappers.takeSnap(GenericWrappers.java:860)
at utils.Reporter.reportStep(Reporter.java:23)
at utils.Reporter.reportStep(Reporter.java:46)
at wrappers.GenericWrappers.takeSnap(GenericWrappers.java:860)
at utils.Reporter.reportStep(Reporter.java:23)
at utils.Reporter.reportStep(Reporter.java:46)
at wrappers.GenericWrappers.takeSnap(GenericWrappers.java:860)
at utils.Reporter.reportStep(Reporter.java:23)
at utils.Reporter.reportStep(Reporter.java:46)
at wrappers.GenericWrappers.takeSnap(GenericWrappers.java:860)
at utils.Reporter.reportStep(Reporter.java:23)
at utils.Reporter.reportStep(Reporter.java:46)
at wrappers.GenericWrappers.takeSnap(GenericWrappers.java:860)
at utils.Reporter.reportStep(Reporter.java:23)
at utils.Reporter.reportStep(Reporter.java:46)
at wrappers.GenericWrappers.takeSnap(GenericWrappers.java:860)
at utils.Reporter.reportStep(Reporter.java:23)
at utils.Reporter.reportStep(Reporter.java:46)
at wrappers.GenericWrappers.takeSnap(GenericWrappers.java:860)
at utils.Reporter.reportStep(Reporter.java:23)
at utils.Reporter.reportStep(Reporter.java:46)
at wrappers.GenericWrappers.takeSnap(GenericWrappers.java:860)
at utils.Reporter.reportStep(Reporter.java:23)
at utils.Reporter.reportStep(Reporter.java:46)
at wrappers.GenericWrappers.takeSnap(GenericWrappers.java:860)
at utils.Reporter.reportStep(Reporter.java:23)
at utils.Reporter.reportStep(Reporter.java:46)
at wrappers.GenericWrappers.takeSnap(GenericWrappers.java:860)
at utils.Reporter.reportStep(Reporter.java:23)
at utils.Reporter.reportStep(Reporter.java:46)
at wrappers.GenericWrappers.takeSnap(GenericWrappers.java:860)
at utils.Reporter.reportStep(Reporter.java:23)
at utils.Reporter.reportStep(Reporter.java:46)
at wrappers.GenericWrappers.takeSnap(GenericWrappers.java:860)
at utils.Reporter.reportStep(Reporter.java:23)
at utils.Reporter.reportStep(Reporter.java:46)
at wrappers.GenericWrappers.takeSnap(GenericWrappers.java:860)
at utils.Reporter.reportStep(Reporter.java:23)
at utils.Reporter.reportStep(Reporter.java:46)
at wrappers.GenericWrappers.takeSnap(GenericWrappers.java:860)
at utils.Reporter.reportStep(Reporter.java:23)
at utils.Reporter.reportStep(Reporter.java:46)
at wrappers.GenericWrappers.takeSnap(GenericWrappers.java:860)
at utils.Reporter.reportStep(Reporter.java:23)
at utils.Reporter.reportStep(Reporter.java:46)
at wrappers.GenericWrappers.takeSnap(GenericWrappers.java:860)
at utils.Reporter.reportStep(Reporter.java:23)
at utils.Reporter.reportStep(Reporter.java:46)
at wrappers.GenericWrappers.takeSnap(GenericWrappers.java:860)
at utils.Reporter.reportStep(Reporter.java:23)
at utils.Reporter.reportStep(Reporter.java:46)
at wrappers.GenericWrappers.takeSnap(GenericWrappers.java:860)
at utils.Reporter.reportStep(Reporter.java:23)
at utils.Reporter.reportStep(Reporter.java:46)
at wrappers.GenericWrappers.takeSnap(GenericWrappers.java:860)
at utils.Reporter.reportStep(Reporter.java:23)
at utils.Reporter.reportStep(Reporter.java:46)
at wrappers.GenericWrappers.takeSnap(GenericWrappers.java:860)
at utils.Reporter.reportStep(Reporter.java:23)
at utils.Reporter.reportStep(Reporter.java:46)
at wrappers.GenericWrappers.takeSnap(GenericWrappers.java:860)
at utils.Reporter.reportStep(Reporter.java:23)
at utils.Reporter.reportStep(Reporter.java:46)
at wrappers.GenericWrappers.takeSnap(GenericWrappers.java:860)
at utils.Reporter.reportStep(Reporter.java:23)
at utils.Reporter.reportStep(Reporter.java:46)
at wrappers.GenericWrappers.takeSnap(GenericWrappers.java:860)
at utils.Reporter.reportStep(Reporter.java:23)
at utils.Reporter.reportStep(Reporter.java:46)
at wrappers.GenericWrappers.takeSnap(GenericWrappers.java:860)
at utils.Reporter.reportStep(Reporter.java:23)
at utils.Reporter.reportStep(Reporter.java:46)
at wrappers.GenericWrappers.takeSnap(GenericWrappers.java:860)
at utils.Reporter.reportStep(Reporter.java:23)
at utils.Reporter.reportStep(Reporter.java:46)
at wrappers.GenericWrappers.takeSnap(GenericWrappers.java:860)
at utils.Reporter.reportStep(Reporter.java:23)
at utils.Reporter.reportStep(Reporter.java:46)
at wrappers.GenericWrappers.takeSnap(GenericWrappers.java:860)
at utils.Reporter.reportStep(Reporter.java:23)
at utils.Reporter.reportStep(Reporter.java:46)
at wrappers.GenericWrappers.takeSnap(GenericWrappers.java:860)
at utils.Reporter.reportStep(Reporter.java:23)
at utils.Reporter.reportStep(Reporter.java:46)
at wrappers.GenericWrappers.takeSnap(GenericWrappers.java:860)
at utils.Reporter.reportStep(Reporter.java:23)
at utils.Reporter.reportStep(Reporter.java:46)
at wrappers.GenericWrappers.takeSnap(GenericWrappers.java:860)
at utils.Reporter.reportStep(Reporter.java:23)
at utils.Reporter.reportStep(Reporter.java:46)
at wrappers.GenericWrappers.takeSnap(GenericWrappers.java:860)
at utils.Reporter.reportStep(Reporter.java:23)
at utils.Reporter.reportStep(Reporter.java:46)
at wrappers.GenericWrappers.takeSnap(GenericWrappers.java:860)
at utils.Reporter.reportStep(Reporter.java:23)
at utils.Reporter.reportStep(Reporter.java:46)
at wrappers.GenericWrappers.takeSnap(GenericWrappers.java:860)
at utils.Reporter.reportStep(Reporter.java:23)
at utils.Reporter.reportStep(Reporter.java:46)
at wrappers.GenericWrappers.takeSnap(GenericWrappers.java:860)
at utils.Reporter.reportStep(Reporter.java:23)
at utils.Reporter.reportStep(Reporter.java:46)
at wrappers.GenericWrappers.takeSnap(GenericWrappers.java:860)
at utils.Reporter.reportStep(Reporter.java:23)
at utils.Reporter.reportStep(Reporter.java:46)
at wrappers.GenericWrappers.takeSnap(GenericWrappers.java:860)
at utils.Reporter.reportStep(Reporter.java:23)
at utils.Reporter.reportStep(Reporter.java:46)
at wrappers.GenericWrappers.takeSnap(GenericWrappers.java:860)
at utils.Reporter.reportStep(Reporter.java:23)
at utils.Reporter.reportStep(Reporter.java:46)
at wrappers.GenericWrappers.takeSnap(GenericWrappers.java:860)
at utils.Reporter.reportStep(Reporter.java:23)
at utils.Reporter.reportStep(Reporter.java:46)
at wrappers.GenericWrappers.takeSnap(GenericWrappers.java:860)
at utils.Reporter.reportStep(Reporter.java:23)
at utils.Reporter.reportStep(Reporter.java:46)
at wrappers.GenericWrappers.takeSnap(GenericWrappers.java:860)
at utils.Reporter.reportStep(Reporter.java:23)
at utils.Reporter.reportStep(Reporter.java:46)
at wrappers.GenericWrappers.takeSnap(GenericWrappers.java:860)
at utils.Reporter.reportStep(Reporter.java:23)
at utils.Reporter.reportStep(Reporter.java:46)
at wrappers.GenericWrappers.takeSnap(GenericWrappers.java:860)
at utils.Reporter.reportStep(Reporter.java:23)
at utils.Reporter.reportStep(Reporter.java:46)
at wrappers.GenericWrappers.takeSnap(GenericWrappers.java:860)
at utils.Reporter.reportStep(Reporter.java:23)
at utils.Reporter.reportStep(Reporter.java:46)
at wrappers.GenericWrappers.takeSnap(GenericWrappers.java:860)
at utils.Reporter.reportStep(Reporter.java:23)
at utils.Reporter.reportStep(Reporter.java:46)
at wrappers.GenericWrappers.takeSnap(GenericWrappers.java:860)
at utils.Reporter.reportStep(Reporter.java:23)
at utils.Reporter.reportStep(Reporter.java:46)
at wrappers.GenericWrappers.takeSnap(GenericWrappers.java:860)
at utils.Reporter.reportStep(Reporter.java:23)
at utils.Reporter.reportStep(Reporter.java:46)
at wrappers.GenericWrappers.takeSnap(GenericWrappers.java:860)
at utils.Reporter.reportStep(Reporter.java:23)
at utils.Reporter.reportStep(Reporter.java:46)
at wrappers.GenericWrappers.takeSnap(GenericWrappers.java:860)
at utils.Reporter.reportStep(Reporter.java:23)
at utils.Reporter.reportStep(Reporter.java:46)
at wrappers.GenericWrappers.takeSnap(GenericWrappers.java:860)
at utils.Reporter.reportStep(Reporter.java:23)
at utils.Reporter.reportStep(Reporter.java:46)
at wrappers.GenericWrappers.takeSnap(GenericWrappers.java:860)
at utils.Reporter.reportStep(Reporter.java:23)
at utils.Reporter.reportStep(Reporter.java:46)
at wrappers.GenericWrappers.takeSnap(GenericWrappers.java:860)
at utils.Reporter.reportStep(Reporter.java:23)
at utils.Reporter.reportStep(Reporter.java:46)
at wrappers.GenericWrappers.takeSnap(GenericWrappers.java:860)
at utils.Reporter.reportStep(Reporter.java:23)
at utils.Reporter.reportStep(Reporter.java:46)
at wrappers.GenericWrappers.takeSnap(GenericWrappers.java:860)
at utils.Reporter.reportStep(Reporter.java:23)
at utils.Reporter.reportStep(Reporter.java:46)
at wrappers.GenericWrappers.takeSnap(GenericWrappers.java:860)
at utils.Reporter.reportStep(Reporter.java:23)
at utils.Reporter.reportStep(Reporter.java:46)
at wrappers.GenericWrappers.takeSnap(GenericWrappers.java:860)
at utils.Reporter.reportStep(Reporter.java:23)
at utils.Reporter.reportStep(Reporter.java:46)
at wrappers.GenericWrappers.takeSnap(GenericWrappers.java:860)
at utils.Reporter.reportStep(Reporter.java:23)
at utils.Reporter.reportStep(Reporter.java:46)
at wrappers.GenericWrappers.takeSnap(GenericWrappers.java:860)
at utils.Reporter.reportStep(Reporter.java:23)
at utils.Reporter.reportStep(Reporter.java:46)
at wrappers.GenericWrappers.takeSnap(GenericWrappers.java:860)
at utils.Reporter.reportStep(Reporter.java:23)
at utils.Reporter.reportStep(Reporter.java:46)
at wrappers.GenericWrappers.takeSnap(GenericWrappers.java:860)
at utils.Reporter.reportStep(Reporter.java:23)
at utils.Reporter.reportStep(Reporter.java:46)
at wrappers.GenericWrappers.takeSnap(GenericWrappers.java:860)
at utils.Reporter.reportStep(Reporter.java:23)
at utils.Reporter.reportStep(Reporter.java:46)
at wrappers.GenericWrappers.takeSnap(GenericWrappers.java:860)
at utils.Reporter.reportStep(Reporter.java:23)
at utils.Reporter.reportStep(Reporter.java:46)
at wrappers.GenericWrappers.takeSnap(GenericWrappers.java:860)
at utils.Reporter.reportStep(Reporter.java:23)
at utils.Reporter.reportStep(Reporter.java:46)
at wrappers.GenericWrappers.takeSnap(GenericWrappers.java:860)
at utils.Reporter.reportStep(Reporter.java:23)
at utils.Reporter.reportStep(Reporter.java:46)
at wrappers.GenericWrappers.takeSnap(GenericWrappers.java:860)
at utils.Reporter.reportStep(Reporter.java:23)
at utils.Reporter.reportStep(Reporter.java:46)
at wrappers.GenericWrappers.takeSnap(GenericWrappers.java:860)
at utils.Reporter.reportStep(Reporter.java:23)
at utils.Reporter.reportStep(Reporter.java:46)
at wrappers.GenericWrappers.takeSnap(GenericWrappers.java:860)
at utils.Reporter.reportStep(Reporter.java:23)
at utils.Reporter.reportStep(Reporter.java:46)
at wrappers.GenericWrappers.takeSnap(GenericWrappers.java:860)
at utils.Reporter.reportStep(Reporter.java:23)
at utils.Reporter.reportStep(Reporter.java:46)
at wrappers.GenericWrappers.takeSnap(GenericWrappers.java:860)
at utils.Reporter.reportStep(Reporter.java:23)
at utils.Reporter.reportStep(Reporter.java:46)
at wrappers.GenericWrappers.takeSnap(GenericWrappers.java:860)
at utils.Reporter.reportStep(Reporter.java:23)
at utils.Reporter.reportStep(Reporter.java:46)
at wrappers.GenericWrappers.takeSnap(GenericWrappers.java:860)
at utils.Reporter.reportStep(Reporter.java:23)
at utils.Reporter.reportStep(Reporter.java:46)
at wrappers.GenericWrappers.takeSnap(GenericWrappers.java:860)
at utils.Reporter.reportStep(Reporter.java:23)
at utils.Reporter.reportStep(Reporter.java:46)
at wrappers.GenericWrappers.takeSnap(GenericWrappers.java:860)
at utils.Reporter.reportStep(Reporter.java:23)
at utils.Reporter.reportStep(Reporter.java:46)
at wrappers.GenericWrappers.takeSnap(GenericWrappers.java:860)
at utils.Reporter.reportStep(Reporter.java:23)
at utils.Reporter.reportStep(Reporter.java:46)
at wrappers.GenericWrappers.takeSnap(GenericWrappers.java:860)
at utils.Reporter.reportStep(Reporter.java:23)
at utils.Reporter.reportStep(Reporter.java:46)
at wrappers.GenericWrappers.takeSnap(GenericWrappers.java:860)
at utils.Reporter.reportStep(Reporter.java:23)
at utils.Reporter.reportStep(Reporter.java:46)
at wrappers.GenericWrappers.takeSnap(GenericWrappers.java:860)
at utils.Reporter.reportStep(Reporter.java:23)
at utils.Reporter.reportStep(Reporter.java:46)
at wrappers.GenericWrappers.takeSnap(GenericWrappers.java:860)
at utils.Reporter.reportStep(Reporter.java:23)
at utils.Reporter.reportStep(Reporter.java:46)
at wrappers.GenericWrappers.takeSnap(GenericWrappers.java:860)
at utils.Reporter.reportStep(Reporter.java:23)
at utils.Reporter.reportStep(Reporter.java:46)
at wrappers.GenericWrappers.takeSnap(GenericWrappers.java:860)
at utils.Reporter.reportStep(Reporter.java:23)
at utils.Reporter.reportStep(Reporter.java:46)
at wrappers.GenericWrappers.takeSnap(GenericWrappers.java:860)
at utils.Reporter.reportStep(Reporter.java:23)
at utils.Reporter.reportStep(Reporter.java:46)
at wrappers.GenericWrappers.takeSnap(GenericWrappers.java:860)
at utils.Reporter.reportStep(Reporter.java:23)
at utils.Reporter.reportStep(Reporter.java:46)
at wrappers.GenericWrappers.takeSnap(GenericWrappers.java:860)
at utils.Reporter.reportStep(Reporter.java:23)
at utils.Reporter.reportStep(Reporter.java:46)
at wrappers.GenericWrappers.takeSnap(GenericWrappers.java:860)
at utils.Reporter.reportStep(Reporter.java:23)
at utils.Reporter.reportStep(Reporter.java:46)
at wrappers.GenericWrappers.takeSnap(GenericWrappers.java:860)
at utils.Reporter.reportStep(Reporter.java:23)
at utils.Reporter.reportStep(Reporter.java:46)
at wrappers.GenericWrappers.takeSnap(GenericWrappers.java:860)
at utils.Reporter.reportStep(Reporter.java:23)
at utils.Reporter.reportStep(Reporter.java:46)
at wrappers.GenericWrappers.takeSnap(GenericWrappers.java:860)
at utils.Reporter.reportStep(Reporter.java:23)
at utils.Reporter.reportStep(Reporter.java:46)
at wrappers.GenericWrappers.takeSnap(GenericWrappers.java:860)
at utils.Reporter.reportStep(Reporter.java:23)
at utils.Reporter.reportStep(Reporter.java:46)
at wrappers.GenericWrappers.takeSnap(GenericWrappers.java:860)
at utils.Reporter.reportStep(Reporter.java:23)
at utils.Reporter.reportStep(Reporter.java:46)
at wrappers.GenericWrappers.takeSnap(GenericWrappers.java:860)
at utils.Reporter.reportStep(Reporter.java:23)
at utils.Reporter.reportStep(Reporter.java:46)
at wrappers.GenericWrappers.takeSnap(GenericWrappers.java:860)
at utils.Reporter.reportStep(Reporter.java:23)
at utils.Reporter.reportStep(Reporter.java:46)
at wrappers.GenericWrappers.takeSnap(GenericWrappers.java:860)
at utils.Reporter.reportStep(Reporter.java:23)
at utils.Reporter.reportStep(Reporter.java:46)
at wrappers.GenericWrappers.takeSnap(GenericWrappers.java:860)
at utils.Reporter.reportStep(Reporter.java:23)
at utils.Reporter.reportStep(Reporter.java:46)
at wrappers.GenericWrappers.takeSnap(GenericWrappers.java:860)
at utils.Reporter.reportStep(Reporter.java:23)
at utils.Reporter.reportStep(Reporter.java:46)
at wrappers.GenericWrappers.takeSnap(GenericWrappers.java:860)
at utils.Reporter.reportStep(Reporter.java:23)
at utils.Reporter.reportStep(Reporter.java:46)
at wrappers.GenericWrappers.takeSnap(GenericWrappers.java:860)
at utils.Reporter.reportStep(Reporter.java:23)
at utils.Reporter.reportStep(Reporter.java:46)
at wrappers.GenericWrappers.takeSnap(GenericWrappers.java:860)
at utils.Reporter.reportStep(Reporter.java:23)
at utils.Reporter.reportStep(Reporter.java:46)
at wrappers.GenericWrappers.takeSnap(GenericWrappers.java:860)
at utils.Reporter.reportStep(Reporter.java:23)
at utils.Reporter.reportStep(Reporter.java:46)
at wrappers.GenericWrappers.takeSnap(GenericWrappers.java:860)
at utils.Reporter.reportStep(Reporter.java:23)
at utils.Reporter.reportStep(Reporter.java:46)
at wrappers.GenericWrappers.takeSnap(GenericWrappers.java:860)
at utils.Reporter.reportStep(Reporter.java:23)
at utils.Reporter.reportStep(Reporter.java:46)
at wrappers.GenericWrappers.takeSnap(GenericWrappers.java:860)
at utils.Reporter.reportStep(Reporter.java:23)
at utils.Reporter.reportStep(Reporter.java:46)
at wrappers.GenericWrappers.takeSnap(GenericWrappers.java:860)
at utils.Reporter.reportStep(Reporter.java:23)
at utils.Reporter.reportStep(Reporter.java:46)
at wrappers.GenericWrappers.takeSnap(GenericWrappers.java:860)
at utils.Reporter.reportStep(Reporter.java:23)
at utils.Reporter.reportStep(Reporter.java:46)
at wrappers.GenericWrappers.takeSnap(GenericWrappers.java:860)
at utils.Reporter.reportStep(Reporter.java:23)
at utils.Reporter.reportStep(Reporter.java:46)
at wrappers.GenericWrappers.takeSnap(GenericWrappers.java:860)
at utils.Reporter.reportStep(Reporter.java:23)
at utils.Reporter.reportStep(Reporter.java:46)
at wrappers.GenericWrappers.takeSnap(GenericWrappers.java:860)
at utils.Reporter.reportStep(Reporter.java:23)
at utils.Reporter.reportStep(Reporter.java:46)
at wrappers.GenericWrappers.takeSnap(GenericWrappers.java:860)
at utils.Reporter.reportStep(Reporter.java:23)
at utils.Reporter.reportStep(Reporter.java:46)
at wrappers.GenericWrappers.takeSnap(GenericWrappers.java:860)
at utils.Reporter.reportStep(Reporter.java:23)
at utils.Reporter.reportStep(Reporter.java:46)
at wrappers.GenericWrappers.takeSnap(GenericWrappers.java:860)
at utils.Reporter.reportStep(Reporter.java:23)
at utils.Reporter.reportStep(Reporter.java:46)
at wrappers.GenericWrappers.takeSnap(GenericWrappers.java:860)
at utils.Reporter.reportStep(Reporter.java:23)
at utils.Reporter.reportStep(Reporter.java:46)
at wrappers.GenericWrappers.takeSnap(GenericWrappers.java:860)
at utils.Reporter.reportStep(Reporter.java:23)
at utils.Reporter.reportStep(Reporter.java:46)
at wrappers.GenericWrappers.takeSnap(GenericWrappers.java:860)
at utils.Reporter.reportStep(Reporter.java:23)
at utils.Reporter.reportStep(Reporter.java:46)
at wrappers.GenericWrappers.takeSnap(GenericWrappers.java:860)
at utils.Reporter.reportStep(Reporter.java:23)
at utils.Reporter.reportStep(Reporter.java:46)
at wrappers.GenericWrappers.takeSnap(GenericWrappers.java:860)
at utils.Reporter.reportStep(Reporter.java:23)
at utils.Reporter.reportStep(Reporter.java:46)
at wrappers.GenericWrappers.takeSnap(GenericWrappers.java:860)
at utils.Reporter.reportStep(Reporter.java:23)
at utils.Reporter.reportStep(Reporter.java:46)
at wrappers.GenericWrappers.takeSnap(GenericWrappers.java:860)
at utils.Reporter.reportStep(Reporter.java:23)
at utils.Reporter.reportStep(Reporter.java:46)
at wrappers.GenericWrappers.takeSnap(GenericWrappers.java:860)
at utils.Reporter.reportStep(Reporter.java:23)
at utils.Reporter.reportStep(Reporter.java:46)
at wrappers.GenericWrappers.takeSnap(GenericWrappers.java:860)
at utils.Reporter.reportStep(Reporter.java:23)
at utils.Reporter.reportStep(Reporter.java:46)
at wrappers.GenericWrappers.takeSnap(GenericWrappers.java:860)
at utils.Reporter.reportStep(Reporter.java:23)
at utils.Reporter.reportStep(Reporter.java:46)
at wrappers.GenericWrappers.takeSnap(GenericWrappers.java:860)
at utils.Reporter.reportStep(Reporter.java:23)
at utils.Reporter.reportStep(Reporter.java:46)
at wrappers.GenericWrappers.takeSnap(GenericWrappers.java:860)
at utils.Reporter.reportStep(Reporter.java:23)
at utils.Reporter.reportStep(Reporter.java:46)
at wrappers.GenericWrappers.takeSnap(GenericWrappers.java:860)
at utils.Reporter.reportStep(Reporter.java:23)
at utils.Reporter.reportStep(Reporter.java:46)
at wrappers.GenericWrappers.takeSnap(GenericWrappers.java:860)
at utils.Reporter.reportStep(Reporter.java:23)
at utils.Reporter.reportStep(Reporter.java:46)
at wrappers.GenericWrappers.takeSnap(GenericWrappers.java:860)
at utils.Reporter.reportStep(Reporter.java:23)
at utils.Reporter.reportStep(Reporter.java:46)
at wrappers.GenericWrappers.takeSnap(GenericWrappers.java:860)
at utils.Reporter.reportStep(Reporter.java:23)
at utils.Reporter.reportStep(Reporter.java:46)
at wrappers.GenericWrappers.takeSnap(GenericWrappers.java:860)
at utils.Reporter.reportStep(Reporter.java:23)
at utils.Reporter.reportStep(Reporter.java:46)
at wrappers.GenericWrappers.takeSnap(GenericWrappers.java:860)
at utils.Reporter.reportStep(Reporter.java:23)
at utils.Reporter.reportStep(Reporter.java:46)
at wrappers.GenericWrappers.takeSnap(GenericWrappers.java:860)
at utils.Reporter.reportStep(Reporter.java:23)
at utils.Reporter.reportStep(Reporter.java:46)
at wrappers.GenericWrappers.takeSnap(GenericWrappers.java:860)
at utils.Reporter.reportStep(Reporter.java:23)
at utils.Reporter.reportStep(Reporter.java:46)
at wrappers.GenericWrappers.takeSnap(GenericWrappers.java:860)
at utils.Reporter.reportStep(Reporter.java:23)
at utils.Reporter.reportStep(Reporter.java:46)
at wrappers.GenericWrappers.takeSnap(GenericWrappers.java:860)
at utils.Reporter.reportStep(Reporter.java:23)
at utils.Reporter.reportStep(Reporter.java:46)
at wrappers.GenericWrappers.takeSnap(GenericWrappers.java:860)
at utils.Reporter.reportStep(Reporter.java:23)
at utils.Reporter.reportStep(Reporter.java:46)
at wrappers.GenericWrappers.takeSnap(GenericWrappers.java:860)
at utils.Reporter.reportStep(Reporter.java:23)
at utils.Reporter.reportStep(Reporter.java:46)
at wrappers.GenericWrappers.takeSnap(GenericWrappers.java:860)
at utils.Reporter.reportStep(Reporter.java:23)
at utils.Reporter.reportStep(Reporter.java:46)
at wrappers.GenericWrappers.takeSnap(GenericWrappers.java:860)
at utils.Reporter.reportStep(Reporter.java:23)
at utils.Reporter.reportStep(Reporter.java:46)
at wrappers.GenericWrappers.takeSnap(GenericWrappers.java:860)
at utils.Reporter.reportStep(Reporter.java:23)
at utils.Reporter.reportStep(Reporter.java:46)
at wrappers.GenericWrappers.takeSnap(GenericWrappers.java:860)
at utils.Reporter.reportStep(Reporter.java:23)
at utils.Reporter.reportStep(Reporter.java:46)
at wrappers.GenericWrappers.takeSnap(GenericWrappers.java:860)
at utils.Reporter.reportStep(Reporter.java:23)
at utils.Reporter.reportStep(Reporter.java:46)
at wrappers.GenericWrappers.takeSnap(GenericWrappers.java:860)
at utils.Reporter.reportStep(Reporter.java:23)
at utils.Reporter.reportStep(Reporter.java:46)
at wrappers.GenericWrappers.takeSnap(GenericWrappers.java:860)
at utils.Reporter.reportStep(Reporter.java:23)
at utils.Reporter.reportStep(Reporter.java:46)
at wrappers.GenericWrappers.takeSnap(GenericWrappers.java:860)
at utils.Reporter.reportStep(Reporter.java:23)
at utils.Reporter.reportStep(Reporter.java:46)
at wrappers.GenericWrappers.takeSnap(GenericWrappers.java:860)
at utils.Reporter.reportStep(Reporter.java:23)
at utils.Reporter.reportStep(Reporter.java:46)
at wrappers.GenericWrappers.takeSnap(GenericWrappers.java:860)
at utils.Reporter.reportStep(Reporter.java:23)
at utils.Reporter.reportStep(Reporter.java:46)
at wrappers.GenericWrappers.takeSnap(GenericWrappers.java:860)
at utils.Reporter.reportStep(Reporter.java:23)
at utils.Reporter.reportStep(Reporter.java:46)
at wrappers.GenericWrappers.takeSnap(GenericWrappers.java:860)
at utils.Reporter.reportStep(Reporter.java:23)
at utils.Reporter.reportStep(Reporter.java:46)
at wrappers.GenericWrappers.takeSnap(GenericWrappers.java:860)
at utils.Reporter.reportStep(Reporter.java:23)
at utils.Reporter.reportStep(Reporter.java:46)
at wrappers.GenericWrappers.takeSnap(GenericWrappers.java:860)
at utils.Reporter.reportStep(Reporter.java:23)
at utils.Reporter.reportStep(Reporter.java:46)
at wrappers.GenericWrappers.takeSnap(GenericWrappers.java:860)
at utils.Reporter.reportStep(Reporter.java:23)
at utils.Reporter.reportStep(Reporter.java:46)
at wrappers.GenericWrappers.takeSnap(GenericWrappers.java:860)
at utils.Reporter.reportStep(Reporter.java:23)
at utils.Reporter.reportStep(Reporter.java:46)
at wrappers.GenericWrappers.takeSnap(GenericWrappers.java:860)
at utils.Reporter.reportStep(Reporter.java:23)
at utils.Reporter.reportStep(Reporter.java:46)
at wrappers.GenericWrappers.takeSnap(GenericWrappers.java:860)
at utils.Reporter.reportStep(Reporter.java:23)
at utils.Reporter.reportStep(Reporter.java:46)
at wrappers.GenericWrappers.takeSnap(GenericWrappers.java:860)
at utils.Reporter.reportStep(Reporter.java:23)
at utils.Reporter.reportStep(Reporter.java:46)
at wrappers.GenericWrappers.takeSnap(GenericWrappers.java:860)
at utils.Reporter.reportStep(Reporter.java:23)
at utils.Reporter.reportStep(Reporter.java:46)
at wrappers.GenericWrappers.takeSnap(GenericWrappers.java:860)
at utils.Reporter.reportStep(Reporter.java:23)
at utils.Reporter.reportStep(Reporter.java:46)
at wrappers.GenericWrappers.takeSnap(GenericWrappers.java:860)
at utils.Reporter.reportStep(Reporter.java:23)
at utils.Reporter.reportStep(Reporter.java:46)
at wrappers.GenericWrappers.takeSnap(GenericWrappers.java:860)
at utils.Reporter.reportStep(Reporter.java:23)
at utils.Reporter.reportStep(Reporter.java:46)
at wrappers.GenericWrappers.takeSnap(GenericWrappers.java:860)
at utils.Reporter.reportStep(Reporter.java:23)
at utils.Reporter.reportStep(Reporter.java:46)
at wrappers.GenericWrappers.takeSnap(GenericWrappers.java:860)
at utils.Reporter.reportStep(Reporter.java:23)
at utils.Reporter.reportStep(Reporter.java:46)
at wrappers.GenericWrappers.takeSnap(GenericWrappers.java:860)
at utils.Reporter.reportStep(Reporter.java:23)
at utils.Reporter.reportStep(Reporter.java:46)
at wrappers.GenericWrappers.takeSnap(GenericWrappers.java:860)
at utils.Reporter.reportStep(Reporter.java:23)
at utils.Reporter.reportStep(Reporter.java:46)
at wrappers.GenericWrappers.takeSnap(GenericWrappers.java:860)
at utils.Reporter.reportStep(Reporter.java:23)
at utils.Reporter.reportStep(Reporter.java:46)
at wrappers.GenericWrappers.takeSnap(GenericWrappers.java:860)
at utils.Reporter.reportStep(Reporter.java:23)
at utils.Reporter.reportStep(Reporter.java:46)
at wrappers.GenericWrappers.takeSnap(GenericWrappers.java:860)
at utils.Reporter.reportStep(Reporter.java:23)
at utils.Reporter.reportStep(Reporter.java:46)
at wrappers.GenericWrappers.takeSnap(GenericWrappers.java:860)
at utils.Reporter.reportStep(Reporter.java:23)
at utils.Reporter.reportStep(Reporter.java:46)
at wrappers.GenericWrappers.takeSnap(GenericWrappers.java:860)
at utils.Reporter.reportStep(Reporter.java:23)
at utils.Reporter.reportStep(Reporter.java:46)
at wrappers.GenericWrappers.takeSnap(GenericWrappers.java:860)
at utils.Reporter.reportStep(Reporter.java:23)
at utils.Reporter.reportStep(Reporter.java:46)
at wrappers.GenericWrappers.takeSnap(GenericWrappers.java:860)
at utils.Reporter.reportStep(Reporter.java:23)
at utils.Reporter.reportStep(Reporter.java:46)
at wrappers.GenericWrappers.takeSnap(GenericWrappers.java:860)
at utils.Reporter.reportStep(Reporter.java:23)
at utils.Reporter.reportStep(Reporter.java:46)
at wrappers.GenericWrappers.takeSnap(GenericWrappers.java:860)
at utils.Reporter.reportStep(Reporter.java:23)
at utils.Reporter.reportStep(Reporter.java:46)
at wrappers.GenericWrappers.takeSnap(GenericWrappers.java:860)
at utils.Reporter.reportStep(Reporter.java:23)
at utils.Reporter.reportStep(Reporter.java:46)
at wrappers.GenericWrappers.takeSnap(GenericWrappers.java:860)
at utils.Reporter.reportStep(Reporter.java:23)
at utils.Reporter.reportStep(Reporter.java:46)
at wrappers.GenericWrappers.takeSnap(GenericWrappers.java:860)
at utils.Reporter.reportStep(Reporter.java:23)
at utils.Reporter.reportStep(Reporter.java:46)
at wrappers.GenericWrappers.takeSnap(GenericWrappers.java:860)
at utils.Reporter.reportStep(Reporter.java:23)
at utils.Reporter.reportStep(Reporter.java:46)
at wrappers.GenericWrappers.takeSnap(GenericWrappers.java:860)
at utils.Reporter.reportStep(Reporter.java:23)
at utils.Reporter.reportStep(Reporter.java:46)
at wrappers.GenericWrappers.takeSnap(GenericWrappers.java:860)
at utils.Reporter.reportStep(Reporter.java:23)
at utils.Reporter.reportStep(Reporter.java:46)
at wrappers.GenericWrappers.takeSnap(GenericWrappers.java:860)
at utils.Reporter.reportStep(Reporter.java:23)
at utils.Reporter.reportStep(Reporter.java:46)
at wrappers.GenericWrappers.takeSnap(GenericWrappers.java:860)
at utils.Reporter.reportStep(Reporter.java:23)
at utils.Reporter.reportStep(Reporter.java:46)
at wrappers.GenericWrappers.takeSnap(GenericWrappers.java:860)
at utils.Reporter.reportStep(Reporter.java:23)
at utils.Reporter.reportStep(Reporter.java:46)
at wrappers.GenericWrappers.takeSnap(GenericWrappers.java:860)
at utils.Reporter.reportStep(Reporter.java:23)
at utils.Reporter.reportStep(Reporter.java:46)
at wrappers.GenericWrappers.takeSnap(GenericWrappers.java:860)
at utils.Reporter.reportStep(Reporter.java:23)
at utils.Reporter.reportStep(Reporter.java:46)
at wrappers.GenericWrappers.takeSnap(GenericWrappers.java:860)
at utils.Reporter.reportStep(Reporter.java:23)
at utils.Reporter.reportStep(Reporter.java:46)
at wrappers.GenericWrappers.takeSnap(GenericWrappers.java:860)
at utils.Reporter.reportStep(Reporter.java:23)
at utils.Reporter.reportStep(Reporter.java:46)
at wrappers.GenericWrappers.takeSnap(GenericWrappers.java:860)
at utils.Reporter.reportStep(Reporter.java:23)
at utils.Reporter.reportStep(Reporter.java:46)
at wrappers.GenericWrappers.takeSnap(GenericWrappers.java:860)
at utils.Reporter.reportStep(Reporter.java:23)
at utils.Reporter.reportStep(Reporter.java:46)
at wrappers.GenericWrappers.takeSnap(GenericWrappers.java:860)
at utils.Reporter.reportStep(Reporter.java:23)
at utils.Reporter.reportStep(Reporter.java:46)
at wrappers.GenericWrappers.takeSnap(GenericWrappers.java:860)
at utils.Reporter.reportStep(Reporter.java:23)
at utils.Reporter.reportStep(Reporter.java:46)
at wrappers.GenericWrappers.takeSnap(GenericWrappers.java:860)
at utils.Reporter.reportStep(Reporter.java:23)
at utils.Reporter.reportStep(Reporter.java:46)
at wrappers.GenericWrappers.takeSnap(GenericWrappers.java:860)
at utils.Reporter.reportStep(Reporter.java:23)
at utils.Reporter.reportStep(Reporter.java:46)
at wrappers.GenericWrappers.takeSnap(GenericWrappers.java:860)
at utils.Reporter.reportStep(Reporter.java:23)
at utils.Reporter.reportStep(Reporter.java:46)
at wrappers.GenericWrappers.takeSnap(GenericWrappers.java:860)
at utils.Reporter.reportStep(Reporter.java:23)
at utils.Reporter.reportStep(Reporter.java:46)
at wrappers.GenericWrappers.takeSnap(GenericWrappers.java:860)
at utils.Reporter.reportStep(Reporter.java:23)
at utils.Reporter.reportStep(Reporter.java:46)
at wrappers.GenericWrappers.takeSnap(GenericWrappers.java:860)
at utils.Reporter.reportStep(Reporter.java:23)
at utils.Reporter.reportStep(Reporter.java:46)
at wrappers.GenericWrappers.takeSnap(GenericWrappers.java:860)
at utils.Reporter.reportStep(Reporter.java:23)
at utils.Reporter.reportStep(Reporter.java:46)
at wrappers.GenericWrappers.takeSnap(GenericWrappers.java:860)
at utils.Reporter.reportStep(Reporter.java:23)
at utils.Reporter.reportStep(Reporter.java:46)
at wrappers.GenericWrappers.takeSnap(GenericWrappers.java:860)
at utils.Reporter.reportStep(Reporter.java:23)
at utils.Reporter.reportStep(Reporter.java:46)
at wrappers.GenericWrappers.takeSnap(GenericWrappers.java:860)
at utils.Reporter.reportStep(Reporter.java:23)
at utils.Reporter.reportStep(Reporter.java:46)
at wrappers.GenericWrappers.takeSnap(GenericWrappers.java:860)
at utils.Reporter.reportStep(Reporter.java:23)
at utils.Reporter.reportStep(Reporter.java:46)
at wrappers.GenericWrappers.takeSnap(GenericWrappers.java:860)
at utils.Reporter.reportStep(Reporter.java:23)
at utils.Reporter.reportStep(Reporter.java:46)
at wrappers.GenericWrappers.takeSnap(GenericWrappers.java:860)
at utils.Reporter.reportStep(Reporter.java:23)
at utils.Reporter.reportStep(Reporter.java:46)
at wrappers.GenericWrappers.takeSnap(GenericWrappers.java:860)
at utils.Reporter.reportStep(Reporter.java:23)
at utils.Reporter.reportStep(Reporter.java:46)
at wrappers.GenericWrappers.takeSnap(GenericWrappers.java:860)
at utils.Reporter.reportStep(Reporter.java:23)
at utils.Reporter.reportStep(Reporter.java:46)
at wrappers.GenericWrappers.takeSnap(GenericWrappers.java:860)
at utils.Reporter.reportStep(Reporter.java:23)
at utils.Reporter.reportStep(Reporter.java:46)
at wrappers.GenericWrappers.takeSnap(GenericWrappers.java:860)
at utils.Reporter.reportStep(Reporter.java:23)
at utils.Reporter.reportStep(Reporter.java:46)
at wrappers.GenericWrappers.takeSnap(GenericWrappers.java:860)
at utils.Reporter.reportStep(Reporter.java:23)
at utils.Reporter.reportStep(Reporter.java:46)
at wrappers.GenericWrappers.takeSnap(GenericWrappers.java:860)
at utils.Reporter.reportStep(Reporter.java:23)
at utils.Reporter.reportStep(Reporter.java:46)
at wrappers.GenericWrappers.takeSnap(GenericWrappers.java:860)
at utils.Reporter.reportStep(Reporter.java:23)
at utils.Reporter.reportStep(Reporter.java:46)
at wrappers.GenericWrappers.takeSnap(GenericWrappers.java:860)
at utils.Reporter.reportStep(Reporter.java:23)
at utils.Reporter.reportStep(Reporter.java:46)
at wrappers.GenericWrappers.takeSnap(GenericWrappers.java:860)
at utils.Reporter.reportStep(Reporter.java:23)
at utils.Reporter.reportStep(Reporter.java:46)
at wrappers.GenericWrappers.takeSnap(GenericWrappers.java:860)
at utils.Reporter.reportStep(Reporter.java:23)
at utils.Reporter.reportStep(Reporter.java:46)
at wrappers.GenericWrappers.takeSnap(GenericWrappers.java:860)
at utils.Reporter.reportStep(Reporter.java:23)
at utils.Reporter.reportStep(Reporter.java:46)
at wrappers.GenericWrappers.takeSnap(GenericWrappers.java:860)
at utils.Reporter.reportStep(Reporter.java:23)
at utils.Reporter.reportStep(Reporter.java:46)
at wrappers.GenericWrappers.takeSnap(GenericWrappers.java:860)
at utils.Reporter.reportStep(Reporter.java:23)
at utils.Reporter.reportStep(Reporter.java:46)
at wrappers.GenericWrappers.takeSnap(GenericWrappers.java:860)
at utils.Reporter.reportStep(Reporter.java:23)
at utils.Reporter.reportStep(Reporter.java:46)
at wrappers.GenericWrappers.takeSnap(GenericWrappers.java:860)
at utils.Reporter.reportStep(Reporter.java:23)
at utils.Reporter.reportStep(Reporter.java:46)
at wrappers.GenericWrappers.takeSnap(GenericWrappers.java:860)
at utils.Reporter.reportStep(Reporter.java:23)
at utils.Reporter.reportStep(Reporter.java:46)
at wrappers.GenericWrappers.takeSnap(GenericWrappers.java:860)
at utils.Reporter.reportStep(Reporter.java:23)
at utils.Reporter.reportStep(Reporter.java:46)
at wrappers.GenericWrappers.takeSnap(GenericWrappers.java:860)
at utils.Reporter.reportStep(Reporter.java:23)
at utils.Reporter.reportStep(Reporter.java:46)
at wrappers.GenericWrappers.takeSnap(GenericWrappers.java:860)
at utils.Reporter.reportStep(Reporter.java:23)
at utils.Reporter.reportStep(Reporter.java:46)
at wrappers.GenericWrappers.takeSnap(GenericWrappers.java:860)
at utils.Reporter.reportStep(Reporter.java:23)
at utils.Reporter.reportStep(Reporter.java:46)
at wrappers.GenericWrappers.takeSnap(GenericWrappers.java:860)
at utils.Reporter.reportStep(Reporter.java:23)
at utils.Reporter.reportStep(Reporter.java:46)
at wrappers.GenericWrappers.takeSnap(GenericWrappers.java:860)
at utils.Reporter.reportStep(Reporter.java:23)
at utils.Reporter.reportStep(Reporter.java:46)
at wrappers.GenericWrappers.takeSnap(GenericWrappers.java:860)
at utils.Reporter.reportStep(Reporter.java:23)
at utils.Reporter.reportStep(Reporter.java:46)
at wrappers.GenericWrappers.takeSnap(GenericWrappers.java:860)
at utils.Reporter.reportStep(Reporter.java:23)
at utils.Reporter.reportStep(Reporter.java:46)
at wrappers.GenericWrappers.takeSnap(GenericWrappers.java:860)
at utils.Reporter.reportStep(Reporter.java:23)
at utils.Reporter.reportStep(Reporter.java:46)
at wrappers.GenericWrappers.takeSnap(GenericWrappers.java:860)
at utils.Reporter.reportStep(Reporter.java:23)
at utils.Reporter.reportStep(Reporter.java:46)
at wrappers.GenericWrappers.takeSnap(GenericWrappers.java:860)
at utils.Reporter.reportStep(Reporter.java:23)
at utils.Reporter.reportStep(Reporter.java:46)
at wrappers.GenericWrappers.takeSnap(GenericWrappers.java:860)
at utils.Reporter.reportStep(Reporter.java:23)
at utils.Reporter.reportStep(Reporter.java:46)
at wrappers.GenericWrappers.takeSnap(GenericWrappers.java:860)
at utils.Reporter.reportStep(Reporter.java:23)
at utils.Reporter.reportStep(Reporter.java:46)
at wrappers.GenericWrappers.takeSnap(GenericWrappers.java:860)
at utils.Reporter.reportStep(Reporter.java:23)
at utils.Reporter.reportStep(Reporter.java:46)
at wrappers.GenericWrappers.takeSnap(GenericWrappers.java:860)
at utils.Reporter.reportStep(Reporter.java:23)
at utils.Reporter.reportStep(Reporter.java:46)
at wrappers.GenericWrappers.takeSnap(GenericWrappers.java:860)
at utils.Reporter.reportStep(Reporter.java:23)
at utils.Reporter.reportStep(Reporter.java:46)
at wrappers.GenericWrappers.takeSnap(GenericWrappers.java:860)
at utils.Reporter.reportStep(Reporter.java:23)
at utils.Reporter.reportStep(Reporter.java:46)
at wrappers.GenericWrappers.takeSnap(GenericWrappers.java:860)
at utils.Reporter.reportStep(Reporter.java:23)
at utils.Reporter.reportStep(Reporter.java:46)
at wrappers.GenericWrappers.takeSnap(GenericWrappers.java:860)
at utils.Reporter.reportStep(Reporter.java:23)
at utils.Reporter.reportStep(Reporter.java:46)
at wrappers.GenericWrappers.takeSnap(GenericWrappers.java:860)
at utils.Reporter.reportStep(Reporter.java:23)
at utils.Reporter.reportStep(Reporter.java:46)
at wrappers.GenericWrappers.takeSnap(GenericWrappers.java:860)
at utils.Reporter.reportStep(Reporter.java:23)
at utils.Reporter.reportStep(Reporter.java:46)
at wrappers.GenericWrappers.takeSnap(GenericWrappers.java:860)
at utils.Reporter.reportStep(Reporter.java:23)
at utils.Reporter.reportStep(Reporter.java:46)
at wrappers.GenericWrappers.takeSnap(GenericWrappers.java:860)
at utils.Reporter.reportStep(Reporter.java:23)
at utils.Reporter.reportStep(Reporter.java:46)
at wrappers.GenericWrappers.takeSnap(GenericWrappers.java:860)
at utils.Reporter.reportStep(Reporter.java:23)
at utils.Reporter.reportStep(Reporter.java:46)
at wrappers.GenericWrappers.takeSnap(GenericWrappers.java:860)
at utils.Reporter.reportStep(Reporter.java:23)
at utils.Reporter.reportStep(Reporter.java:46)
at wrappers.GenericWrappers.takeSnap(GenericWrappers.java:860)
at utils.Reporter.reportStep(Reporter.java:23)
at utils.Reporter.reportStep(Reporter.java:46)
at wrappers.GenericWrappers.takeSnap(GenericWrappers.java:860)
at utils.Reporter.reportStep(Reporter.java:23)
at utils.Reporter.reportStep(Reporter.java:46)
at wrappers.GenericWrappers.takeSnap(GenericWrappers.java:860)
at utils.Reporter.reportStep(Reporter.java:23)
at utils.Reporter.reportStep(Reporter.java:46)
at wrappers.GenericWrappers.takeSnap(GenericWrappers.java:860)
at utils.Reporter.reportStep(Reporter.java:23)
at utils.Reporter.reportStep(Reporter.java:46)
at wrappers.GenericWrappers.takeSnap(GenericWrappers.java:860)
at utils.Reporter.reportStep(Reporter.java:23)
at utils.Reporter.reportStep(Reporter.java:46)
at wrappers.GenericWrappers.takeSnap(GenericWrappers.java:860)
at utils.Reporter.reportStep(Reporter.java:23)
at utils.Reporter.reportStep(Reporter.java:46)
at wrappers.GenericWrappers.takeSnap(GenericWrappers.java:860)
at utils.Reporter.reportStep(Reporter.java:23)
at utils.Reporter.reportStep(Reporter.java:46)
at wrappers.GenericWrappers.takeSnap(GenericWrappers.java:860)
at utils.Reporter.reportStep(Reporter.java:23)
at utils.Reporter.reportStep(Reporter.java:46)
at wrappers.GenericWrappers.takeSnap(GenericWrappers.java:860)
at utils.Reporter.reportStep(Reporter.java:23)
at utils.Reporter.reportStep(Reporter.java:46)
at wrappers.GenericWrappers.takeSnap(GenericWrappers.java:860)
at utils.Reporter.reportStep(Reporter.java:23)
at utils.Reporter.reportStep(Reporter.java:46)
at wrappers.GenericWrappers.takeSnap(GenericWrappers.java:860)
at utils.Reporter.reportStep(Reporter.java:23)
at utils.Reporter.reportStep(Reporter.java:46)
at wrappers.GenericWrappers.takeSnap(GenericWrappers.java:860)
at utils.Reporter.reportStep(Reporter.java:23)
at utils.Reporter.reportStep(Reporter.java:46)
at wrappers.GenericWrappers.takeSnap(GenericWrappers.java:860)
at utils.Reporter.reportStep(Reporter.java:23)
at utils.Reporter.reportStep(Reporter.java:46)
at wrappers.GenericWrappers.takeSnap(GenericWrappers.java:860)
at utils.Reporter.reportStep(Reporter.java:23)
at utils.Reporter.reportStep(Reporter.java:46)
at wrappers.GenericWrappers.takeSnap(GenericWrappers.java:860)
at utils.Reporter.reportStep(Reporter.java:23)
at utils.Reporter.reportStep(Reporter.java:46)
at wrappers.GenericWrappers.takeSnap(GenericWrappers.java:860)
at utils.Reporter.reportStep(Reporter.java:23)
at utils.Reporter.reportStep(Reporter.java:46)
at wrappers.GenericWrappers.takeSnap(GenericWrappers.java:860)
at utils.Reporter.reportStep(Reporter.java:23)
at utils.Reporter.reportStep(Reporter.java:46)
at wrappers.GenericWrappers.takeSnap(GenericWrappers.java:860)
at utils.Reporter.reportStep(Reporter.java:23)
at utils.Reporter.reportStep(Reporter.java:46)
at wrappers.GenericWrappers.takeSnap(GenericWrappers.java:860)
at utils.Reporter.reportStep(Reporter.java:23)
at utils.Reporter.reportStep(Reporter.java:46)
at wrappers.GenericWrappers.takeSnap(GenericWrappers.java:860)
at utils.Reporter.reportStep(Reporter.java:23)
at utils.Reporter.reportStep(Reporter.java:46)
at wrappers.GenericWrappers.takeSnap(GenericWrappers.java:860)
at utils.Reporter.reportStep(Reporter.java:23)
at utils.Reporter.reportStep(Reporter.java:46)
at wrappers.GenericWrappers.takeSnap(GenericWrappers.java:860)
]]>
    </failure>
  </testcase> <!-- @AfterMethod afterMethod -->
  <testcase classname="testcases.TC004_MyVehicles" name="myVehiclesPickTheVehicle" time="26.583"/>
</testsuite> <!-- MyVehicles -->
