<?xml version="1.0" encoding="UTF-8"?>
<testng-results ignored="0" total="2" passed="1" failed="1" skipped="0">
  <reporter-output>
  </reporter-output>
  <suite started-at="2023-07-10T19:07:59 IST" name="KIA-CWP" finished-at="2023-07-10T19:08:28 IST" duration-ms="28553">
    <groups>
    </groups>
    <test started-at="2023-07-10T19:07:59 IST" name="Login" finished-at="2023-07-10T19:08:28 IST" duration-ms="28553">
      <class name="testcases.TC002_Login">
        <test-method is-config="true" signature="beforeTest()[pri:0, instance:testcases.TC002_Login@475c9c31]" started-at="2023-07-10T19:07:59 IST" name="beforeTest" finished-at="2023-07-10T19:08:00 IST" duration-ms="575" status="PASS">
          <reporter-output>
          </reporter-output>
        </test-method> <!-- beforeTest -->
        <test-method is-config="true" signature="beforeMethod(java.lang.String,java.lang.String,java.lang.String,java.lang.String,java.lang.String)[pri:0, instance:testcases.TC002_Login@475c9c31]" started-at="2023-07-10T19:08:00 IST" name="beforeMethod" finished-at="2023-07-10T19:08:19 IST" duration-ms="19405" status="PASS">
          <params>
            <param index="0">
              <value>
                <![CDATA[chrome]]>
              </value>
            </param>
            <param index="1">
              <value>
                <![CDATA[Login]]>
              </value>
            </param>
            <param index="2">
              <value>
                <![CDATA[Login - Smoke Test]]>
              </value>
            </param>
            <param index="3">
              <value>
                <![CDATA[Smoke Testing]]>
              </value>
            </param>
            <param index="4">
              <value>
                <![CDATA[HAEA-KIA]]>
              </value>
            </param>
          </params>
          <reporter-output>
          </reporter-output>
        </test-method> <!-- beforeMethod -->
        <test-method signature="verifySignInIsDisplayed()[pri:1, instance:testcases.TC002_Login@475c9c31]" started-at="2023-07-10T19:08:19 IST" name="verifySignInIsDisplayed" finished-at="2023-07-10T19:08:23 IST" duration-ms="4041" status="PASS">
          <reporter-output>
          </reporter-output>
        </test-method> <!-- verifySignInIsDisplayed -->
        <test-method is-config="true" signature="afterMethod()[pri:0, instance:testcases.TC002_Login@475c9c31]" started-at="2023-07-10T19:08:23 IST" name="afterMethod" finished-at="2023-07-10T19:08:25 IST" duration-ms="1219" status="FAIL">
          <exception class="java.lang.StackOverflowError">
            <full-stacktrace>
              <![CDATA[java.lang.StackOverflowError
at java.base/java.lang.StringBuilder.append(StringBuilder.java:209)
at java.base/java.lang.StringBuilder.append(StringBuilder.java:91)
at java.base/java.util.Formatter$FormatSpecifier.appendJustified(Formatter.java:3093)
at java.base/java.util.Formatter$FormatSpecifier.print(Formatter.java:3083)
at java.base/java.util.Formatter$FormatSpecifier.printString(Formatter.java:3056)
at java.base/java.util.Formatter$FormatSpecifier.print(Formatter.java:2933)
at java.base/java.util.Formatter.format(Formatter.java:2689)
at java.base/java.util.Formatter.format(Formatter.java:2625)
at java.base/java.lang.String.format(String.java:4143)
at org.openqa.selenium.remote.RemoteWebDriver.execute(RemoteWebDriver.java:583)
at org.openqa.selenium.remote.RemoteWebDriver.execute(RemoteWebDriver.java:643)
at org.openqa.selenium.remote.RemoteWebDriver.getScreenshotAs(RemoteWebDriver.java:328)
at wrappers.GenericWrappers.takeSnap(GenericWrappers.java:858)
at utils.Reporter.reportStep(Reporter.java:23)
at utils.Reporter.reportStep(Reporter.java:46)
at wrappers.GenericWrappers.takeSnap(GenericWrappers.java:860)
at utils.Reporter.reportStep(Reporter.java:23)
at utils.Reporter.reportStep(Reporter.java:46)
at wrappers.GenericWrappers.takeSnap(GenericWrappers.java:860)
at utils.Reporter.reportStep(Reporter.java:23)
at utils.Reporter.reportStep(Reporter.java:46)
at wrappers.GenericWrappers.takeSnap(GenericWrappers.java:860)
at utils.Reporter.reportStep(Reporter.java:23)
at utils.Reporter.reportStep(Reporter.java:46)
at wrappers.GenericWrappers.takeSnap(GenericWrappers.java:860)
at utils.Reporter.reportStep(Reporter.java:23)
at utils.Reporter.reportStep(Reporter.java:46)
at wrappers.GenericWrappers.takeSnap(GenericWrappers.java:860)
at utils.Reporter.reportStep(Reporter.java:23)
at utils.Reporter.reportStep(Reporter.java:46)
at wrappers.GenericWrappers.takeSnap(GenericWrappers.java:860)
at utils.Reporter.reportStep(Reporter.java:23)
at utils.Reporter.reportStep(Reporter.java:46)
at wrappers.GenericWrappers.takeSnap(GenericWrappers.java:860)
at utils.Reporter.reportStep(Reporter.java:23)
at utils.Reporter.reportStep(Reporter.java:46)
at wrappers.GenericWrappers.takeSnap(GenericWrappers.java:860)
at utils.Reporter.reportStep(Reporter.java:23)
at utils.Reporter.reportStep(Reporter.java:46)
at wrappers.GenericWrappers.takeSnap(GenericWrappers.java:860)
at utils.Reporter.reportStep(Reporter.java:23)
at utils.Reporter.reportStep(Reporter.java:46)
at wrappers.GenericWrappers.takeSnap(GenericWrappers.java:860)
at utils.Reporter.reportStep(Reporter.java:23)
at utils.Reporter.reportStep(Reporter.java:46)
at wrappers.GenericWrappers.takeSnap(GenericWrappers.java:860)
at utils.Reporter.reportStep(Reporter.java:23)
at utils.Reporter.reportStep(Reporter.java:46)
at wrappers.GenericWrappers.takeSnap(GenericWrappers.java:860)
at utils.Reporter.reportStep(Reporter.java:23)
at utils.Reporter.reportStep(Reporter.java:46)
at wrappers.GenericWrappers.takeSnap(GenericWrappers.java:860)
at utils.Reporter.reportStep(Reporter.java:23)
at utils.Reporter.reportStep(Reporter.java:46)
at wrappers.GenericWrappers.takeSnap(GenericWrappers.java:860)
at utils.Reporter.reportStep(Reporter.java:23)
at utils.Reporter.reportStep(Reporter.java:46)
at wrappers.GenericWrappers.takeSnap(GenericWrappers.java:860)
at utils.Reporter.reportStep(Reporter.java:23)
at utils.Reporter.reportStep(Reporter.java:46)
at wrappers.GenericWrappers.takeSnap(GenericWrappers.java:860)
at utils.Reporter.reportStep(Reporter.java:23)
at utils.Reporter.reportStep(Reporter.java:46)
at wrappers.GenericWrappers.takeSnap(GenericWrappers.java:860)
at utils.Reporter.reportStep(Reporter.java:23)
at utils.Reporter.reportStep(Reporter.java:46)
at wrappers.GenericWrappers.takeSnap(GenericWrappers.java:860)
at utils.Reporter.reportStep(Reporter.java:23)
at utils.Reporter.reportStep(Reporter.java:46)
at wrappers.GenericWrappers.takeSnap(GenericWrappers.java:860)
at utils.Reporter.reportStep(Reporter.java:23)
at utils.Reporter.reportStep(Reporter.java:46)
at wrappers.GenericWrappers.takeSnap(GenericWrappers.java:860)
at utils.Reporter.reportStep(Reporter.java:23)
at utils.Reporter.reportStep(Reporter.java:46)
at wrappers.GenericWrappers.takeSnap(GenericWrappers.java:860)
at utils.Reporter.reportStep(Reporter.java:23)
at utils.Reporter.reportStep(Reporter.java:46)
at wrappers.GenericWrappers.takeSnap(GenericWrappers.java:860)
at utils.Reporter.reportStep(Reporter.java:23)
at utils.Reporter.reportStep(Reporter.java:46)
at wrappers.GenericWrappers.takeSnap(GenericWrappers.java:860)
at utils.Reporter.reportStep(Reporter.java:23)
at utils.Reporter.reportStep(Reporter.java:46)
at wrappers.GenericWrappers.takeSnap(GenericWrappers.java:860)
at utils.Reporter.reportStep(Reporter.java:23)
at utils.Reporter.reportStep(Reporter.java:46)
at wrappers.GenericWrappers.takeSnap(GenericWrappers.java:860)
at utils.Reporter.reportStep(Reporter.java:23)
at utils.Reporter.reportStep(Reporter.java:46)
at wrappers.GenericWrappers.takeSnap(GenericWrappers.java:860)
at utils.Reporter.reportStep(Reporter.java:23)
at utils.Reporter.reportStep(Reporter.java:46)
at wrappers.GenericWrappers.takeSnap(GenericWrappers.java:860)
at utils.Reporter.reportStep(Reporter.java:23)
at utils.Reporter.reportStep(Reporter.java:46)
at wrappers.GenericWrappers.takeSnap(GenericWrappers.java:860)
at utils.Reporter.reportStep(Reporter.java:23)
at utils.Reporter.reportStep(Reporter.java:46)
at wrappers.GenericWrappers.takeSnap(GenericWrappers.java:860)
at utils.Reporter.reportStep(Reporter.java:23)
at utils.Reporter.reportStep(Reporter.java:46)
at wrappers.GenericWrappers.takeSnap(GenericWrappers.java:860)
at utils.Reporter.reportStep(Reporter.java:23)
at utils.Reporter.reportStep(Reporter.java:46)
at wrappers.GenericWrappers.takeSnap(GenericWrappers.java:860)
at utils.Reporter.reportStep(Reporter.java:23)
at utils.Reporter.reportStep(Reporter.java:46)
at wrappers.GenericWrappers.takeSnap(GenericWrappers.java:860)
at utils.Reporter.reportStep(Reporter.java:23)
at utils.Reporter.reportStep(Reporter.java:46)
at wrappers.GenericWrappers.takeSnap(GenericWrappers.java:860)
at utils.Reporter.reportStep(Reporter.java:23)
at utils.Reporter.reportStep(Reporter.java:46)
at wrappers.GenericWrappers.takeSnap(GenericWrappers.java:860)
at utils.Reporter.reportStep(Reporter.java:23)
at utils.Reporter.reportStep(Reporter.java:46)
at wrappers.GenericWrappers.takeSnap(GenericWrappers.java:860)
at utils.Reporter.reportStep(Reporter.java:23)
at utils.Reporter.reportStep(Reporter.java:46)
at wrappers.GenericWrappers.takeSnap(GenericWrappers.java:860)
at utils.Reporter.reportStep(Reporter.java:23)
at utils.Reporter.reportStep(Reporter.java:46)
at wrappers.GenericWrappers.takeSnap(GenericWrappers.java:860)
at utils.Reporter.reportStep(Reporter.java:23)
at utils.Reporter.reportStep(Reporter.java:46)
at wrappers.GenericWrappers.takeSnap(GenericWrappers.java:860)
at utils.Reporter.reportStep(Reporter.java:23)
at utils.Reporter.reportStep(Reporter.java:46)
at wrappers.GenericWrappers.takeSnap(GenericWrappers.java:860)
at utils.Reporter.reportStep(Reporter.java:23)
at utils.Reporter.reportStep(Reporter.java:46)
at wrappers.GenericWrappers.takeSnap(GenericWrappers.java:860)
at utils.Reporter.reportStep(Reporter.java:23)
at utils.Reporter.reportStep(Reporter.java:46)
at wrappers.GenericWrappers.takeSnap(GenericWrappers.java:860)
at utils.Reporter.reportStep(Reporter.java:23)
at utils.Reporter.reportStep(Reporter.java:46)
at wrappers.GenericWrappers.takeSnap(GenericWrappers.java:860)
at utils.Reporter.reportStep(Reporter.java:23)
at utils.Reporter.reportStep(Reporter.java:46)
at wrappers.GenericWrappers.takeSnap(GenericWrappers.java:860)
at utils.Reporter.reportStep(Reporter.java:23)
at utils.Reporter.reportStep(Reporter.java:46)
at wrappers.GenericWrappers.takeSnap(GenericWrappers.java:860)
at utils.Reporter.reportStep(Reporter.java:23)
at utils.Reporter.reportStep(Reporter.java:46)
at wrappers.GenericWrappers.takeSnap(GenericWrappers.java:860)
at utils.Reporter.reportStep(Reporter.java:23)
at utils.Reporter.reportStep(Reporter.java:46)
at wrappers.GenericWrappers.takeSnap(GenericWrappers.java:860)
at utils.Reporter.reportStep(Reporter.java:23)
at utils.Reporter.reportStep(Reporter.java:46)
at wrappers.GenericWrappers.takeSnap(GenericWrappers.java:860)
at utils.Reporter.reportStep(Reporter.java:23)
at utils.Reporter.reportStep(Reporter.java:46)
at wrappers.GenericWrappers.takeSnap(GenericWrappers.java:860)
at utils.Reporter.reportStep(Reporter.java:23)
at utils.Reporter.reportStep(Reporter.java:46)
at wrappers.GenericWrappers.takeSnap(GenericWrappers.java:860)
at utils.Reporter.reportStep(Reporter.java:23)
at utils.Reporter.reportStep(Reporter.java:46)
at wrappers.GenericWrappers.takeSnap(GenericWrappers.java:860)
at utils.Reporter.reportStep(Reporter.java:23)
at utils.Reporter.reportStep(Reporter.java:46)
at wrappers.GenericWrappers.takeSnap(GenericWrappers.java:860)
at utils.Reporter.reportStep(Reporter.java:23)
at utils.Reporter.reportStep(Reporter.java:46)
at wrappers.GenericWrappers.takeSnap(GenericWrappers.java:860)
at utils.Reporter.reportStep(Reporter.java:23)
at utils.Reporter.reportStep(Reporter.java:46)
at wrappers.GenericWrappers.takeSnap(GenericWrappers.java:860)
at utils.Reporter.reportStep(Reporter.java:23)
at utils.Reporter.reportStep(Reporter.java:46)
at wrappers.GenericWrappers.takeSnap(GenericWrappers.java:860)
at utils.Reporter.reportStep(Reporter.java:23)
at utils.Reporter.reportStep(Reporter.java:46)
at wrappers.GenericWrappers.takeSnap(GenericWrappers.java:860)
at utils.Reporter.reportStep(Reporter.java:23)
at utils.Reporter.reportStep(Reporter.java:46)
at wrappers.GenericWrappers.takeSnap(GenericWrappers.java:860)
at utils.Reporter.reportStep(Reporter.java:23)
at utils.Reporter.reportStep(Reporter.java:46)
at wrappers.GenericWrappers.takeSnap(GenericWrappers.java:860)
at utils.Reporter.reportStep(Reporter.java:23)
at utils.Reporter.reportStep(Reporter.java:46)
at wrappers.GenericWrappers.takeSnap(GenericWrappers.java:860)
at utils.Reporter.reportStep(Reporter.java:23)
at utils.Reporter.reportStep(Reporter.java:46)
at wrappers.GenericWrappers.takeSnap(GenericWrappers.java:860)
at utils.Reporter.reportStep(Reporter.java:23)
at utils.Reporter.reportStep(Reporter.java:46)
at wrappers.GenericWrappers.takeSnap(GenericWrappers.java:860)
at utils.Reporter.reportStep(Reporter.java:23)
at utils.Reporter.reportStep(Reporter.java:46)
at wrappers.GenericWrappers.takeSnap(GenericWrappers.java:860)
at utils.Reporter.reportStep(Reporter.java:23)
at utils.Reporter.reportStep(Reporter.java:46)
at wrappers.GenericWrappers.takeSnap(GenericWrappers.java:860)
at utils.Reporter.reportStep(Reporter.java:23)
at utils.Reporter.reportStep(Reporter.java:46)
at wrappers.GenericWrappers.takeSnap(GenericWrappers.java:860)
at utils.Reporter.reportStep(Reporter.java:23)
at utils.Reporter.reportStep(Reporter.java:46)
at wrappers.GenericWrappers.takeSnap(GenericWrappers.java:860)
at utils.Reporter.reportStep(Reporter.java:23)
at utils.Reporter.reportStep(Reporter.java:46)
at wrappers.GenericWrappers.takeSnap(GenericWrappers.java:860)
at utils.Reporter.reportStep(Reporter.java:23)
at utils.Reporter.reportStep(Reporter.java:46)
at wrappers.GenericWrappers.takeSnap(GenericWrappers.java:860)
at utils.Reporter.reportStep(Reporter.java:23)
at utils.Reporter.reportStep(Reporter.java:46)
at wrappers.GenericWrappers.takeSnap(GenericWrappers.java:860)
at utils.Reporter.reportStep(Reporter.java:23)
at utils.Reporter.reportStep(Reporter.java:46)
at wrappers.GenericWrappers.takeSnap(GenericWrappers.java:860)
at utils.Reporter.reportStep(Reporter.java:23)
at utils.Reporter.reportStep(Reporter.java:46)
at wrappers.GenericWrappers.takeSnap(GenericWrappers.java:860)
at utils.Reporter.reportStep(Reporter.java:23)
at utils.Reporter.reportStep(Reporter.java:46)
at wrappers.GenericWrappers.takeSnap(GenericWrappers.java:860)
at utils.Reporter.reportStep(Reporter.java:23)
at utils.Reporter.reportStep(Reporter.java:46)
at wrappers.GenericWrappers.takeSnap(GenericWrappers.java:860)
at utils.Reporter.reportStep(Reporter.java:23)
at utils.Reporter.reportStep(Reporter.java:46)
at wrappers.GenericWrappers.takeSnap(GenericWrappers.java:860)
at utils.Reporter.reportStep(Reporter.java:23)
at utils.Reporter.reportStep(Reporter.java:46)
at wrappers.GenericWrappers.takeSnap(GenericWrappers.java:860)
at utils.Reporter.reportStep(Reporter.java:23)
at utils.Reporter.reportStep(Reporter.java:46)
at wrappers.GenericWrappers.takeSnap(GenericWrappers.java:860)
at utils.Reporter.reportStep(Reporter.java:23)
at utils.Reporter.reportStep(Reporter.java:46)
at wrappers.GenericWrappers.takeSnap(GenericWrappers.java:860)
at utils.Reporter.reportStep(Reporter.java:23)
at utils.Reporter.reportStep(Reporter.java:46)
at wrappers.GenericWrappers.takeSnap(GenericWrappers.java:860)
at utils.Reporter.reportStep(Reporter.java:23)
at utils.Reporter.reportStep(Reporter.java:46)
at wrappers.GenericWrappers.takeSnap(GenericWrappers.java:860)
at utils.Reporter.reportStep(Reporter.java:23)
at utils.Reporter.reportStep(Reporter.java:46)
at wrappers.GenericWrappers.takeSnap(GenericWrappers.java:860)
at utils.Reporter.reportStep(Reporter.java:23)
at utils.Reporter.reportStep(Reporter.java:46)
at wrappers.GenericWrappers.takeSnap(GenericWrappers.java:860)
at utils.Reporter.reportStep(Reporter.java:23)
at utils.Reporter.reportStep(Reporter.java:46)
at wrappers.GenericWrappers.takeSnap(GenericWrappers.java:860)
at utils.Reporter.reportStep(Reporter.java:23)
at utils.Reporter.reportStep(Reporter.java:46)
at wrappers.GenericWrappers.takeSnap(GenericWrappers.java:860)
at utils.Reporter.reportStep(Reporter.java:23)
at utils.Reporter.reportStep(Reporter.java:46)
at wrappers.GenericWrappers.takeSnap(GenericWrappers.java:860)
at utils.Reporter.reportStep(Reporter.java:23)
at utils.Reporter.reportStep(Reporter.java:46)
at wrappers.GenericWrappers.takeSnap(GenericWrappers.java:860)
at utils.Reporter.reportStep(Reporter.java:23)
at utils.Reporter.reportStep(Reporter.java:46)
at wrappers.GenericWrappers.takeSnap(GenericWrappers.java:860)
at utils.Reporter.reportStep(Reporter.java:23)
at utils.Reporter.reportStep(Reporter.java:46)
at wrappers.GenericWrappers.takeSnap(GenericWrappers.java:860)
at utils.Reporter.reportStep(Reporter.java:23)
at utils.Reporter.reportStep(Reporter.java:46)
at wrappers.GenericWrappers.takeSnap(GenericWrappers.java:860)
at utils.Reporter.reportStep(Reporter.java:23)
at utils.Reporter.reportStep(Reporter.java:46)
at wrappers.GenericWrappers.takeSnap(GenericWrappers.java:860)
at utils.Reporter.reportStep(Reporter.java:23)
at utils.Reporter.reportStep(Reporter.java:46)
at wrappers.GenericWrappers.takeSnap(GenericWrappers.java:860)
at utils.Reporter.reportStep(Reporter.java:23)
at utils.Reporter.reportStep(Reporter.java:46)
at wrappers.GenericWrappers.takeSnap(GenericWrappers.java:860)
at utils.Reporter.reportStep(Reporter.java:23)
at utils.Reporter.reportStep(Reporter.java:46)
at wrappers.GenericWrappers.takeSnap(GenericWrappers.java:860)
at utils.Reporter.reportStep(Reporter.java:23)
at utils.Reporter.reportStep(Reporter.java:46)
at wrappers.GenericWrappers.takeSnap(GenericWrappers.java:860)
at utils.Reporter.reportStep(Reporter.java:23)
at utils.Reporter.reportStep(Reporter.java:46)
at wrappers.GenericWrappers.takeSnap(GenericWrappers.java:860)
at utils.Reporter.reportStep(Reporter.java:23)
at utils.Reporter.reportStep(Reporter.java:46)
at wrappers.GenericWrappers.takeSnap(GenericWrappers.java:860)
at utils.Reporter.reportStep(Reporter.java:23)
at utils.Reporter.reportStep(Reporter.java:46)
at wrappers.GenericWrappers.takeSnap(GenericWrappers.java:860)
at utils.Reporter.reportStep(Reporter.java:23)
at utils.Reporter.reportStep(Reporter.java:46)
at wrappers.GenericWrappers.takeSnap(GenericWrappers.java:860)
at utils.Reporter.reportStep(Reporter.java:23)
at utils.Reporter.reportStep(Reporter.java:46)
at wrappers.GenericWrappers.takeSnap(GenericWrappers.java:860)
at utils.Reporter.reportStep(Reporter.java:23)
at utils.Reporter.reportStep(Reporter.java:46)
at wrappers.GenericWrappers.takeSnap(GenericWrappers.java:860)
at utils.Reporter.reportStep(Reporter.java:23)
at utils.Reporter.reportStep(Reporter.java:46)
at wrappers.GenericWrappers.takeSnap(GenericWrappers.java:860)
at utils.Reporter.reportStep(Reporter.java:23)
at utils.Reporter.reportStep(Reporter.java:46)
at wrappers.GenericWrappers.takeSnap(GenericWrappers.java:860)
at utils.Reporter.reportStep(Reporter.java:23)
at utils.Reporter.reportStep(Reporter.java:46)
at wrappers.GenericWrappers.takeSnap(GenericWrappers.java:860)
at utils.Reporter.reportStep(Reporter.java:23)
at utils.Reporter.reportStep(Reporter.java:46)
at wrappers.GenericWrappers.takeSnap(GenericWrappers.java:860)
at utils.Reporter.reportStep(Reporter.java:23)
at utils.Reporter.reportStep(Reporter.java:46)
at wrappers.GenericWrappers.takeSnap(GenericWrappers.java:860)
at utils.Reporter.reportStep(Reporter.java:23)
at utils.Reporter.reportStep(Reporter.java:46)
at wrappers.GenericWrappers.takeSnap(GenericWrappers.java:860)
at utils.Reporter.reportStep(Reporter.java:23)
at utils.Reporter.reportStep(Reporter.java:46)
at wrappers.GenericWrappers.takeSnap(GenericWrappers.java:860)
at utils.Reporter.reportStep(Reporter.java:23)
at utils.Reporter.reportStep(Reporter.java:46)
at wrappers.GenericWrappers.takeSnap(GenericWrappers.java:860)
at utils.Reporter.reportStep(Reporter.java:23)
at utils.Reporter.reportStep(Reporter.java:46)
at wrappers.GenericWrappers.takeSnap(GenericWrappers.java:860)
at utils.Reporter.reportStep(Reporter.java:23)
at utils.Reporter.reportStep(Reporter.java:46)
at wrappers.GenericWrappers.takeSnap(GenericWrappers.java:860)
at utils.Reporter.reportStep(Reporter.java:23)
at utils.Reporter.reportStep(Reporter.java:46)
at wrappers.GenericWrappers.takeSnap(GenericWrappers.java:860)
at utils.Reporter.reportStep(Reporter.java:23)
at utils.Reporter.reportStep(Reporter.java:46)
at wrappers.GenericWrappers.takeSnap(GenericWrappers.java:860)
at utils.Reporter.reportStep(Reporter.java:23)
at utils.Reporter.reportStep(Reporter.java:46)
at wrappers.GenericWrappers.takeSnap(GenericWrappers.java:860)
at utils.Reporter.reportStep(Reporter.java:23)
at utils.Reporter.reportStep(Reporter.java:46)
at wrappers.GenericWrappers.takeSnap(GenericWrappers.java:860)
at utils.Reporter.reportStep(Reporter.java:23)
at utils.Reporter.reportStep(Reporter.java:46)
at wrappers.GenericWrappers.takeSnap(GenericWrappers.java:860)
at utils.Reporter.reportStep(Reporter.java:23)
at utils.Reporter.reportStep(Reporter.java:46)
at wrappers.GenericWrappers.takeSnap(GenericWrappers.java:860)
at utils.Reporter.reportStep(Reporter.java:23)
at utils.Reporter.reportStep(Reporter.java:46)
at wrappers.GenericWrappers.takeSnap(GenericWrappers.java:860)
at utils.Reporter.reportStep(Reporter.java:23)
at utils.Reporter.reportStep(Reporter.java:46)
at wrappers.GenericWrappers.takeSnap(GenericWrappers.java:860)
at utils.Reporter.reportStep(Reporter.java:23)
at utils.Reporter.reportStep(Reporter.java:46)
at wrappers.GenericWrappers.takeSnap(GenericWrappers.java:860)
at utils.Reporter.reportStep(Reporter.java:23)
at utils.Reporter.reportStep(Reporter.java:46)
at wrappers.GenericWrappers.takeSnap(GenericWrappers.java:860)
at utils.Reporter.reportStep(Reporter.java:23)
at utils.Reporter.reportStep(Reporter.java:46)
at wrappers.GenericWrappers.takeSnap(GenericWrappers.java:860)
at utils.Reporter.reportStep(Reporter.java:23)
at utils.Reporter.reportStep(Reporter.java:46)
at wrappers.GenericWrappers.takeSnap(GenericWrappers.java:860)
at utils.Reporter.reportStep(Reporter.java:23)
at utils.Reporter.reportStep(Reporter.java:46)
at wrappers.GenericWrappers.takeSnap(GenericWrappers.java:860)
at utils.Reporter.reportStep(Reporter.java:23)
at utils.Reporter.reportStep(Reporter.java:46)
at wrappers.GenericWrappers.takeSnap(GenericWrappers.java:860)
at utils.Reporter.reportStep(Reporter.java:23)
at utils.Reporter.reportStep(Reporter.java:46)
at wrappers.GenericWrappers.takeSnap(GenericWrappers.java:860)
at utils.Reporter.reportStep(Reporter.java:23)
at utils.Reporter.reportStep(Reporter.java:46)
at wrappers.GenericWrappers.takeSnap(GenericWrappers.java:860)
at utils.Reporter.reportStep(Reporter.java:23)
at utils.Reporter.reportStep(Reporter.java:46)
at wrappers.GenericWrappers.takeSnap(GenericWrappers.java:860)
at utils.Reporter.reportStep(Reporter.java:23)
at utils.Reporter.reportStep(Reporter.java:46)
at wrappers.GenericWrappers.takeSnap(GenericWrappers.java:860)
at utils.Reporter.reportStep(Reporter.java:23)
at utils.Reporter.reportStep(Reporter.java:46)
at wrappers.GenericWrappers.takeSnap(GenericWrappers.java:860)
at utils.Reporter.reportStep(Reporter.java:23)
at utils.Reporter.reportStep(Reporter.java:46)
at wrappers.GenericWrappers.takeSnap(GenericWrappers.java:860)
at utils.Reporter.reportStep(Reporter.java:23)
at utils.Reporter.reportStep(Reporter.java:46)
at wrappers.GenericWrappers.takeSnap(GenericWrappers.java:860)
at utils.Reporter.reportStep(Reporter.java:23)
at utils.Reporter.reportStep(Reporter.java:46)
at wrappers.GenericWrappers.takeSnap(GenericWrappers.java:860)
at utils.Reporter.reportStep(Reporter.java:23)
at utils.Reporter.reportStep(Reporter.java:46)
at wrappers.GenericWrappers.takeSnap(GenericWrappers.java:860)
at utils.Reporter.reportStep(Reporter.java:23)
at utils.Reporter.reportStep(Reporter.java:46)
at wrappers.GenericWrappers.takeSnap(GenericWrappers.java:860)
at utils.Reporter.reportStep(Reporter.java:23)
at utils.Reporter.reportStep(Reporter.java:46)
at wrappers.GenericWrappers.takeSnap(GenericWrappers.java:860)
at utils.Reporter.reportStep(Reporter.java:23)
at utils.Reporter.reportStep(Reporter.java:46)
at wrappers.GenericWrappers.takeSnap(GenericWrappers.java:860)
at utils.Reporter.reportStep(Reporter.java:23)
at utils.Reporter.reportStep(Reporter.java:46)
at wrappers.GenericWrappers.takeSnap(GenericWrappers.java:860)
at utils.Reporter.reportStep(Reporter.java:23)
at utils.Reporter.reportStep(Reporter.java:46)
at wrappers.GenericWrappers.takeSnap(GenericWrappers.java:860)
at utils.Reporter.reportStep(Reporter.java:23)
at utils.Reporter.reportStep(Reporter.java:46)
at wrappers.GenericWrappers.takeSnap(GenericWrappers.java:860)
at utils.Reporter.reportStep(Reporter.java:23)
at utils.Reporter.reportStep(Reporter.java:46)
at wrappers.GenericWrappers.takeSnap(GenericWrappers.java:860)
at utils.Reporter.reportStep(Reporter.java:23)
at utils.Reporter.reportStep(Reporter.java:46)
at wrappers.GenericWrappers.takeSnap(GenericWrappers.java:860)
at utils.Reporter.reportStep(Reporter.java:23)
at utils.Reporter.reportStep(Reporter.java:46)
at wrappers.GenericWrappers.takeSnap(GenericWrappers.java:860)
at utils.Reporter.reportStep(Reporter.java:23)
at utils.Reporter.reportStep(Reporter.java:46)
at wrappers.GenericWrappers.takeSnap(GenericWrappers.java:860)
at utils.Reporter.reportStep(Reporter.java:23)
at utils.Reporter.reportStep(Reporter.java:46)
at wrappers.GenericWrappers.takeSnap(GenericWrappers.java:860)
at utils.Reporter.reportStep(Reporter.java:23)
at utils.Reporter.reportStep(Reporter.java:46)
at wrappers.GenericWrappers.takeSnap(GenericWrappers.java:860)
at utils.Reporter.reportStep(Reporter.java:23)
at utils.Reporter.reportStep(Reporter.java:46)
at wrappers.GenericWrappers.takeSnap(GenericWrappers.java:860)
at utils.Reporter.reportStep(Reporter.java:23)
at utils.Reporter.reportStep(Reporter.java:46)
at wrappers.GenericWrappers.takeSnap(GenericWrappers.java:860)
at utils.Reporter.reportStep(Reporter.java:23)
at utils.Reporter.reportStep(Reporter.java:46)
at wrappers.GenericWrappers.takeSnap(GenericWrappers.java:860)
at utils.Reporter.reportStep(Reporter.java:23)
at utils.Reporter.reportStep(Reporter.java:46)
at wrappers.GenericWrappers.takeSnap(GenericWrappers.java:860)
at utils.Reporter.reportStep(Reporter.java:23)
at utils.Reporter.reportStep(Reporter.java:46)
at wrappers.GenericWrappers.takeSnap(GenericWrappers.java:860)
at utils.Reporter.reportStep(Reporter.java:23)
at utils.Reporter.reportStep(Reporter.java:46)
at wrappers.GenericWrappers.takeSnap(GenericWrappers.java:860)
at utils.Reporter.reportStep(Reporter.java:23)
at utils.Reporter.reportStep(Reporter.java:46)
at wrappers.GenericWrappers.takeSnap(GenericWrappers.java:860)
at utils.Reporter.reportStep(Reporter.java:23)
at utils.Reporter.reportStep(Reporter.java:46)
at wrappers.GenericWrappers.takeSnap(GenericWrappers.java:860)
at utils.Reporter.reportStep(Reporter.java:23)
at utils.Reporter.reportStep(Reporter.java:46)
at wrappers.GenericWrappers.takeSnap(GenericWrappers.java:860)
at utils.Reporter.reportStep(Reporter.java:23)
at utils.Reporter.reportStep(Reporter.java:46)
at wrappers.GenericWrappers.takeSnap(GenericWrappers.java:860)
at utils.Reporter.reportStep(Reporter.java:23)
at utils.Reporter.reportStep(Reporter.java:46)
at wrappers.GenericWrappers.takeSnap(GenericWrappers.java:860)
at utils.Reporter.reportStep(Reporter.java:23)
at utils.Reporter.reportStep(Reporter.java:46)
at wrappers.GenericWrappers.takeSnap(GenericWrappers.java:860)
at utils.Reporter.reportStep(Reporter.java:23)
at utils.Reporter.reportStep(Reporter.java:46)
at wrappers.GenericWrappers.takeSnap(GenericWrappers.java:860)
at utils.Reporter.reportStep(Reporter.java:23)
at utils.Reporter.reportStep(Reporter.java:46)
at wrappers.GenericWrappers.takeSnap(GenericWrappers.java:860)
at utils.Reporter.reportStep(Reporter.java:23)
at utils.Reporter.reportStep(Reporter.java:46)
at wrappers.GenericWrappers.takeSnap(GenericWrappers.java:860)
at utils.Reporter.reportStep(Reporter.java:23)
at utils.Reporter.reportStep(Reporter.java:46)
at wrappers.GenericWrappers.takeSnap(GenericWrappers.java:860)
at utils.Reporter.reportStep(Reporter.java:23)
at utils.Reporter.reportStep(Reporter.java:46)
at wrappers.GenericWrappers.takeSnap(GenericWrappers.java:860)
at utils.Reporter.reportStep(Reporter.java:23)
at utils.Reporter.reportStep(Reporter.java:46)
at wrappers.GenericWrappers.takeSnap(GenericWrappers.java:860)
at utils.Reporter.reportStep(Reporter.java:23)
at utils.Reporter.reportStep(Reporter.java:46)
at wrappers.GenericWrappers.takeSnap(GenericWrappers.java:860)
at utils.Reporter.reportStep(Reporter.java:23)
at utils.Reporter.reportStep(Reporter.java:46)
at wrappers.GenericWrappers.takeSnap(GenericWrappers.java:860)
at utils.Reporter.reportStep(Reporter.java:23)
at utils.Reporter.reportStep(Reporter.java:46)
at wrappers.GenericWrappers.takeSnap(GenericWrappers.java:860)
at utils.Reporter.reportStep(Reporter.java:23)
at utils.Reporter.reportStep(Reporter.java:46)
at wrappers.GenericWrappers.takeSnap(GenericWrappers.java:860)
at utils.Reporter.reportStep(Reporter.java:23)
at utils.Reporter.reportStep(Reporter.java:46)
at wrappers.GenericWrappers.takeSnap(GenericWrappers.java:860)
at utils.Reporter.reportStep(Reporter.java:23)
at utils.Reporter.reportStep(Reporter.java:46)
at wrappers.GenericWrappers.takeSnap(GenericWrappers.java:860)
at utils.Reporter.reportStep(Reporter.java:23)
at utils.Reporter.reportStep(Reporter.java:46)
at wrappers.GenericWrappers.takeSnap(GenericWrappers.java:860)
at utils.Reporter.reportStep(Reporter.java:23)
at utils.Reporter.reportStep(Reporter.java:46)
at wrappers.GenericWrappers.takeSnap(GenericWrappers.java:860)
at utils.Reporter.reportStep(Reporter.java:23)
at utils.Reporter.reportStep(Reporter.java:46)
at wrappers.GenericWrappers.takeSnap(GenericWrappers.java:860)
at utils.Reporter.reportStep(Reporter.java:23)
at utils.Reporter.reportStep(Reporter.java:46)
at wrappers.GenericWrappers.takeSnap(GenericWrappers.java:860)
at utils.Reporter.reportStep(Reporter.java:23)
at utils.Reporter.reportStep(Reporter.java:46)
at wrappers.GenericWrappers.takeSnap(GenericWrappers.java:860)
at utils.Reporter.reportStep(Reporter.java:23)
at utils.Reporter.reportStep(Reporter.java:46)
at wrappers.GenericWrappers.takeSnap(GenericWrappers.java:860)
at utils.Reporter.reportStep(Reporter.java:23)
at utils.Reporter.reportStep(Reporter.java:46)
at wrappers.GenericWrappers.takeSnap(GenericWrappers.java:860)
at utils.Reporter.reportStep(Reporter.java:23)
at utils.Reporter.reportStep(Reporter.java:46)
at wrappers.GenericWrappers.takeSnap(GenericWrappers.java:860)
at utils.Reporter.reportStep(Reporter.java:23)
at utils.Reporter.reportStep(Reporter.java:46)
at wrappers.GenericWrappers.takeSnap(GenericWrappers.java:860)
at utils.Reporter.reportStep(Reporter.java:23)
at utils.Reporter.reportStep(Reporter.java:46)
at wrappers.GenericWrappers.takeSnap(GenericWrappers.java:860)
at utils.Reporter.reportStep(Reporter.java:23)
at utils.Reporter.reportStep(Reporter.java:46)
at wrappers.GenericWrappers.takeSnap(GenericWrappers.java:860)
at utils.Reporter.reportStep(Reporter.java:23)
at utils.Reporter.reportStep(Reporter.java:46)
at wrappers.GenericWrappers.takeSnap(GenericWrappers.java:860)
at utils.Reporter.reportStep(Reporter.java:23)
at utils.Reporter.reportStep(Reporter.java:46)
at wrappers.GenericWrappers.takeSnap(GenericWrappers.java:860)
at utils.Reporter.reportStep(Reporter.java:23)
at utils.Reporter.reportStep(Reporter.java:46)
at wrappers.GenericWrappers.takeSnap(GenericWrappers.java:860)
at utils.Reporter.reportStep(Reporter.java:23)
at utils.Reporter.reportStep(Reporter.java:46)
at wrappers.GenericWrappers.takeSnap(GenericWrappers.java:860)
at utils.Reporter.reportStep(Reporter.java:23)
at utils.Reporter.reportStep(Reporter.java:46)
at wrappers.GenericWrappers.takeSnap(GenericWrappers.java:860)
at utils.Reporter.reportStep(Reporter.java:23)
at utils.Reporter.reportStep(Reporter.java:46)
at wrappers.GenericWrappers.takeSnap(GenericWrappers.java:860)
at utils.Reporter.reportStep(Reporter.java:23)
at utils.Reporter.reportStep(Reporter.java:46)
at wrappers.GenericWrappers.takeSnap(GenericWrappers.java:860)
at utils.Reporter.reportStep(Reporter.java:23)
at utils.Reporter.reportStep(Reporter.java:46)
at wrappers.GenericWrappers.takeSnap(GenericWrappers.java:860)
at utils.Reporter.reportStep(Reporter.java:23)
at utils.Reporter.reportStep(Reporter.java:46)
at wrappers.GenericWrappers.takeSnap(GenericWrappers.java:860)
at utils.Reporter.reportStep(Reporter.java:23)
at utils.Reporter.reportStep(Reporter.java:46)
at wrappers.GenericWrappers.takeSnap(GenericWrappers.java:860)
at utils.Reporter.reportStep(Reporter.java:23)
at utils.Reporter.reportStep(Reporter.java:46)
at wrappers.GenericWrappers.takeSnap(GenericWrappers.java:860)
at utils.Reporter.reportStep(Reporter.java:23)
at utils.Reporter.reportStep(Reporter.java:46)
at wrappers.GenericWrappers.takeSnap(GenericWrappers.java:860)
at utils.Reporter.reportStep(Reporter.java:23)
at utils.Reporter.reportStep(Reporter.java:46)
at wrappers.GenericWrappers.takeSnap(GenericWrappers.java:860)
at utils.Reporter.reportStep(Reporter.java:23)
at utils.Reporter.reportStep(Reporter.java:46)
at wrappers.GenericWrappers.takeSnap(GenericWrappers.java:860)
at utils.Reporter.reportStep(Reporter.java:23)
at utils.Reporter.reportStep(Reporter.java:46)
at wrappers.GenericWrappers.takeSnap(GenericWrappers.java:860)
at utils.Reporter.reportStep(Reporter.java:23)
at utils.Reporter.reportStep(Reporter.java:46)
at wrappers.GenericWrappers.takeSnap(GenericWrappers.java:860)
at utils.Reporter.reportStep(Reporter.java:23)
at utils.Reporter.reportStep(Reporter.java:46)
at wrappers.GenericWrappers.takeSnap(GenericWrappers.java:860)
at utils.Reporter.reportStep(Reporter.java:23)
at utils.Reporter.reportStep(Reporter.java:46)
at wrappers.GenericWrappers.takeSnap(GenericWrappers.java:860)
at utils.Reporter.reportStep(Reporter.java:23)
at utils.Reporter.reportStep(Reporter.java:46)
at wrappers.GenericWrappers.takeSnap(GenericWrappers.java:860)
at utils.Reporter.reportStep(Reporter.java:23)
at utils.Reporter.reportStep(Reporter.java:46)
at wrappers.GenericWrappers.takeSnap(GenericWrappers.java:860)
at utils.Reporter.reportStep(Reporter.java:23)
at utils.Reporter.reportStep(Reporter.java:46)
at wrappers.GenericWrappers.takeSnap(GenericWrappers.java:860)
at utils.Reporter.reportStep(Reporter.java:23)
at utils.Reporter.reportStep(Reporter.java:46)
at wrappers.GenericWrappers.takeSnap(GenericWrappers.java:860)
at utils.Reporter.reportStep(Reporter.java:23)
at utils.Reporter.reportStep(Reporter.java:46)
at wrappers.GenericWrappers.takeSnap(GenericWrappers.java:860)
at utils.Reporter.reportStep(Reporter.java:23)
at utils.Reporter.reportStep(Reporter.java:46)
at wrappers.GenericWrappers.takeSnap(GenericWrappers.java:860)
at utils.Reporter.reportStep(Reporter.java:23)
at utils.Reporter.reportStep(Reporter.java:46)
at wrappers.GenericWrappers.takeSnap(GenericWrappers.java:860)
at utils.Reporter.reportStep(Reporter.java:23)
at utils.Reporter.reportStep(Reporter.java:46)
at wrappers.GenericWrappers.takeSnap(GenericWrappers.java:860)
at utils.Reporter.reportStep(Reporter.java:23)
at utils.Reporter.reportStep(Reporter.java:46)
at wrappers.GenericWrappers.takeSnap(GenericWrappers.java:860)
at utils.Reporter.reportStep(Reporter.java:23)
at utils.Reporter.reportStep(Reporter.java:46)
at wrappers.GenericWrappers.takeSnap(GenericWrappers.java:860)
at utils.Reporter.reportStep(Reporter.java:23)
at utils.Reporter.reportStep(Reporter.java:46)
at wrappers.GenericWrappers.takeSnap(GenericWrappers.java:860)
at utils.Reporter.reportStep(Reporter.java:23)
at utils.Reporter.reportStep(Reporter.java:46)
at wrappers.GenericWrappers.takeSnap(GenericWrappers.java:860)
at utils.Reporter.reportStep(Reporter.java:23)
at utils.Reporter.reportStep(Reporter.java:46)
at wrappers.GenericWrappers.takeSnap(GenericWrappers.java:860)
at utils.Reporter.reportStep(Reporter.java:23)
at utils.Reporter.reportStep(Reporter.java:46)
at wrappers.GenericWrappers.takeSnap(GenericWrappers.java:860)
at utils.Reporter.reportStep(Reporter.java:23)
at utils.Reporter.reportStep(Reporter.java:46)
at wrappers.GenericWrappers.takeSnap(GenericWrappers.java:860)
at utils.Reporter.reportStep(Reporter.java:23)
at utils.Reporter.reportStep(Reporter.java:46)
at wrappers.GenericWrappers.takeSnap(GenericWrappers.java:860)
at utils.Reporter.reportStep(Reporter.java:23)
at utils.Reporter.reportStep(Reporter.java:46)
at wrappers.GenericWrappers.takeSnap(GenericWrappers.java:860)
at utils.Reporter.reportStep(Reporter.java:23)
at utils.Reporter.reportStep(Reporter.java:46)
at wrappers.GenericWrappers.takeSnap(GenericWrappers.java:860)
at utils.Reporter.reportStep(Reporter.java:23)
at utils.Reporter.reportStep(Reporter.java:46)
at wrappers.GenericWrappers.takeSnap(GenericWrappers.java:860)
at utils.Reporter.reportStep(Reporter.java:23)
at utils.Reporter.reportStep(Reporter.java:46)
at wrappers.GenericWrappers.takeSnap(GenericWrappers.java:860)
at utils.Reporter.reportStep(Reporter.java:23)
at utils.Reporter.reportStep(Reporter.java:46)
at wrappers.GenericWrappers.takeSnap(GenericWrappers.java:860)
at utils.Reporter.reportStep(Reporter.java:23)
at utils.Reporter.reportStep(Reporter.java:46)
at wrappers.GenericWrappers.takeSnap(GenericWrappers.java:860)
at utils.Reporter.reportStep(Reporter.java:23)
at utils.Reporter.reportStep(Reporter.java:46)
at wrappers.GenericWrappers.takeSnap(GenericWrappers.java:860)
at utils.Reporter.reportStep(Reporter.java:23)
at utils.Reporter.reportStep(Reporter.java:46)
at wrappers.GenericWrappers.takeSnap(GenericWrappers.java:860)
at utils.Reporter.reportStep(Reporter.java:23)
at utils.Reporter.reportStep(Reporter.java:46)
at wrappers.GenericWrappers.takeSnap(GenericWrappers.java:860)
at utils.Reporter.reportStep(Reporter.java:23)
at utils.Reporter.reportStep(Reporter.java:46)
at wrappers.GenericWrappers.takeSnap(GenericWrappers.java:860)
at utils.Reporter.reportStep(Reporter.java:23)
at utils.Reporter.reportStep(Reporter.java:46)
at wrappers.GenericWrappers.takeSnap(GenericWrappers.java:860)
at utils.Reporter.reportStep(Reporter.java:23)
at utils.Reporter.reportStep(Reporter.java:46)
at wrappers.GenericWrappers.takeSnap(GenericWrappers.java:860)
at utils.Reporter.reportStep(Reporter.java:23)
at utils.Reporter.reportStep(Reporter.java:46)
at wrappers.GenericWrappers.takeSnap(GenericWrappers.java:860)
at utils.Reporter.reportStep(Reporter.java:23)
at utils.Reporter.reportStep(Reporter.java:46)
at wrappers.GenericWrappers.takeSnap(GenericWrappers.java:860)
at utils.Reporter.reportStep(Reporter.java:23)
at utils.Reporter.reportStep(Reporter.java:46)
at wrappers.GenericWrappers.takeSnap(GenericWrappers.java:860)
at utils.Reporter.reportStep(Reporter.java:23)
at utils.Reporter.reportStep(Reporter.java:46)
at wrappers.GenericWrappers.takeSnap(GenericWrappers.java:860)
at utils.Reporter.reportStep(Reporter.java:23)
at utils.Reporter.reportStep(Reporter.java:46)
at wrappers.GenericWrappers.takeSnap(GenericWrappers.java:860)
at utils.Reporter.reportStep(Reporter.java:23)
at utils.Reporter.reportStep(Reporter.java:46)
at wrappers.GenericWrappers.takeSnap(GenericWrappers.java:860)
at utils.Reporter.reportStep(Reporter.java:23)
at utils.Reporter.reportStep(Reporter.java:46)
at wrappers.GenericWrappers.takeSnap(GenericWrappers.java:860)
at utils.Reporter.reportStep(Reporter.java:23)
at utils.Reporter.reportStep(Reporter.java:46)
at wrappers.GenericWrappers.takeSnap(GenericWrappers.java:860)
at utils.Reporter.reportStep(Reporter.java:23)
at utils.Reporter.reportStep(Reporter.java:46)
at wrappers.GenericWrappers.takeSnap(GenericWrappers.java:860)
at utils.Reporter.reportStep(Reporter.java:23)
at utils.Reporter.reportStep(Reporter.java:46)
at wrappers.GenericWrappers.takeSnap(GenericWrappers.java:860)
at utils.Reporter.reportStep(Reporter.java:23)
at utils.Reporter.reportStep(Reporter.java:46)
at wrappers.GenericWrappers.takeSnap(GenericWrappers.java:860)
at utils.Reporter.reportStep(Reporter.java:23)
at utils.Reporter.reportStep(Reporter.java:46)
at wrappers.GenericWrappers.takeSnap(GenericWrappers.java:860)
at utils.Reporter.reportStep(Reporter.java:23)
at utils.Reporter.reportStep(Reporter.java:46)
at wrappers.GenericWrappers.takeSnap(GenericWrappers.java:860)
at utils.Reporter.reportStep(Reporter.java:23)
at utils.Reporter.reportStep(Reporter.java:46)
at wrappers.GenericWrappers.takeSnap(GenericWrappers.java:860)
at utils.Reporter.reportStep(Reporter.java:23)
at utils.Reporter.reportStep(Reporter.java:46)
at wrappers.GenericWrappers.takeSnap(GenericWrappers.java:860)
at utils.Reporter.reportStep(Reporter.java:23)
at utils.Reporter.reportStep(Reporter.java:46)
at wrappers.GenericWrappers.takeSnap(GenericWrappers.java:860)
at utils.Reporter.reportStep(Reporter.java:23)
at utils.Reporter.reportStep(Reporter.java:46)
at wrappers.GenericWrappers.takeSnap(GenericWrappers.java:860)
at utils.Reporter.reportStep(Reporter.java:23)
at utils.Reporter.reportStep(Reporter.java:46)
at wrappers.GenericWrappers.takeSnap(GenericWrappers.java:860)
at utils.Reporter.reportStep(Reporter.java:23)
at utils.Reporter.reportStep(Reporter.java:46)
at wrappers.GenericWrappers.takeSnap(GenericWrappers.java:860)
at utils.Reporter.reportStep(Reporter.java:23)
at utils.Reporter.reportStep(Reporter.java:46)
at wrappers.GenericWrappers.takeSnap(GenericWrappers.java:860)
at utils.Reporter.reportStep(Reporter.java:23)
at utils.Reporter.reportStep(Reporter.java:46)
at wrappers.GenericWrappers.takeSnap(GenericWrappers.java:860)
at utils.Reporter.reportStep(Reporter.java:23)
at utils.Reporter.reportStep(Reporter.java:46)
at wrappers.GenericWrappers.takeSnap(GenericWrappers.java:860)
at utils.Reporter.reportStep(Reporter.java:23)
at utils.Reporter.reportStep(Reporter.java:46)
at wrappers.GenericWrappers.takeSnap(GenericWrappers.java:860)
at utils.Reporter.reportStep(Reporter.java:23)
at utils.Reporter.reportStep(Reporter.java:46)
at wrappers.GenericWrappers.takeSnap(GenericWrappers.java:860)
at utils.Reporter.reportStep(Reporter.java:23)
at utils.Reporter.reportStep(Reporter.java:46)
at wrappers.GenericWrappers.takeSnap(GenericWrappers.java:860)
at utils.Reporter.reportStep(Reporter.java:23)
at utils.Reporter.reportStep(Reporter.java:46)
at wrappers.GenericWrappers.takeSnap(GenericWrappers.java:860)
at utils.Reporter.reportStep(Reporter.java:23)
at utils.Reporter.reportStep(Reporter.java:46)
at wrappers.GenericWrappers.takeSnap(GenericWrappers.java:860)
at utils.Reporter.reportStep(Reporter.java:23)
at utils.Reporter.reportStep(Reporter.java:46)
at wrappers.GenericWrappers.takeSnap(GenericWrappers.java:860)
at utils.Reporter.reportStep(Reporter.java:23)
at utils.Reporter.reportStep(Reporter.java:46)
at wrappers.GenericWrappers.takeSnap(GenericWrappers.java:860)
at utils.Reporter.reportStep(Reporter.java:23)
at utils.Reporter.reportStep(Reporter.java:46)
at wrappers.GenericWrappers.takeSnap(GenericWrappers.java:860)
at utils.Reporter.reportStep(Reporter.java:23)
at utils.Reporter.reportStep(Reporter.java:46)
at wrappers.GenericWrappers.takeSnap(GenericWrappers.java:860)
at utils.Reporter.reportStep(Reporter.java:23)
at utils.Reporter.reportStep(Reporter.java:46)
at wrappers.GenericWrappers.takeSnap(GenericWrappers.java:860)
at utils.Reporter.reportStep(Reporter.java:23)
at utils.Reporter.reportStep(Reporter.java:46)
at wrappers.GenericWrappers.takeSnap(GenericWrappers.java:860)
at utils.Reporter.reportStep(Reporter.java:23)
at utils.Reporter.reportStep(Reporter.java:46)
at wrappers.GenericWrappers.takeSnap(GenericWrappers.java:860)
at utils.Reporter.reportStep(Reporter.java:23)
at utils.Reporter.reportStep(Reporter.java:46)
at wrappers.GenericWrappers.takeSnap(GenericWrappers.java:860)
at utils.Reporter.reportStep(Reporter.java:23)
at utils.Reporter.reportStep(Reporter.java:46)
at wrappers.GenericWrappers.takeSnap(GenericWrappers.java:860)
at utils.Reporter.reportStep(Reporter.java:23)
at utils.Reporter.reportStep(Reporter.java:46)
at wrappers.GenericWrappers.takeSnap(GenericWrappers.java:860)
at utils.Reporter.reportStep(Reporter.java:23)
at utils.Reporter.reportStep(Reporter.java:46)
at wrappers.GenericWrappers.takeSnap(GenericWrappers.java:860)
at utils.Reporter.reportStep(Reporter.java:23)
at utils.Reporter.reportStep(Reporter.java:46)
at wrappers.GenericWrappers.takeSnap(GenericWrappers.java:860)
at utils.Reporter.reportStep(Reporter.java:23)
at utils.Reporter.reportStep(Reporter.java:46)
at wrappers.GenericWrappers.takeSnap(GenericWrappers.java:860)
at utils.Reporter.reportStep(Reporter.java:23)
at utils.Reporter.reportStep(Reporter.java:46)
at wrappers.GenericWrappers.takeSnap(GenericWrappers.java:860)
at utils.Reporter.reportStep(Reporter.java:23)
at utils.Reporter.reportStep(Reporter.java:46)
at wrappers.GenericWrappers.takeSnap(GenericWrappers.java:860)
at utils.Reporter.reportStep(Reporter.java:23)
at utils.Reporter.reportStep(Reporter.java:46)
at wrappers.GenericWrappers.takeSnap(GenericWrappers.java:860)
at utils.Reporter.reportStep(Reporter.java:23)
at utils.Reporter.reportStep(Reporter.java:46)
at wrappers.GenericWrappers.takeSnap(GenericWrappers.java:860)
at utils.Reporter.reportStep(Reporter.java:23)
at utils.Reporter.reportStep(Reporter.java:46)
at wrappers.GenericWrappers.takeSnap(GenericWrappers.java:860)
at utils.Reporter.reportStep(Reporter.java:23)
at utils.Reporter.reportStep(Reporter.java:46)
at wrappers.GenericWrappers.takeSnap(GenericWrappers.java:860)
at utils.Reporter.reportStep(Reporter.java:23)
at utils.Reporter.reportStep(Reporter.java:46)
at wrappers.GenericWrappers.takeSnap(GenericWrappers.java:860)
at utils.Reporter.reportStep(Reporter.java:23)
at utils.Reporter.reportStep(Reporter.java:46)
at wrappers.GenericWrappers.takeSnap(GenericWrappers.java:860)
at utils.Reporter.reportStep(Reporter.java:23)
at utils.Reporter.reportStep(Reporter.java:46)
at wrappers.GenericWrappers.takeSnap(GenericWrappers.java:860)
at utils.Reporter.reportStep(Reporter.java:23)
at utils.Reporter.reportStep(Reporter.java:46)
at wrappers.GenericWrappers.takeSnap(GenericWrappers.java:860)
at utils.Reporter.reportStep(Reporter.java:23)
at utils.Reporter.reportStep(Reporter.java:46)
at wrappers.GenericWrappers.takeSnap(GenericWrappers.java:860)
at utils.Reporter.reportStep(Reporter.java:23)
at utils.Reporter.reportStep(Reporter.java:46)
at wrappers.GenericWrappers.takeSnap(GenericWrappers.java:860)
at utils.Reporter.reportStep(Reporter.java:23)
at utils.Reporter.reportStep(Reporter.java:46)
at wrappers.GenericWrappers.takeSnap(GenericWrappers.java:860)
at utils.Reporter.reportStep(Reporter.java:23)
at utils.Reporter.reportStep(Reporter.java:46)
at wrappers.GenericWrappers.takeSnap(GenericWrappers.java:860)
at utils.Reporter.reportStep(Reporter.java:23)
at utils.Reporter.reportStep(Reporter.java:46)
at wrappers.GenericWrappers.takeSnap(GenericWrappers.java:860)
at utils.Reporter.reportStep(Reporter.java:23)
at utils.Reporter.reportStep(Reporter.java:46)
at wrappers.GenericWrappers.takeSnap(GenericWrappers.java:860)
at utils.Reporter.reportStep(Reporter.java:23)
at utils.Reporter.reportStep(Reporter.java:46)
at wrappers.GenericWrappers.takeSnap(GenericWrappers.java:860)
at utils.Reporter.reportStep(Reporter.java:23)
at utils.Reporter.reportStep(Reporter.java:46)
at wrappers.GenericWrappers.takeSnap(GenericWrappers.java:860)
at utils.Reporter.reportStep(Reporter.java:23)
at utils.Reporter.reportStep(Reporter.java:46)
at wrappers.GenericWrappers.takeSnap(GenericWrappers.java:860)
at utils.Reporter.reportStep(Reporter.java:23)
at utils.Reporter.reportStep(Reporter.java:46)
at wrappers.GenericWrappers.takeSnap(GenericWrappers.java:860)
at utils.Reporter.reportStep(Reporter.java:23)
at utils.Reporter.reportStep(Reporter.java:46)
at wrappers.GenericWrappers.takeSnap(GenericWrappers.java:860)
at utils.Reporter.reportStep(Reporter.java:23)
at utils.Reporter.reportStep(Reporter.java:46)
at wrappers.GenericWrappers.takeSnap(GenericWrappers.java:860)
at utils.Reporter.reportStep(Reporter.java:23)
at utils.Reporter.reportStep(Reporter.java:46)
at wrappers.GenericWrappers.takeSnap(GenericWrappers.java:860)
at utils.Reporter.reportStep(Reporter.java:23)
at utils.Reporter.reportStep(Reporter.java:46)
at wrappers.GenericWrappers.takeSnap(GenericWrappers.java:860)
at utils.Reporter.reportStep(Reporter.java:23)
at utils.Reporter.reportStep(Reporter.java:46)
at wrappers.GenericWrappers.takeSnap(GenericWrappers.java:860)
at utils.Reporter.reportStep(Reporter.java:23)
at utils.Reporter.reportStep(Reporter.java:46)
at wrappers.GenericWrappers.takeSnap(GenericWrappers.java:860)
at utils.Reporter.reportStep(Reporter.java:23)
at utils.Reporter.reportStep(Reporter.java:46)
at wrappers.GenericWrappers.takeSnap(GenericWrappers.java:860)
at utils.Reporter.reportStep(Reporter.java:23)
at utils.Reporter.reportStep(Reporter.java:46)
at wrappers.GenericWrappers.takeSnap(GenericWrappers.java:860)
at utils.Reporter.reportStep(Reporter.java:23)
at utils.Reporter.reportStep(Reporter.java:46)
at wrappers.GenericWrappers.takeSnap(GenericWrappers.java:860)
at utils.Reporter.reportStep(Reporter.java:23)
at utils.Reporter.reportStep(Reporter.java:46)
at wrappers.GenericWrappers.takeSnap(GenericWrappers.java:860)
at utils.Reporter.reportStep(Reporter.java:23)
at utils.Reporter.reportStep(Reporter.java:46)
at wrappers.GenericWrappers.takeSnap(GenericWrappers.java:860)
at utils.Reporter.reportStep(Reporter.java:23)
at utils.Reporter.reportStep(Reporter.java:46)
at wrappers.GenericWrappers.takeSnap(GenericWrappers.java:860)
at utils.Reporter.reportStep(Reporter.java:23)
at utils.Reporter.reportStep(Reporter.java:46)
at wrappers.GenericWrappers.takeSnap(GenericWrappers.java:860)
at utils.Reporter.reportStep(Reporter.java:23)
at utils.Reporter.reportStep(Reporter.java:46)
at wrappers.GenericWrappers.takeSnap(GenericWrappers.java:860)
at utils.Reporter.reportStep(Reporter.java:23)
at utils.Reporter.reportStep(Reporter.java:46)
at wrappers.GenericWrappers.takeSnap(GenericWrappers.java:860)
at utils.Reporter.reportStep(Reporter.java:23)
at utils.Reporter.reportStep(Reporter.java:46)
at wrappers.GenericWrappers.takeSnap(GenericWrappers.java:860)
at utils.Reporter.reportStep(Reporter.java:23)
at utils.Reporter.reportStep(Reporter.java:46)
at wrappers.GenericWrappers.takeSnap(GenericWrappers.java:860)
at utils.Reporter.reportStep(Reporter.java:23)
at utils.Reporter.reportStep(Reporter.java:46)
at wrappers.GenericWrappers.takeSnap(GenericWrappers.java:860)
at utils.Reporter.reportStep(Reporter.java:23)
at utils.Reporter.reportStep(Reporter.java:46)
at wrappers.GenericWrappers.takeSnap(GenericWrappers.java:860)
at utils.Reporter.reportStep(Reporter.java:23)
at utils.Reporter.reportStep(Reporter.java:46)
at wrappers.GenericWrappers.takeSnap(GenericWrappers.java:860)
at utils.Reporter.reportStep(Reporter.java:23)
at utils.Reporter.reportStep(Reporter.java:46)
at wrappers.GenericWrappers.takeSnap(GenericWrappers.java:860)
at utils.Reporter.reportStep(Reporter.java:23)
at utils.Reporter.reportStep(Reporter.java:46)
at wrappers.GenericWrappers.takeSnap(GenericWrappers.java:860)
at utils.Reporter.reportStep(Reporter.java:23)
at utils.Reporter.reportStep(Reporter.java:46)
at wrappers.GenericWrappers.takeSnap(GenericWrappers.java:860)
at utils.Reporter.reportStep(Reporter.java:23)
at utils.Reporter.reportStep(Reporter.java:46)
at wrappers.GenericWrappers.takeSnap(GenericWrappers.java:860)
at utils.Reporter.reportStep(Reporter.java:23)
at utils.Reporter.reportStep(Reporter.java:46)
at wrappers.GenericWrappers.takeSnap(GenericWrappers.java:860)
at utils.Reporter.reportStep(Reporter.java:23)
at utils.Reporter.reportStep(Reporter.java:46)
at wrappers.GenericWrappers.takeSnap(GenericWrappers.java:860)
at utils.Reporter.reportStep(Reporter.java:23)
at utils.Reporter.reportStep(Reporter.java:46)
at wrappers.GenericWrappers.takeSnap(GenericWrappers.java:860)
at utils.Reporter.reportStep(Reporter.java:23)
at utils.Reporter.reportStep(Reporter.java:46)
at wrappers.GenericWrappers.takeSnap(GenericWrappers.java:860)
at utils.Reporter.reportStep(Reporter.java:23)
at utils.Reporter.reportStep(Reporter.java:46)
at wrappers.GenericWrappers.takeSnap(GenericWrappers.java:860)
at utils.Reporter.reportStep(Reporter.java:23)
at utils.Reporter.reportStep(Reporter.java:46)
at wrappers.GenericWrappers.takeSnap(GenericWrappers.java:860)
at utils.Reporter.reportStep(Reporter.java:23)
at utils.Reporter.reportStep(Reporter.java:46)
at wrappers.GenericWrappers.takeSnap(GenericWrappers.java:860)
at utils.Reporter.reportStep(Reporter.java:23)
at utils.Reporter.reportStep(Reporter.java:46)
at wrappers.GenericWrappers.takeSnap(GenericWrappers.java:860)
at utils.Reporter.reportStep(Reporter.java:23)
at utils.Reporter.reportStep(Reporter.java:46)
at wrappers.GenericWrappers.takeSnap(GenericWrappers.java:860)
at utils.Reporter.reportStep(Reporter.java:23)
at utils.Reporter.reportStep(Reporter.java:46)
at wrappers.GenericWrappers.takeSnap(GenericWrappers.java:860)
at utils.Reporter.reportStep(Reporter.java:23)
at utils.Reporter.reportStep(Reporter.java:46)
at wrappers.GenericWrappers.takeSnap(GenericWrappers.java:860)
at utils.Reporter.reportStep(Reporter.java:23)
at utils.Reporter.reportStep(Reporter.java:46)
at wrappers.GenericWrappers.takeSnap(GenericWrappers.java:860)
at utils.Reporter.reportStep(Reporter.java:23)
at utils.Reporter.reportStep(Reporter.java:46)
at wrappers.GenericWrappers.takeSnap(GenericWrappers.java:860)
at utils.Reporter.reportStep(Reporter.java:23)
at utils.Reporter.reportStep(Reporter.java:46)
at wrappers.GenericWrappers.takeSnap(GenericWrappers.java:860)
at utils.Reporter.reportStep(Reporter.java:23)
at utils.Reporter.reportStep(Reporter.java:46)
at wrappers.GenericWrappers.takeSnap(GenericWrappers.java:860)
at utils.Reporter.reportStep(Reporter.java:23)
at utils.Reporter.reportStep(Reporter.java:46)
at wrappers.GenericWrappers.takeSnap(GenericWrappers.java:860)
at utils.Reporter.reportStep(Reporter.java:23)
at utils.Reporter.reportStep(Reporter.java:46)
at wrappers.GenericWrappers.takeSnap(GenericWrappers.java:860)
at utils.Reporter.reportStep(Reporter.java:23)
at utils.Reporter.reportStep(Reporter.java:46)
at wrappers.GenericWrappers.takeSnap(GenericWrappers.java:860)
at utils.Reporter.reportStep(Reporter.java:23)
at utils.Reporter.reportStep(Reporter.java:46)
at wrappers.GenericWrappers.takeSnap(GenericWrappers.java:860)
at utils.Reporter.reportStep(Reporter.java:23)
at utils.Reporter.reportStep(Reporter.java:46)
at wrappers.GenericWrappers.takeSnap(GenericWrappers.java:860)
at utils.Reporter.reportStep(Reporter.java:23)
at utils.Reporter.reportStep(Reporter.java:46)
at wrappers.GenericWrappers.takeSnap(GenericWrappers.java:860)
at utils.Reporter.reportStep(Reporter.java:23)
at utils.Reporter.reportStep(Reporter.java:46)
at wrappers.GenericWrappers.takeSnap(GenericWrappers.java:860)
at utils.Reporter.reportStep(Reporter.java:23)
at utils.Reporter.reportStep(Reporter.java:46)
at wrappers.GenericWrappers.takeSnap(GenericWrappers.java:860)
at utils.Reporter.reportStep(Reporter.java:23)
at utils.Reporter.reportStep(Reporter.java:46)
at wrappers.GenericWrappers.takeSnap(GenericWrappers.java:860)
at utils.Reporter.reportStep(Reporter.java:23)
at utils.Reporter.reportStep(Reporter.java:46)
at wrappers.GenericWrappers.takeSnap(GenericWrappers.java:860)
at utils.Reporter.reportStep(Reporter.java:23)
at utils.Reporter.reportStep(Reporter.java:46)
at wrappers.GenericWrappers.takeSnap(GenericWrappers.java:860)
at utils.Reporter.reportStep(Reporter.java:23)
at utils.Reporter.reportStep(Reporter.java:46)
at wrappers.GenericWrappers.takeSnap(GenericWrappers.java:860)
at utils.Reporter.reportStep(Reporter.java:23)
at utils.Reporter.reportStep(Reporter.java:46)
at wrappers.GenericWrappers.takeSnap(GenericWrappers.java:860)
at utils.Reporter.reportStep(Reporter.java:23)
at utils.Reporter.reportStep(Reporter.java:46)
at wrappers.GenericWrappers.takeSnap(GenericWrappers.java:860)
at utils.Reporter.reportStep(Reporter.java:23)
at utils.Reporter.reportStep(Reporter.java:46)
at wrappers.GenericWrappers.takeSnap(GenericWrappers.java:860)
]]>
            </full-stacktrace>
          </exception> <!-- java.lang.StackOverflowError -->
          <reporter-output>
          </reporter-output>
        </test-method> <!-- afterMethod -->
        <test-method signature="verifyLoginIn(java.lang.String,java.lang.String)[pri:2, instance:testcases.TC002_Login@475c9c31]" started-at="2023-07-10T19:08:25 IST" name="verifyLoginIn" data-provider="fetchData" finished-at="2023-07-10T19:08:27 IST" duration-ms="1976" status="FAIL">
          <exception class="org.testng.internal.reflect.MethodMatcherException">
            <message>
              <![CDATA[
[public void testcases.TC002_Login.verifyLoginIn(java.lang.String,java.lang.String) throws java.lang.InterruptedException] has no parameters defined but was found to be using a data provider (either explicitly specified or inherited from class level annotation).
Data provider mismatch
Method: verifyLoginIn([java.lang.String arg0, java.lang.String arg1])
Arguments: [(java.lang.String) sson@mailinator.com,(java.lang.String) Password1,(java.lang.String) Fountain Valley,(java.lang.String) 92708]]]>
            </message>
            <full-stacktrace>
              <![CDATA[org.testng.internal.reflect.MethodMatcherException: 
[public void testcases.TC002_Login.verifyLoginIn(java.lang.String,java.lang.String) throws java.lang.InterruptedException] has no parameters defined but was found to be using a data provider (either explicitly specified or inherited from class level annotation).
Data provider mismatch
Method: verifyLoginIn([java.lang.String arg0, java.lang.String arg1])
Arguments: [(java.lang.String) sson@mailinator.com,(java.lang.String) Password1,(java.lang.String) Fountain Valley,(java.lang.String) 92708]
at org.testng.internal.reflect.DataProviderMethodMatcher.getConformingArguments(DataProviderMethodMatcher.java:46)
at org.testng.internal.Parameters.injectParameters(Parameters.java:909)
at org.testng.internal.invokers.MethodRunner.runInSequence(MethodRunner.java:37)
at org.testng.internal.invokers.TestInvoker$MethodInvocationAgent.invoke(TestInvoker.java:957)
at org.testng.internal.invokers.TestInvoker.invokeTestMethods(TestInvoker.java:200)
at org.testng.internal.invokers.TestMethodWorker.invokeTestMethods(TestMethodWorker.java:148)
at org.testng.internal.invokers.TestMethodWorker.run(TestMethodWorker.java:128)
at java.base/java.util.ArrayList.forEach(ArrayList.java:1511)
at org.testng.TestRunner.privateRun(TestRunner.java:848)
at org.testng.TestRunner.run(TestRunner.java:621)
at org.testng.SuiteRunner.runTest(SuiteRunner.java:443)
at org.testng.SuiteRunner.runSequentially(SuiteRunner.java:437)
at org.testng.SuiteRunner.privateRun(SuiteRunner.java:397)
at org.testng.SuiteRunner.run(SuiteRunner.java:336)
at org.testng.SuiteRunnerWorker.runSuite(SuiteRunnerWorker.java:52)
at org.testng.SuiteRunnerWorker.run(SuiteRunnerWorker.java:95)
at org.testng.TestNG.runSuitesSequentially(TestNG.java:1280)
at org.testng.TestNG.runSuitesLocally(TestNG.java:1200)
at org.testng.TestNG.runSuites(TestNG.java:1114)
at org.testng.TestNG.run(TestNG.java:1082)
at org.testng.remote.AbstractRemoteTestNG.run(AbstractRemoteTestNG.java:115)
at org.testng.remote.RemoteTestNG.initAndRun(RemoteTestNG.java:251)
at org.testng.remote.RemoteTestNG.main(RemoteTestNG.java:77)
]]>
            </full-stacktrace>
          </exception> <!-- org.testng.internal.reflect.MethodMatcherException -->
          <reporter-output>
          </reporter-output>
        </test-method> <!-- verifyLoginIn -->
        <test-method is-config="true" signature="afterTest()[pri:0, instance:testcases.TC002_Login@475c9c31]" started-at="2023-07-10T19:08:27 IST" name="afterTest" finished-at="2023-07-10T19:08:28 IST" duration-ms="1181" status="PASS">
          <reporter-output>
          </reporter-output>
        </test-method> <!-- afterTest -->
      </class> <!-- testcases.TC002_Login -->
    </test> <!-- Login -->
  </suite> <!-- KIA-CWP -->
</testng-results>
