<?xml version="1.0" encoding="UTF-8"?>
<testng-results ignored="0" total="2" passed="2" failed="0" skipped="0">
  <reporter-output>
  </reporter-output>
  <suite started-at="2023-07-24T22:24:31 IST" name="KIA-CWP" finished-at="2023-07-24T22:24:52 IST" duration-ms="20613">
    <groups>
    </groups>
    <test started-at="2023-07-24T22:24:31 IST" name="Login" finished-at="2023-07-24T22:24:52 IST" duration-ms="20613">
      <class name="testcases.TC002_Login">
        <test-method is-config="true" signature="beforeTest()[pri:0, instance:testcases.TC002_Login@1d8bd0de]" started-at="2023-07-24T22:24:31 IST" name="beforeTest" finished-at="2023-07-24T22:24:31 IST" duration-ms="60" status="PASS">
          <reporter-output>
          </reporter-output>
        </test-method> <!-- beforeTest -->
        <test-method is-config="true" signature="beforeClass(org.testng.ITestContext,java.lang.String,java.lang.String,java.lang.String,java.lang.String,java.lang.String)[pri:0, instance:testcases.TC002_Login@1d8bd0de]" started-at="2023-07-24T22:24:31 IST" name="beforeClass" finished-at="2023-07-24T22:24:31 IST" duration-ms="2" status="PASS">
          <params>
            <param index="0">
              <value>
                <![CDATA[org.testng.TestRunner@5f7989fa]]>
              </value>
            </param>
            <param index="1">
              <value>
                <![CDATA[chrome]]>
              </value>
            </param>
            <param index="2">
              <value>
                <![CDATA[Login]]>
              </value>
            </param>
            <param index="3">
              <value>
                <![CDATA[Login - Smoke Test]]>
              </value>
            </param>
            <param index="4">
              <value>
                <![CDATA[Smoke Testing]]>
              </value>
            </param>
            <param index="5">
              <value>
                <![CDATA[HAEA-KIA]]>
              </value>
            </param>
          </params>
          <reporter-output>
          </reporter-output>
        </test-method> <!-- beforeClass -->
        <test-method is-config="true" signature="beforeMethod(java.lang.reflect.Method,java.lang.String,java.lang.String,java.lang.String)[pri:0, instance:testcases.TC002_Login@1d8bd0de]" started-at="2023-07-24T22:24:31 IST" name="beforeMethod" finished-at="2023-07-24T22:24:40 IST" duration-ms="8719" status="PASS">
          <params>
            <param index="0">
              <value>
                <![CDATA[public void testcases.TC002_Login.verifySignInIsDisplayed()]]>
              </value>
            </param>
            <param index="1">
              <value>
                <![CDATA[chrome]]>
              </value>
            </param>
            <param index="2">
              <value>
                <![CDATA[Smoke Testing]]>
              </value>
            </param>
            <param index="3">
              <value>
                <![CDATA[HAEA-KIA]]>
              </value>
            </param>
          </params>
          <reporter-output>
          </reporter-output>
        </test-method> <!-- beforeMethod -->
        <test-method signature="verifySignInIsDisplayed()[pri:1, instance:testcases.TC002_Login@1d8bd0de]" started-at="2023-07-24T22:24:40 IST" name="verifySignInIsDisplayed" finished-at="2023-07-24T22:24:41 IST" duration-ms="1522" status="PASS">
          <reporter-output>
          </reporter-output>
        </test-method> <!-- verifySignInIsDisplayed -->
        <test-method is-config="true" signature="afterMethod()[pri:0, instance:testcases.TC002_Login@1d8bd0de]" started-at="2023-07-24T22:24:41 IST" name="afterMethod" finished-at="2023-07-24T22:24:42 IST" duration-ms="70" status="PASS">
          <reporter-output>
          </reporter-output>
        </test-method> <!-- afterMethod -->
        <test-method is-config="true" signature="beforeMethod(java.lang.reflect.Method,java.lang.String,java.lang.String,java.lang.String)[pri:0, instance:testcases.TC002_Login@1d8bd0de]" started-at="2023-07-24T22:24:42 IST" name="beforeMethod" finished-at="2023-07-24T22:24:46 IST" duration-ms="4541" status="PASS">
          <params>
            <param index="0">
              <value>
                <![CDATA[public void testcases.TC002_Login.verifyLoginIn(java.lang.String,java.lang.String) throws java.lang.InterruptedException]]>
              </value>
            </param>
            <param index="1">
              <value>
                <![CDATA[chrome]]>
              </value>
            </param>
            <param index="2">
              <value>
                <![CDATA[Smoke Testing]]>
              </value>
            </param>
            <param index="3">
              <value>
                <![CDATA[HAEA-KIA]]>
              </value>
            </param>
          </params>
          <reporter-output>
          </reporter-output>
        </test-method> <!-- beforeMethod -->
        <test-method signature="verifyLoginIn(java.lang.String,java.lang.String)[pri:2, instance:testcases.TC002_Login@1d8bd0de]" started-at="2023-07-24T22:24:46 IST" name="verifyLoginIn" data-provider="fetchData" finished-at="2023-07-24T22:24:52 IST" duration-ms="5189" status="PASS">
          <params>
            <param index="0">
              <value>
                <![CDATA[sson@mailinator.com]]>
              </value>
            </param>
            <param index="1">
              <value>
                <![CDATA[Password1]]>
              </value>
            </param>
          </params>
          <reporter-output>
          </reporter-output>
        </test-method> <!-- verifyLoginIn -->
        <test-method is-config="true" signature="afterMethod()[pri:0, instance:testcases.TC002_Login@1d8bd0de]" started-at="2023-07-24T22:24:52 IST" name="afterMethod" finished-at="2023-07-24T22:24:52 IST" duration-ms="63" status="PASS">
          <reporter-output>
          </reporter-output>
        </test-method> <!-- afterMethod -->
        <test-method is-config="true" signature="afterTest()[pri:0, instance:testcases.TC002_Login@1d8bd0de]" started-at="2023-07-24T22:24:52 IST" name="afterTest" finished-at="2023-07-24T22:24:52 IST" duration-ms="97" status="PASS">
          <reporter-output>
          </reporter-output>
        </test-method> <!-- afterTest -->
      </class> <!-- testcases.TC002_Login -->
    </test> <!-- Login -->
  </suite> <!-- KIA-CWP -->
</testng-results>
